Wed Feb 19 17:54:07 2025 [1740009247136 msec] (8140 s) Thread 4 - [AdminCommands] INFO - Hue Gibbet used '/setgodmode' on (null) with params 'hue off'
Wed Feb 19 17:54:10 2025 [1740009250300 msec] (8143 s) Thread 9 - [AdminCommands] INFO - Hue Gibbet used '/setgodmode' on (null) with params 'hue on'
Wed Feb 19 17:54:49 2025 [1740009289169 msec] (8182 s) Thread 4 - [AdminCommands] INFO - Gaelan Starfire used '/setgodmode' on (null) with params 'duezo on'
Wed Feb 19 17:54:55 2025 [1740009295638 msec] (8189 s) Thread 4 - [AdminCommands] INFO - Gaelan Starfire used '/setgodmode' on (null) with params 'durzo on'
Wed Feb 19 17:56:49 2025 [1740009409948 msec] (8303 s) Thread 6 - [AdminCommands] INFO - Hue Gibbet used '/teleport' on (null) with params ''
Wed Feb 19 17:56:55 2025 [1740009415876 msec] (8309 s) Thread 6 - [AdminCommands] INFO - Hue Gibbet used '/teleportto' on (null) with params 'durzo'
Wed Feb 19 17:57:37 2025 [1740009457180 msec] (8350 s) Thread 9 - [AdminCommands] INFO - Hue Gibbet used '/teleportto' on (null) with params 'gaelan'
Wed Feb 19 18:11:24 2025 [1740010284620 msec] (9178 s) Thread 3 - [AdminCommands] INFO - Feir Cousat used '/object' on (null) with params 'createitem object/tangible/wearables/armor/bounty_hunter/armor_bounty_hunter_bicep_r.iff'
Wed Feb 19 18:11:29 2025 [1740010289342 msec] (9182 s) Thread 8 - [AdminCommands] INFO - Feir Cousat used '/object' on (null) with params 'createitem object/tangible/wearables/armor/bounty_hunter/armor_bounty_hunter_bicep_r.iff'
Wed Feb 19 18:11:30 2025 [1740010290937 msec] (9184 s) Thread 8 - [AdminCommands] INFO - Feir Cousat used '/object' on (null) with params 'createitem object/tangible/wearables/armor/bounty_hunter/armor_bounty_hunter_bicep_r.iff'
Wed Feb 19 18:11:33 2025 [1740010293848 msec] (9187 s) Thread 4 - [AdminCommands] INFO - Feir Cousat used '/object' on (null) with params 'createitem object/tangible/wearables/armor/bounty_hunter/armor_bounty_hunter_bicep_r.iff'
Wed Feb 19 18:11:35 2025 [1740010295350 msec] (9188 s) Thread 4 - [AdminCommands] INFO - Feir Cousat used '/object' on (null) with params 'createitem object/tangible/wearables/armor/bounty_hunter/armor_bounty_hunter_bicep_r.iff'
Wed Feb 19 18:11:39 2025 [1740010299307 msec] (9192 s) Thread 7 - [AdminCommands] INFO - Feir Cousat used '/object' on (null) with params 'createitem object/tangible/wearables/armor/bounty_hunter/armor_bounty_hunter_bicep_r.iff'
Wed Feb 19 18:11:55 2025 [1740010315407 msec] (9208 s) Thread 10 - [AdminCommands] INFO - Feir Cousat used '/object' on (null) with params 'createitem object/tangible/wearables/armor/bounty_hunter/armor_bounty_hunter_chest_plate.iff'
Wed Feb 19 18:11:56 2025 [1740010316764 msec] (9210 s) Thread 3 - [AdminCommands] INFO - Feir Cousat used '/object' on (null) with params 'createitem object/tangible/wearables/armor/bounty_hunter/armor_bounty_hunter_chest_plate.iff'
Wed Feb 19 18:11:58 2025 [1740010318015 msec] (9211 s) Thread 8 - [AdminCommands] INFO - Feir Cousat used '/object' on (null) with params 'createitem object/tangible/wearables/armor/bounty_hunter/armor_bounty_hunter_chest_plate.iff'
Wed Feb 19 18:11:59 2025 [1740010319368 msec] (9212 s) Thread 5 - [AdminCommands] INFO - Feir Cousat used '/object' on (null) with params 'createitem object/tangible/wearables/armor/bounty_hunter/armor_bounty_hunter_chest_plate.iff'
Wed Feb 19 18:12:00 2025 [1740010320597 msec] (9214 s) Thread 4 - [AdminCommands] INFO - Feir Cousat used '/object' on (null) with params 'createitem object/tangible/wearables/armor/bounty_hunter/armor_bounty_hunter_chest_plate.iff'
Wed Feb 19 18:12:01 2025 [1740010321891 msec] (9215 s) Thread 6 - [AdminCommands] INFO - Feir Cousat used '/object' on (null) with params 'createitem object/tangible/wearables/armor/bounty_hunter/armor_bounty_hunter_chest_plate.iff'
Wed Feb 19 18:12:18 2025 [1740010338783 msec] (9232 s) Thread 5 - [AdminCommands] INFO - Feir Cousat used '/object' on (null) with params 'createloot death_watch_bunker_ingredient_binary'
Wed Feb 19 18:12:19 2025 [1740010339786 msec] (9233 s) Thread 5 - [AdminCommands] INFO - Feir Cousat used '/object' on (null) with params 'createloot death_watch_bunker_ingredient_protective'
Wed Feb 19 18:12:20 2025 [1740010340790 msec] (9234 s) Thread 7 - [AdminCommands] INFO - Feir Cousat used '/object' on (null) with params 'createitem object/tangible/loot/dungeon/death_watch_bunker/mining_drill_reward.iff'
Wed Feb 19 18:12:24 2025 [1740010344950 msec] (9238 s) Thread 9 - [AdminCommands] INFO - Feir Cousat used '/object' on (null) with params 'createloot death_watch_bunker_ingredient_binary'
Wed Feb 19 18:12:25 2025 [1740010345901 msec] (9239 s) Thread 10 - [AdminCommands] INFO - Feir Cousat used '/object' on (null) with params 'createloot death_watch_bunker_ingredient_protective'
Wed Feb 19 18:12:26 2025 [1740010346904 msec] (9240 s) Thread 4 - [AdminCommands] INFO - Feir Cousat used '/object' on (null) with params 'createitem object/tangible/loot/dungeon/death_watch_bunker/mining_drill_reward.iff'
Wed Feb 19 18:12:28 2025 [1740010348609 msec] (9242 s) Thread 3 - [AdminCommands] INFO - Feir Cousat used '/object' on (null) with params 'createloot death_watch_bunker_ingredient_binary'
Wed Feb 19 18:12:29 2025 [1740010349613 msec] (9243 s) Thread 10 - [AdminCommands] INFO - Feir Cousat used '/object' on (null) with params 'createloot death_watch_bunker_ingredient_protective'
Wed Feb 19 18:12:30 2025 [1740010350620 msec] (9244 s) Thread 6 - [AdminCommands] INFO - Feir Cousat used '/object' on (null) with params 'createitem object/tangible/loot/dungeon/death_watch_bunker/mining_drill_reward.iff'
Wed Feb 19 18:12:32 2025 [1740010352175 msec] (9245 s) Thread 5 - [AdminCommands] INFO - Feir Cousat used '/object' on (null) with params 'createloot death_watch_bunker_ingredient_binary'
Wed Feb 19 18:12:33 2025 [1740010353173 msec] (9246 s) Thread 8 - [AdminCommands] INFO - Feir Cousat used '/object' on (null) with params 'createloot death_watch_bunker_ingredient_protective'
Wed Feb 19 18:12:34 2025 [1740010354177 msec] (9247 s) Thread 3 - [AdminCommands] INFO - Feir Cousat used '/object' on (null) with params 'createitem object/tangible/loot/dungeon/death_watch_bunker/mining_drill_reward.iff'
Wed Feb 19 18:12:35 2025 [1740010355284 msec] (9248 s) Thread 4 - [AdminCommands] INFO - Feir Cousat used '/object' on (null) with params 'createloot death_watch_bunker_ingredient_binary'
Wed Feb 19 18:12:36 2025 [1740010356241 msec] (9249 s) Thread 10 - [AdminCommands] INFO - Feir Cousat used '/object' on (null) with params 'createloot death_watch_bunker_ingredient_protective'
Wed Feb 19 18:12:37 2025 [1740010357288 msec] (9250 s) Thread 5 - [AdminCommands] INFO - Feir Cousat used '/object' on (null) with params 'createitem object/tangible/loot/dungeon/death_watch_bunker/mining_drill_reward.iff'
Wed Feb 19 18:12:38 2025 [1740010358942 msec] (9252 s) Thread 7 - [AdminCommands] INFO - Feir Cousat used '/object' on (null) with params 'createloot death_watch_bunker_ingredient_binary'
Wed Feb 19 18:12:39 2025 [1740010359947 msec] (9253 s) Thread 7 - [AdminCommands] INFO - Feir Cousat used '/object' on (null) with params 'createloot death_watch_bunker_ingredient_protective'
Wed Feb 19 18:12:40 2025 [1740010360948 msec] (9254 s) Thread 8 - [AdminCommands] INFO - Feir Cousat used '/object' on (null) with params 'createitem object/tangible/loot/dungeon/death_watch_bunker/mining_drill_reward.iff'
Wed Feb 19 18:12:42 2025 [1740010362102 msec] (9255 s) Thread 9 - [AdminCommands] INFO - Feir Cousat used '/object' on (null) with params 'createloot death_watch_bunker_ingredient_binary'
Wed Feb 19 18:12:43 2025 [1740010363105 msec] (9256 s) Thread 5 - [AdminCommands] INFO - Feir Cousat used '/object' on (null) with params 'createloot death_watch_bunker_ingredient_protective'
Wed Feb 19 18:12:44 2025 [1740010364119 msec] (9257 s) Thread 5 - [AdminCommands] INFO - Feir Cousat used '/object' on (null) with params 'createitem object/tangible/loot/dungeon/death_watch_bunker/mining_drill_reward.iff'
Wed Feb 19 18:12:45 2025 [1740010365312 msec] (9258 s) Thread 7 - [AdminCommands] INFO - Feir Cousat used '/object' on (null) with params 'createloot death_watch_bunker_ingredient_binary'
Wed Feb 19 18:12:46 2025 [1740010366272 msec] (9259 s) Thread 7 - [AdminCommands] INFO - Feir Cousat used '/object' on (null) with params 'createloot death_watch_bunker_ingredient_protective'
Wed Feb 19 18:12:47 2025 [1740010367319 msec] (9260 s) Thread 6 - [AdminCommands] INFO - Feir Cousat used '/object' on (null) with params 'createitem object/tangible/loot/dungeon/death_watch_bunker/mining_drill_reward.iff'
Wed Feb 19 18:12:50 2025 [1740010370644 msec] (9264 s) Thread 4 - [AdminCommands] INFO - Feir Cousat used '/object' on (null) with params 'createloot death_watch_bunker_ingredient_binary'
Wed Feb 19 18:12:51 2025 [1740010371650 msec] (9265 s) Thread 5 - [AdminCommands] INFO - Feir Cousat used '/object' on (null) with params 'createloot death_watch_bunker_ingredient_protective'
Wed Feb 19 18:12:52 2025 [1740010372743 msec] (9266 s) Thread 8 - [AdminCommands] INFO - Feir Cousat used '/object' on (null) with params 'createitem object/tangible/loot/dungeon/death_watch_bunker/mining_drill_reward.iff'
Wed Feb 19 18:12:54 2025 [1740010374615 msec] (9268 s) Thread 6 - [AdminCommands] INFO - Feir Cousat used '/object' on (null) with params 'createloot death_watch_bunker_ingredient_binary'
Wed Feb 19 18:12:55 2025 [1740010375753 msec] (9269 s) Thread 10 - [AdminCommands] INFO - Feir Cousat used '/object' on (null) with params 'createloot death_watch_bunker_ingredient_protective'
Wed Feb 19 18:12:56 2025 [1740010376655 msec] (9270 s) Thread 5 - [AdminCommands] INFO - Feir Cousat used '/object' on (null) with params 'createitem object/tangible/loot/dungeon/death_watch_bunker/mining_drill_reward.iff'
Wed Feb 19 18:12:59 2025 [1740010379063 msec] (9272 s) Thread 9 - [AdminCommands] INFO - Feir Cousat used '/object' on (null) with params 'createloot death_watch_bunker_ingredient_binary'
Wed Feb 19 18:13:00 2025 [1740010380680 msec] (9274 s) Thread 9 - [AdminCommands] INFO - Feir Cousat used '/object' on (null) with params 'createloot death_watch_bunker_ingredient_protective'
Wed Feb 19 18:13:01 2025 [1740010381060 msec] (9274 s) Thread 8 - [AdminCommands] INFO - Feir Cousat used '/object' on (null) with params 'createitem object/tangible/loot/dungeon/death_watch_bunker/mining_drill_reward.iff'
Wed Feb 19 18:13:04 2025 [1740010384029 msec] (9277 s) Thread 9 - [AdminCommands] INFO - Feir Cousat used '/object' on (null) with params 'createloot death_watch_bunker_ingredient_binary'
Wed Feb 19 18:13:05 2025 [1740010385081 msec] (9278 s) Thread 6 - [AdminCommands] INFO - Feir Cousat used '/object' on (null) with params 'createloot death_watch_bunker_ingredient_protective'
Wed Feb 19 18:13:06 2025 [1740010386050 msec] (9279 s) Thread 3 - [AdminCommands] INFO - Feir Cousat used '/object' on (null) with params 'createitem object/tangible/loot/dungeon/death_watch_bunker/mining_drill_reward.iff'
Wed Feb 19 18:13:09 2025 [1740010389014 msec] (9282 s) Thread 6 - [AdminCommands] INFO - Feir Cousat used '/object' on (null) with params 'createloot death_watch_bunker_ingredient_binary'
Wed Feb 19 18:13:10 2025 [1740010390047 msec] (9283 s) Thread 7 - [AdminCommands] INFO - Feir Cousat used '/object' on (null) with params 'createloot death_watch_bunker_ingredient_protective'
Wed Feb 19 18:13:11 2025 [1740010391110 msec] (9284 s) Thread 6 - [AdminCommands] INFO - Feir Cousat used '/object' on (null) with params 'createitem object/tangible/loot/dungeon/death_watch_bunker/mining_drill_reward.iff'
Wed Feb 19 18:16:40 2025 [1740010600205 msec] (9493 s) Thread 6 - [AdminCommands] INFO - Feir Cousat used '/invulnerable' on (null) with params ''
Wed Feb 19 18:16:41 2025 [1740010601358 msec] (9494 s) Thread 10 - [AdminCommands] INFO - Feir Cousat used '/invulnerable' on (null) with params ''
Wed Feb 19 18:16:49 2025 [1740010609036 msec] (9502 s) Thread 6 - [AdminCommands] INFO - Feir Cousat used '/teleport' on (null) with params '-230 -221.2 endor -88 5996373'
Wed Feb 19 18:17:45 2025 [1740010665122 msec] (9558 s) Thread 3 - [AdminCommands] INFO - Feir Cousat used '/createcreature' on (null) with params 'boba_fett'
Wed Feb 19 18:18:01 2025 [1740010681165 msec] (9574 s) Thread 10 - [AdminCommands] INFO - Feir Cousat used '/createcreature' on (null) with params 'boba_fett'
Wed Feb 19 18:19:43 2025 [1740010783110 msec] (9676 s) Thread 9 - [AdminCommands] INFO - Feir Cousat used '/teleport' on (null) with params '-230 -221.2 endor -88 5996373'
Wed Feb 19 18:22:04 2025 [1740010924770 msec] (9818 s) Thread 10 - [AdminCommands] INFO - Feir Cousat used '/teleport' on (null) with params '-226.9 -124.8 endor -88 5996367'
Wed Feb 19 18:25:29 2025 [1740011129053 msec] (10022 s) Thread 5 - [AdminCommands] INFO - Feir Cousat used '/createcreature' on (null) with params 'boba_fett'
Wed Feb 19 18:26:43 2025 [1740011203350 msec] (10096 s) Thread 6 - [AdminCommands] INFO - Feir Cousat used '/teleport' on (null) with params '-230 -221.2 endor -88 5996373'
Wed Feb 19 18:28:08 2025 [1740011288778 msec] (10182 s) Thread 8 - [AdminCommands] INFO - Jinn used '/credits' on (null) with params 'add jinn 5000000 bank'
Wed Feb 19 18:28:17 2025 [1740011297711 msec] (10191 s) Thread 3 - [AdminCommands] INFO - Jinn used '/credits' on Jinn(Player) with params 'add 5000000 bank'
Wed Feb 19 18:31:47 2025 [1740011507262 msec] (10400 s) Thread 5 - [AdminCommands] INFO - Feir Cousat used '/teleportto' on (null) with params 'hue'
Wed Feb 19 20:13:55 2025 [1740017635664 msec] (16529 s) Thread 5 - [AdminCommands] INFO - Jinn used '/object' on (null) with params 'createloot clothing_attachments 500'
Wed Feb 19 20:14:01 2025 [1740017641848 msec] (16535 s) Thread 5 - [AdminCommands] INFO - Jinn used '/object' on (null) with params 'createloot clothing_attachments 500'
Wed Feb 19 20:14:08 2025 [1740017648179 msec] (16541 s) Thread 5 - [AdminCommands] INFO - Jinn used '/object' on (null) with params 'createloot clothing_attachments 500'
Wed Feb 19 20:14:19 2025 [1740017659264 msec] (16552 s) Thread 8 - [AdminCommands] INFO - Jinn used '/object' on (null) with params 'createloot clothing_attachments 500'
Wed Feb 19 20:14:31 2025 [1740017671574 msec] (16565 s) Thread 9 - [AdminCommands] INFO - Jinn used '/object' on (null) with params 'createloot clothing_attachments 500'
Wed Feb 19 20:14:36 2025 [1740017676806 msec] (16570 s) Thread 6 - [AdminCommands] INFO - Jinn used '/object' on (null) with params 'createloot clothing_attachments 500'
Wed Feb 19 20:14:43 2025 [1740017683215 msec] (16576 s) Thread 5 - [AdminCommands] INFO - Jinn used '/object' on (null) with params 'createloot clothing_attachments 500'
Wed Feb 19 20:14:48 2025 [1740017688797 msec] (16582 s) Thread 4 - [AdminCommands] INFO - Jinn used '/object' on (null) with params 'createloot clothing_attachments 500'
Wed Feb 19 20:14:55 2025 [1740017695778 msec] (16589 s) Thread 5 - [AdminCommands] INFO - Jinn used '/object' on (null) with params 'createloot clothing_attachments 500'
Wed Feb 19 20:15:01 2025 [1740017701502 msec] (16595 s) Thread 8 - [AdminCommands] INFO - Jinn used '/object' on (null) with params 'createloot clothing_attachments 500'
Wed Feb 19 20:15:07 2025 [1740017707493 msec] (16601 s) Thread 8 - [AdminCommands] INFO - Jinn used '/object' on (null) with params 'createloot clothing_attachments 500'
Wed Feb 19 20:15:14 2025 [1740017714934 msec] (16608 s) Thread 6 - [AdminCommands] INFO - Jinn used '/object' on (null) with params 'createloot clothing_attachments 500'
Wed Feb 19 20:15:21 2025 [1740017721474 msec] (16614 s) Thread 4 - [AdminCommands] INFO - Jinn used '/object' on (null) with params 'createloot clothing_attachments 500'
Wed Feb 19 20:15:27 2025 [1740017727373 msec] (16620 s) Thread 6 - [AdminCommands] INFO - Jinn used '/object' on (null) with params 'createloot clothing_attachments 500'
Wed Feb 19 20:15:33 2025 [1740017733035 msec] (16626 s) Thread 8 - [AdminCommands] INFO - Jinn used '/object' on (null) with params 'createloot clothing_attachments 500'
Wed Feb 19 20:15:39 2025 [1740017739365 msec] (16632 s) Thread 4 - [AdminCommands] INFO - Jinn used '/object' on (null) with params 'createloot clothing_attachments 500'
Wed Feb 19 20:15:44 2025 [1740017744395 msec] (16637 s) Thread 3 - [AdminCommands] INFO - Jinn used '/object' on (null) with params 'createloot clothing_attachments 500'
Wed Feb 19 20:15:51 2025 [1740017751004 msec] (16644 s) Thread 4 - [AdminCommands] INFO - Jinn used '/object' on (null) with params 'createloot clothing_attachments 500'
Wed Feb 19 20:15:57 2025 [1740017757307 msec] (16650 s) Thread 3 - [AdminCommands] INFO - Jinn used '/object' on (null) with params 'createloot clothing_attachments 500'
Wed Feb 19 20:16:03 2025 [1740017763032 msec] (16656 s) Thread 3 - [AdminCommands] INFO - Jinn used '/object' on (null) with params 'createloot clothing_attachments 500'
Wed Feb 19 20:16:10 2025 [1740017770909 msec] (16664 s) Thread 3 - [AdminCommands] INFO - Jinn used '/object' on (null) with params 'createloot clothing_attachments 500'
Wed Feb 19 20:16:17 2025 [1740017777339 msec] (16670 s) Thread 8 - [AdminCommands] INFO - Jinn used '/object' on (null) with params 'createloot clothing_attachments 500'
Wed Feb 19 20:16:27 2025 [1740017787983 msec] (16681 s) Thread 10 - [AdminCommands] INFO - Jinn used '/object' on (null) with params 'createloot clothing_attachments 500'
Wed Feb 19 20:16:33 2025 [1740017793355 msec] (16686 s) Thread 6 - [AdminCommands] INFO - Jinn used '/object' on (null) with params 'createloot clothing_attachments 500'
Wed Feb 19 20:16:38 2025 [1740017798792 msec] (16692 s) Thread 8 - [AdminCommands] INFO - Jinn used '/object' on (null) with params 'createloot clothing_attachments 500'
Wed Feb 19 20:16:44 2025 [1740017804412 msec] (16697 s) Thread 6 - [AdminCommands] INFO - Jinn used '/object' on (null) with params 'createloot clothing_attachments 500'
Wed Feb 19 20:16:52 2025 [1740017812236 msec] (16705 s) Thread 8 - [AdminCommands] INFO - Jinn used '/object' on (null) with params 'createloot clothing_attachments 500'
Wed Feb 19 20:16:57 2025 [1740017817619 msec] (16711 s) Thread 8 - [AdminCommands] INFO - Jinn used '/object' on (null) with params 'createloot clothing_attachments 500'
Wed Feb 19 20:17:07 2025 [1740017827157 msec] (16720 s) Thread 10 - [AdminCommands] INFO - Jinn used '/object' on (null) with params 'createloot clothing_attachments 500'
Wed Feb 19 20:17:16 2025 [1740017836156 msec] (16729 s) Thread 5 - [AdminCommands] INFO - Jinn used '/object' on (null) with params 'createloot clothing_attachments 500'
Wed Feb 19 20:17:21 2025 [1740017841863 msec] (16735 s) Thread 7 - [AdminCommands] INFO - Jinn used '/object' on (null) with params 'createloot clothing_attachments 500'
Wed Feb 19 20:17:26 2025 [1740017846868 msec] (16740 s) Thread 6 - [AdminCommands] INFO - Jinn used '/object' on (null) with params 'createloot clothing_attachments 500'
Wed Feb 19 20:17:32 2025 [1740017852639 msec] (16746 s) Thread 3 - [AdminCommands] INFO - Jinn used '/object' on (null) with params 'createloot clothing_attachments 500'
Wed Feb 19 20:17:38 2025 [1740017858954 msec] (16752 s) Thread 10 - [AdminCommands] INFO - Jinn used '/object' on (null) with params 'createloot clothing_attachments 500'
Wed Feb 19 20:17:43 2025 [1740017863259 msec] (16756 s) Thread 5 - [AdminCommands] INFO - Jinn used '/object' on (null) with params 'createloot clothing_attachments 500'
Wed Feb 19 20:17:49 2025 [1740017869909 msec] (16763 s) Thread 3 - [AdminCommands] INFO - Jinn used '/object' on (null) with params 'createloot clothing_attachments 500'
Wed Feb 19 20:17:55 2025 [1740017875223 msec] (16768 s) Thread 3 - [AdminCommands] INFO - Jinn used '/object' on (null) with params 'createloot clothing_attachments 500'
Wed Feb 19 20:18:05 2025 [1740017885591 msec] (16779 s) Thread 4 - [AdminCommands] INFO - Jinn used '/object' on (null) with params 'createloot clothing_attachments 500'
Wed Feb 19 20:18:16 2025 [1740017896951 msec] (16790 s) Thread 8 - [AdminCommands] INFO - Jinn used '/object' on (null) with params 'createloot clothing_attachments 500'
Wed Feb 19 20:18:27 2025 [1740017907690 msec] (16801 s) Thread 7 - [AdminCommands] INFO - Jinn used '/object' on (null) with params 'createloot clothing_attachments 500'
Wed Feb 19 20:18:33 2025 [1740017913029 msec] (16806 s) Thread 8 - [AdminCommands] INFO - Jinn used '/object' on (null) with params 'createloot clothing_attachments 500'
Wed Feb 19 20:18:37 2025 [1740017917749 msec] (16811 s) Thread 9 - [AdminCommands] INFO - Jinn used '/object' on (null) with params 'createloot clothing_attachments 500'
Wed Feb 19 20:18:43 2025 [1740017923679 msec] (16817 s) Thread 6 - [AdminCommands] INFO - Jinn used '/object' on (null) with params 'createloot clothing_attachments 500'
Wed Feb 19 20:18:53 2025 [1740017933357 msec] (16826 s) Thread 3 - [AdminCommands] INFO - Jinn used '/object' on (null) with params 'createloot clothing_attachments 500'
Wed Feb 19 20:19:01 2025 [1740017941300 msec] (16834 s) Thread 8 - [AdminCommands] INFO - Jinn used '/object' on (null) with params 'createloot clothing_attachments 500'
Wed Feb 19 20:19:08 2025 [1740017948148 msec] (16841 s) Thread 5 - [AdminCommands] INFO - Jinn used '/object' on (null) with params 'createloot clothing_attachments 500'
Wed Feb 19 20:19:16 2025 [1740017956163 msec] (16849 s) Thread 10 - [AdminCommands] INFO - Jinn used '/object' on (null) with params 'createloot clothing_attachments 500'
Wed Feb 19 20:19:22 2025 [1740017962433 msec] (16855 s) Thread 3 - [AdminCommands] INFO - Jinn used '/object' on (null) with params 'createloot clothing_attachments 500'
Wed Feb 19 20:19:27 2025 [1740017967964 msec] (16861 s) Thread 8 - [AdminCommands] INFO - Jinn used '/object' on (null) with params 'createloot clothing_attachments 500'
Wed Feb 19 20:19:33 2025 [1740017973574 msec] (16867 s) Thread 5 - [AdminCommands] INFO - Jinn used '/object' on (null) with params 'createloot clothing_attachments 500'
Wed Feb 19 20:19:54 2025 [1740017994834 msec] (16888 s) Thread 5 - [AdminCommands] INFO - Jinn used '/object' on (null) with params 'createloot clothing_attachments 500'
Wed Feb 19 20:20:06 2025 [1740018006806 msec] (16900 s) Thread 8 - [AdminCommands] INFO - Jinn used '/object' on (null) with params 'createloot clothing_attachments 500'
Wed Feb 19 20:21:45 2025 [1740018105948 msec] (16999 s) Thread 5 - [AdminCommands] INFO - Jinn used '/object' on (null) with params 'createloot clothing_attachments 500'
Wed Feb 19 20:22:05 2025 [1740018125872 msec] (17019 s) Thread 3 - [AdminCommands] INFO - Jinn used '/object' on (null) with params 'createloot clothing_attachments 500'
Wed Feb 19 20:22:17 2025 [1740018137240 msec] (17030 s) Thread 6 - [AdminCommands] INFO - Jinn used '/object' on (null) with params 'createloot clothing_attachments 500'
Wed Feb 19 20:22:24 2025 [1740018144641 msec] (17038 s) Thread 3 - [AdminCommands] INFO - Jinn used '/object' on (null) with params 'createloot clothing_attachments 500'
Wed Feb 19 20:22:31 2025 [1740018151633 msec] (17045 s) Thread 6 - [AdminCommands] INFO - Jinn used '/object' on (null) with params 'createloot clothing_attachments 500'
Wed Feb 19 20:22:41 2025 [1740018161073 msec] (17054 s) Thread 8 - [AdminCommands] INFO - Jinn used '/object' on (null) with params 'createloot clothing_attachments 500'
Wed Feb 19 20:22:52 2025 [1740018172829 msec] (17066 s) Thread 10 - [AdminCommands] INFO - Jinn used '/object' on (null) with params 'createloot clothing_attachments 500'
Wed Feb 19 20:23:00 2025 [1740018180636 msec] (17074 s) Thread 9 - [AdminCommands] INFO - Jinn used '/object' on (null) with params 'createloot clothing_attachments 500'
Wed Feb 19 20:23:08 2025 [1740018188283 msec] (17081 s) Thread 9 - [AdminCommands] INFO - Jinn used '/object' on (null) with params 'createloot clothing_attachments 500'
Wed Feb 19 20:23:15 2025 [1740018195239 msec] (17088 s) Thread 8 - [AdminCommands] INFO - Jinn used '/object' on (null) with params 'createloot clothing_attachments 500'
Wed Feb 19 20:23:29 2025 [1740018209074 msec] (17102 s) Thread 9 - [AdminCommands] INFO - Jinn used '/object' on (null) with params 'createloot clothing_attachments 500'
Wed Feb 19 20:23:34 2025 [1740018214590 msec] (17108 s) Thread 9 - [AdminCommands] INFO - Jinn used '/object' on (null) with params 'createloot clothing_attachments 500'
Wed Feb 19 20:23:40 2025 [1740018220559 msec] (17114 s) Thread 6 - [AdminCommands] INFO - Jinn used '/object' on (null) with params 'createloot clothing_attachments 500'
Wed Feb 19 20:23:46 2025 [1740018226344 msec] (17119 s) Thread 8 - [AdminCommands] INFO - Jinn used '/object' on (null) with params 'createloot clothing_attachments 500'
Wed Feb 19 20:23:53 2025 [1740018233942 msec] (17127 s) Thread 7 - [AdminCommands] INFO - Jinn used '/object' on (null) with params 'createloot clothing_attachments 500'
Wed Feb 19 20:24:06 2025 [1740018246734 msec] (17140 s) Thread 7 - [AdminCommands] INFO - Jinn used '/object' on (null) with params 'createloot clothing_attachments 500'
Wed Feb 19 20:24:12 2025 [1740018252629 msec] (17146 s) Thread 6 - [AdminCommands] INFO - Jinn used '/object' on (null) with params 'createloot clothing_attachments 500'
Wed Feb 19 20:24:27 2025 [1740018267442 msec] (17160 s) Thread 5 - [AdminCommands] INFO - Jinn used '/object' on (null) with params 'createloot clothing_attachments 500'
Wed Feb 19 20:24:52 2025 [1740018292099 msec] (17185 s) Thread 5 - [AdminCommands] INFO - Jinn used '/object' on (null) with params 'createloot clothing_attachments 500'
Wed Feb 19 20:25:00 2025 [1740018300913 msec] (17194 s) Thread 4 - [AdminCommands] INFO - Jinn used '/object' on (null) with params 'createloot clothing_attachments 500'
Wed Feb 19 20:25:09 2025 [1740018309281 msec] (17202 s) Thread 8 - [AdminCommands] INFO - Jinn used '/object' on (null) with params 'createloot clothing_attachments 500'
Wed Feb 19 20:25:14 2025 [1740018314828 msec] (17208 s) Thread 9 - [AdminCommands] INFO - Jinn used '/object' on (null) with params 'createloot clothing_attachments 500'
Wed Feb 19 20:25:20 2025 [1740018320952 msec] (17214 s) Thread 6 - [AdminCommands] INFO - Jinn used '/object' on (null) with params 'createloot clothing_attachments 500'
Wed Feb 19 20:25:27 2025 [1740018327446 msec] (17220 s) Thread 6 - [AdminCommands] INFO - Jinn used '/object' on (null) with params 'createloot clothing_attachments 500'
Wed Feb 19 20:25:35 2025 [1740018335140 msec] (17228 s) Thread 6 - [AdminCommands] INFO - Jinn used '/object' on (null) with params 'createloot clothing_attachments 500'
Wed Feb 19 20:25:40 2025 [1740018340995 msec] (17234 s) Thread 4 - [AdminCommands] INFO - Jinn used '/object' on (null) with params 'createloot clothing_attachments 500'
Wed Feb 19 20:25:52 2025 [1740018352706 msec] (17246 s) Thread 7 - [AdminCommands] INFO - Jinn used '/object' on (null) with params 'createloot clothing_attachments 500'
Wed Feb 19 20:25:57 2025 [1740018357164 msec] (17250 s) Thread 6 - [AdminCommands] INFO - Jinn used '/object' on (null) with params 'createloot clothing_attachments 500'
Wed Feb 19 20:26:03 2025 [1740018363916 msec] (17257 s) Thread 6 - [AdminCommands] INFO - Jinn used '/object' on (null) with params 'createloot clothing_attachments 500'
Wed Feb 19 20:26:08 2025 [1740018368346 msec] (17261 s) Thread 8 - [AdminCommands] INFO - Jinn used '/object' on (null) with params 'createloot clothing_attachments 500'
Wed Feb 19 20:26:14 2025 [1740018374457 msec] (17267 s) Thread 4 - [AdminCommands] INFO - Jinn used '/object' on (null) with params 'createloot clothing_attachments 500'
Wed Feb 19 20:26:22 2025 [1740018382997 msec] (17276 s) Thread 8 - [AdminCommands] INFO - Jinn used '/object' on (null) with params 'createloot clothing_attachments 500'
Wed Feb 19 20:26:28 2025 [1740018388205 msec] (17281 s) Thread 3 - [AdminCommands] INFO - Jinn used '/object' on (null) with params 'createloot clothing_attachments 500'
Wed Feb 19 20:42:34 2025 [1740019354047 msec] (18247 s) Thread 10 - [AdminCommands] INFO - Jinn used '/broadcastgalaxy' on (null) with params 'server going down for updates in 3 minutes'
Wed Feb 19 20:46:26 2025 [1740019586372 msec] (18479 s) Thread 6 - [AdminCommands] INFO - Jinn used '/object' on (null) with params 'createloot clothing_attachments 500'
Wed Feb 19 20:46:33 2025 [1740019593438 msec] (18486 s) Thread 9 - [AdminCommands] INFO - Jinn used '/broadcastgalaxy' on (null) with params 'server going down for updates in 3 minutes'
Wed Feb 19 20:47:35 2025 [1740019655030 msec] (18548 s) Thread 7 - [AdminCommands] INFO - Jinn used '/broadcastgalaxy' on (null) with params 'server going down for updates in 3 minutes'
Wed Feb 19 20:48:44 2025 [1740019724789 msec] (18618 s) Thread 4 - [AdminCommands] INFO - Jinn used '/broadcastgalaxy' on (null) with params 'server going down for updates in 3 minutes'
Wed Feb 19 20:51:34 2025 [1740019894178 msec] (18787 s) Thread 6 - [AdminCommands] INFO - Jinn used '/broadcastgalaxy' on (null) with params 'server going down for updates in 3 minutes'
Thu Feb 20 00:53:41 2025 [1740034421955 msec] (376 s) Thread 7 - [AdminCommands] INFO - Revan-Shan used '/setgodmode' on (null) with params 'revan-shan on'
Thu Feb 20 00:58:41 2025 [1740034721752 msec] (676 s) Thread 7 - [AdminCommands] INFO - Revan-Shan used '/teleport' on (null) with params '-123 -5796'
Thu Feb 20 01:22:41 2025 [1740036161800 msec] (2116 s) Thread 3 - [AdminCommands] INFO - Jinn used '/kill' on a bandit(NPC) with params ''
Thu Feb 20 08:05:55 2025 [1740060355119 msec] (26309 s) Thread 5 - [AdminCommands] INFO - Kit used '/object' on (null) with params 'createloot clothing_attachments 500'
Thu Feb 20 08:06:28 2025 [1740060388859 msec] (26343 s) Thread 9 - [AdminCommands] INFO - Kit used '/object' on (null) with params 'createloot clothing_attachments 500'
Thu Feb 20 08:06:30 2025 [1740060390519 msec] (26344 s) Thread 6 - [AdminCommands] INFO - Kit used '/object' on (null) with params 'createloot clothing_attachments 500'
Thu Feb 20 08:06:31 2025 [1740060391629 msec] (26346 s) Thread 4 - [AdminCommands] INFO - Kit used '/object' on (null) with params 'createloot clothing_attachments 500'
Thu Feb 20 08:06:32 2025 [1740060392675 msec] (26347 s) Thread 4 - [AdminCommands] INFO - Kit used '/object' on (null) with params 'createloot clothing_attachments 500'
Thu Feb 20 08:06:33 2025 [1740060393648 msec] (26348 s) Thread 3 - [AdminCommands] INFO - Kit used '/object' on (null) with params 'createloot clothing_attachments 500'
Thu Feb 20 08:06:34 2025 [1740060394707 msec] (26349 s) Thread 8 - [AdminCommands] INFO - Kit used '/object' on (null) with params 'createloot clothing_attachments 500'
Thu Feb 20 08:06:36 2025 [1740060396366 msec] (26350 s) Thread 7 - [AdminCommands] INFO - Kit used '/object' on (null) with params 'createloot clothing_attachments 500'
Thu Feb 20 08:06:36 2025 [1740060396683 msec] (26351 s) Thread 10 - [AdminCommands] INFO - Kit used '/object' on (null) with params 'createloot clothing_attachments 500'
Thu Feb 20 08:06:37 2025 [1740060397756 msec] (26352 s) Thread 8 - [AdminCommands] INFO - Kit used '/object' on (null) with params 'createloot clothing_attachments 500'
Thu Feb 20 08:06:38 2025 [1740060398821 msec] (26353 s) Thread 3 - [AdminCommands] INFO - Kit used '/object' on (null) with params 'createloot clothing_attachments 500'
Thu Feb 20 08:08:08 2025 [1740060488284 msec] (26442 s) Thread 3 - [AdminCommands] INFO - Kit used '/object' on (null) with params 'createloot clothing_attachments 500'
Thu Feb 20 08:08:09 2025 [1740060489723 msec] (26444 s) Thread 6 - [AdminCommands] INFO - Kit used '/object' on (null) with params 'createloot clothing_attachments 500'
Thu Feb 20 08:08:10 2025 [1740060490770 msec] (26445 s) Thread 8 - [AdminCommands] INFO - Kit used '/object' on (null) with params 'createloot clothing_attachments 500'
Thu Feb 20 08:08:11 2025 [1740060491640 msec] (26446 s) Thread 6 - [AdminCommands] INFO - Kit used '/object' on (null) with params 'createloot clothing_attachments 500'
Thu Feb 20 08:08:12 2025 [1740060492674 msec] (26447 s) Thread 6 - [AdminCommands] INFO - Kit used '/object' on (null) with params 'createloot clothing_attachments 500'
Thu Feb 20 08:08:13 2025 [1740060493502 msec] (26447 s) Thread 3 - [AdminCommands] INFO - Kit used '/object' on (null) with params 'createloot clothing_attachments 500'
Thu Feb 20 08:08:14 2025 [1740060494390 msec] (26448 s) Thread 8 - [AdminCommands] INFO - Kit used '/object' on (null) with params 'createloot clothing_attachments 500'
Thu Feb 20 08:08:15 2025 [1740060495403 msec] (26449 s) Thread 4 - [AdminCommands] INFO - Kit used '/object' on (null) with params 'createloot clothing_attachments 500'
Thu Feb 20 08:08:16 2025 [1740060496314 msec] (26450 s) Thread 8 - [AdminCommands] INFO - Kit used '/object' on (null) with params 'createloot clothing_attachments 500'
Thu Feb 20 08:08:17 2025 [1740060497272 msec] (26451 s) Thread 6 - [AdminCommands] INFO - Kit used '/object' on (null) with params 'createloot clothing_attachments 500'
Thu Feb 20 08:09:24 2025 [1740060564753 msec] (26519 s) Thread 5 - [AdminCommands] INFO - Kit used '/object' on (null) with params 'createloot clothing_attachments 500'
Thu Feb 20 08:09:25 2025 [1740060565874 msec] (26520 s) Thread 3 - [AdminCommands] INFO - Kit used '/object' on (null) with params 'createloot clothing_attachments 500'
Thu Feb 20 08:09:26 2025 [1740060566994 msec] (26521 s) Thread 10 - [AdminCommands] INFO - Kit used '/object' on (null) with params 'createloot clothing_attachments 500'
Thu Feb 20 08:09:28 2025 [1740060568303 msec] (26522 s) Thread 7 - [AdminCommands] INFO - Kit used '/object' on (null) with params 'createloot clothing_attachments 500'
Thu Feb 20 08:09:29 2025 [1740060569081 msec] (26523 s) Thread 10 - [AdminCommands] INFO - Kit used '/object' on (null) with params 'createloot clothing_attachments 500'
Thu Feb 20 08:09:30 2025 [1740060570116 msec] (26524 s) Thread 4 - [AdminCommands] INFO - Kit used '/object' on (null) with params 'createloot clothing_attachments 500'
Thu Feb 20 08:09:31 2025 [1740060571165 msec] (26525 s) Thread 8 - [AdminCommands] INFO - Kit used '/object' on (null) with params 'createloot clothing_attachments 500'
Thu Feb 20 08:09:32 2025 [1740060572119 msec] (26526 s) Thread 7 - [AdminCommands] INFO - Kit used '/object' on (null) with params 'createloot clothing_attachments 500'
Thu Feb 20 08:09:33 2025 [1740060573079 msec] (26527 s) Thread 7 - [AdminCommands] INFO - Kit used '/object' on (null) with params 'createloot clothing_attachments 500'
Thu Feb 20 08:09:34 2025 [1740060574186 msec] (26528 s) Thread 4 - [AdminCommands] INFO - Kit used '/object' on (null) with params 'createloot clothing_attachments 500'
Thu Feb 20 08:18:02 2025 [1740061082123 msec] (27036 s) Thread 8 - [AdminCommands] INFO - Kit used '/object' on (null) with params 'createloot clothing_attachments 500'
Thu Feb 20 08:18:03 2025 [1740061083356 msec] (27037 s) Thread 10 - [AdminCommands] INFO - Kit used '/object' on (null) with params 'createloot clothing_attachments 500'
Thu Feb 20 08:18:04 2025 [1740061084608 msec] (27039 s) Thread 6 - [AdminCommands] INFO - Kit used '/object' on (null) with params 'createloot clothing_attachments 500'
Thu Feb 20 08:18:05 2025 [1740061085932 msec] (27040 s) Thread 5 - [AdminCommands] INFO - Kit used '/object' on (null) with params 'createloot clothing_attachments 500'
Thu Feb 20 08:18:06 2025 [1740061086573 msec] (27041 s) Thread 8 - [AdminCommands] INFO - Kit used '/object' on (null) with params 'createloot clothing_attachments 500'
Thu Feb 20 08:18:07 2025 [1740061087614 msec] (27042 s) Thread 10 - [AdminCommands] INFO - Kit used '/object' on (null) with params 'createloot clothing_attachments 500'
Thu Feb 20 08:18:08 2025 [1740061088595 msec] (27043 s) Thread 6 - [AdminCommands] INFO - Kit used '/object' on (null) with params 'createloot clothing_attachments 500'
Thu Feb 20 08:18:09 2025 [1740061089854 msec] (27044 s) Thread 4 - [AdminCommands] INFO - Kit used '/object' on (null) with params 'createloot clothing_attachments 500'
Thu Feb 20 08:18:10 2025 [1740061090589 msec] (27045 s) Thread 9 - [AdminCommands] INFO - Kit used '/object' on (null) with params 'createloot clothing_attachments 500'
Thu Feb 20 08:18:11 2025 [1740061091551 msec] (27046 s) Thread 10 - [AdminCommands] INFO - Kit used '/object' on (null) with params 'createloot clothing_attachments 500'
Thu Feb 20 09:30:23 2025 [1740065423396 msec] (31377 s) Thread 3 - [AdminCommands] INFO - Kit used '/object' on (null) with params 'createloot clothing_attachments 500'
Thu Feb 20 09:33:47 2025 [1740065627524 msec] (31581 s) Thread 4 - [AdminCommands] INFO - Kit used '/object' on (null) with params 'createloot clothing_attachments 500'
Thu Feb 20 09:33:48 2025 [1740065628733 msec] (31583 s) Thread 7 - [AdminCommands] INFO - Kit used '/object' on (null) with params 'createloot clothing_attachments 500'
Thu Feb 20 09:33:49 2025 [1740065629550 msec] (31584 s) Thread 10 - [AdminCommands] INFO - Kit used '/object' on (null) with params 'createloot clothing_attachments 500'
Thu Feb 20 09:33:50 2025 [1740065630586 msec] (31585 s) Thread 5 - [AdminCommands] INFO - Kit used '/object' on (null) with params 'createloot clothing_attachments 500'
Thu Feb 20 09:33:51 2025 [1740065631708 msec] (31586 s) Thread 3 - [AdminCommands] INFO - Kit used '/object' on (null) with params 'createloot clothing_attachments 500'
Thu Feb 20 09:33:52 2025 [1740065632605 msec] (31587 s) Thread 5 - [AdminCommands] INFO - Kit used '/object' on (null) with params 'createloot clothing_attachments 500'
Thu Feb 20 09:33:53 2025 [1740065633645 msec] (31588 s) Thread 7 - [AdminCommands] INFO - Kit used '/object' on (null) with params 'createloot clothing_attachments 500'
Thu Feb 20 09:33:54 2025 [1740065634557 msec] (31589 s) Thread 3 - [AdminCommands] INFO - Kit used '/object' on (null) with params 'createloot clothing_attachments 500'
Thu Feb 20 09:33:56 2025 [1740065636619 msec] (31591 s) Thread 9 - [AdminCommands] INFO - Kit used '/object' on (null) with params 'createloot clothing_attachments 500'
Thu Feb 20 09:33:57 2025 [1740065637631 msec] (31592 s) Thread 9 - [AdminCommands] INFO - Kit used '/object' on (null) with params 'createloot clothing_attachments 500'
Thu Feb 20 09:35:15 2025 [1740065715538 msec] (31670 s) Thread 9 - [AdminCommands] INFO - Kit used '/object' on (null) with params 'createloot clothing_attachments 500'
Thu Feb 20 09:35:16 2025 [1740065716834 msec] (31671 s) Thread 5 - [AdminCommands] INFO - Kit used '/object' on (null) with params 'createloot clothing_attachments 500'
Thu Feb 20 09:35:17 2025 [1740065717866 msec] (31672 s) Thread 7 - [AdminCommands] INFO - Kit used '/object' on (null) with params 'createloot clothing_attachments 500'
Thu Feb 20 09:35:18 2025 [1740065718761 msec] (31673 s) Thread 10 - [AdminCommands] INFO - Kit used '/object' on (null) with params 'createloot clothing_attachments 500'
Thu Feb 20 09:35:19 2025 [1740065719639 msec] (31674 s) Thread 9 - [AdminCommands] INFO - Kit used '/object' on (null) with params 'createloot clothing_attachments 500'
Thu Feb 20 09:35:20 2025 [1740065720726 msec] (31675 s) Thread 8 - [AdminCommands] INFO - Kit used '/object' on (null) with params 'createloot clothing_attachments 500'
Thu Feb 20 09:35:21 2025 [1740065721768 msec] (31676 s) Thread 10 - [AdminCommands] INFO - Kit used '/object' on (null) with params 'createloot clothing_attachments 500'
Thu Feb 20 09:35:22 2025 [1740065722816 msec] (31677 s) Thread 6 - [AdminCommands] INFO - Kit used '/object' on (null) with params 'createloot clothing_attachments 500'
Thu Feb 20 09:35:23 2025 [1740065723673 msec] (31678 s) Thread 8 - [AdminCommands] INFO - Kit used '/object' on (null) with params 'createloot clothing_attachments 500'
Thu Feb 20 09:35:24 2025 [1740065724588 msec] (31679 s) Thread 4 - [AdminCommands] INFO - Kit used '/object' on (null) with params 'createloot clothing_attachments 500'
Thu Feb 20 09:36:48 2025 [1740065808585 msec] (31763 s) Thread 4 - [AdminCommands] INFO - Kit used '/object' on (null) with params 'createloot clothing_attachments 500'
Thu Feb 20 09:36:49 2025 [1740065809935 msec] (31764 s) Thread 8 - [AdminCommands] INFO - Kit used '/object' on (null) with params 'createloot clothing_attachments 500'
Thu Feb 20 09:36:50 2025 [1740065810771 msec] (31765 s) Thread 10 - [AdminCommands] INFO - Kit used '/object' on (null) with params 'createloot clothing_attachments 500'
Thu Feb 20 09:36:51 2025 [1740065811813 msec] (31766 s) Thread 10 - [AdminCommands] INFO - Kit used '/object' on (null) with params 'createloot clothing_attachments 500'
Thu Feb 20 09:36:52 2025 [1740065812778 msec] (31767 s) Thread 7 - [AdminCommands] INFO - Kit used '/object' on (null) with params 'createloot clothing_attachments 500'
Thu Feb 20 09:36:53 2025 [1740065813725 msec] (31768 s) Thread 5 - [AdminCommands] INFO - Kit used '/object' on (null) with params 'createloot clothing_attachments 500'
Thu Feb 20 09:36:54 2025 [1740065814612 msec] (31769 s) Thread 7 - [AdminCommands] INFO - Kit used '/object' on (null) with params 'createloot clothing_attachments 500'
Thu Feb 20 09:36:55 2025 [1740065815577 msec] (31770 s) Thread 7 - [AdminCommands] INFO - Kit used '/object' on (null) with params 'createloot clothing_attachments 500'
Thu Feb 20 09:36:57 2025 [1740065817102 msec] (31771 s) Thread 5 - [AdminCommands] INFO - Kit used '/object' on (null) with params 'createloot clothing_attachments 500'
Thu Feb 20 09:36:58 2025 [1740065818073 msec] (31772 s) Thread 4 - [AdminCommands] INFO - Kit used '/object' on (null) with params 'createloot clothing_attachments 500'
Thu Feb 20 09:37:00 2025 [1740065820199 msec] (31774 s) Thread 8 - [AdminCommands] INFO - Kit used '/object' on (null) with params 'createloot clothing_attachments 500'
Thu Feb 20 09:37:01 2025 [1740065821279 msec] (31775 s) Thread 6 - [AdminCommands] INFO - Kit used '/object' on (null) with params 'createloot clothing_attachments 500'
Thu Feb 20 09:38:22 2025 [1740065902760 msec] (31857 s) Thread 5 - [AdminCommands] INFO - Kit used '/object' on (null) with params 'createloot clothing_attachments 500'
Thu Feb 20 09:38:23 2025 [1740065903893 msec] (31858 s) Thread 3 - [AdminCommands] INFO - Kit used '/object' on (null) with params 'createloot clothing_attachments 500'
Thu Feb 20 09:38:24 2025 [1740065904747 msec] (31859 s) Thread 9 - [AdminCommands] INFO - Kit used '/object' on (null) with params 'createloot clothing_attachments 500'
Thu Feb 20 09:38:25 2025 [1740065905708 msec] (31860 s) Thread 3 - [AdminCommands] INFO - Kit used '/object' on (null) with params 'createloot clothing_attachments 500'
Thu Feb 20 09:38:26 2025 [1740065906709 msec] (31861 s) Thread 9 - [AdminCommands] INFO - Kit used '/object' on (null) with params 'createloot clothing_attachments 500'
Thu Feb 20 09:38:27 2025 [1740065907837 msec] (31862 s) Thread 10 - [AdminCommands] INFO - Kit used '/object' on (null) with params 'createloot clothing_attachments 500'
Thu Feb 20 09:38:28 2025 [1740065908636 msec] (31863 s) Thread 9 - [AdminCommands] INFO - Kit used '/object' on (null) with params 'createloot clothing_attachments 500'
Thu Feb 20 09:38:29 2025 [1740065909584 msec] (31864 s) Thread 7 - [AdminCommands] INFO - Kit used '/object' on (null) with params 'createloot clothing_attachments 500'
Thu Feb 20 09:38:30 2025 [1740065910506 msec] (31864 s) Thread 3 - [AdminCommands] INFO - Kit used '/object' on (null) with params 'createloot clothing_attachments 500'
Thu Feb 20 09:38:31 2025 [1740065911356 msec] (31865 s) Thread 6 - [AdminCommands] INFO - Kit used '/object' on (null) with params 'createloot clothing_attachments 500'
Thu Feb 20 09:39:38 2025 [1740065978696 msec] (31933 s) Thread 3 - [AdminCommands] INFO - Kit used '/object' on (null) with params 'createloot clothing_attachments 500'
Thu Feb 20 09:39:40 2025 [1740065980324 msec] (31934 s) Thread 5 - [AdminCommands] INFO - Kit used '/object' on (null) with params 'createloot clothing_attachments 500'
Thu Feb 20 09:39:41 2025 [1740065981289 msec] (31935 s) Thread 10 - [AdminCommands] INFO - Kit used '/object' on (null) with params 'createloot clothing_attachments 500'
Thu Feb 20 09:39:42 2025 [1740065982276 msec] (31936 s) Thread 8 - [AdminCommands] INFO - Kit used '/object' on (null) with params 'createloot clothing_attachments 500'
Thu Feb 20 09:39:43 2025 [1740065983389 msec] (31937 s) Thread 10 - [AdminCommands] INFO - Kit used '/object' on (null) with params 'createloot clothing_attachments 500'
Thu Feb 20 09:39:44 2025 [1740065984275 msec] (31938 s) Thread 5 - [AdminCommands] INFO - Kit used '/object' on (null) with params 'createloot clothing_attachments 500'
Thu Feb 20 09:39:45 2025 [1740065985488 msec] (31939 s) Thread 7 - [AdminCommands] INFO - Kit used '/object' on (null) with params 'createloot clothing_attachments 500'
Thu Feb 20 09:39:46 2025 [1740065986413 msec] (31940 s) Thread 7 - [AdminCommands] INFO - Kit used '/object' on (null) with params 'createloot clothing_attachments 500'
Thu Feb 20 09:39:47 2025 [1740065987396 msec] (31941 s) Thread 4 - [AdminCommands] INFO - Kit used '/object' on (null) with params 'createloot clothing_attachments 500'
Thu Feb 20 09:39:48 2025 [1740065988525 msec] (31942 s) Thread 6 - [AdminCommands] INFO - Kit used '/object' on (null) with params 'createloot clothing_attachments 500'
Thu Feb 20 16:35:27 2025 [1740090927659 msec] (4746 s) Thread 4 - [AdminCommands] INFO - Jinn used '/teleportto' on (null) with params 'abaddon'
Thu Feb 20 16:35:45 2025 [1740090945852 msec] (4764 s) Thread 6 - [AdminCommands] INFO - Jinn used '/unfreezeplayer' on Abaddon(Player) with params ''
Thu Feb 20 18:34:40 2025 [1740098080475 msec] (2625 s) Thread 5 - [AdminCommands] INFO - Jinn used '/broadcastgalaxy' on (null) with params 'server going down for updates in 3 minutes'
Thu Feb 20 19:51:41 2025 [1740102701431 msec] (2776 s) Thread 3 - [AdminCommands] INFO - Jinn used '/broadcastgalaxy' on (null) with params 'server going down for updates in 3 minutes'
Thu Feb 20 19:55:49 2025 [1740102949751 msec] (3025 s) Thread 10 - [AdminCommands] INFO - Jinn used '/teleportto' on (null) with params '5528 5641'
Thu Feb 20 19:56:00 2025 [1740102960987 msec] (3036 s) Thread 5 - [AdminCommands] INFO - Jinn used '/teleport' on (null) with params '5528 5641 rori'
