Wed Feb 19 15:40:08 2025 [1740001208676 msec] (102 s) Thread 2 - [LuaEventLogger] INFO - CriesofAlderaan: determine Winning Faction -- Set Winning Faction: Rebel 370444368 scheduling to re-check in 604800 seconds. - Function: determineWinningFaction  Source: @scripts/screenplays/events/coa/coa.lua  Line: 104
Wed Feb 19 15:40:23 2025 [1740001223950 msec] (117 s) Thread 2 - [LuaEventLogger] INFO - Hero of Tatooine: Rescheduling EXISTING Event for Courage to spawn in 1560000 Event Type: initial - Function: createCourageEvent  Source: @scripts/screenplays/tasks/hero_of_tatooine/heroOfTatooine.lua  Line: 136
Wed Feb 19 15:40:23 2025 [1740001223950 msec] (117 s) Thread 2 - [LuaEventLogger] INFO - Hero of Tatooine: Rescheduling EXISTING Event for Altruism spawn in 1500000 Event Type: initial - Function: createAltruismEvent  Source: @scripts/screenplays/tasks/hero_of_tatooine/heroOfTatooine.lua  Line: 150
Wed Feb 19 15:40:23 2025 [1740001223950 msec] (117 s) Thread 2 - [LuaEventLogger] INFO - Hero of Tatooine: Scheduling NEW Event for Intellect spawn in 1560000 Event Type: initial - Function: createIntellectEvent  Source: @scripts/screenplays/tasks/hero_of_tatooine/heroOfTatooine.lua  Line: 168
Wed Feb 19 15:40:23 2025 [1740001223950 msec] (117 s) Thread 2 - [LuaEventLogger] INFO - Hero of Tatooine: Rescheduling EXISTING Event for Honor spawn in 1440000 Event Type: initial - Function: createHonorEvent  Source: @scripts/screenplays/tasks/hero_of_tatooine/heroOfTatooine.lua  Line: 178
Wed Feb 19 15:40:23 2025 [1740001223952 msec] (117 s) Thread 2 - [LuaEventLogger] INFO - Hero of Tatooine: initRanchHouse - Rancher house initialized. - Function: initRanchHouse  Source: @scripts/screenplays/tasks/hero_of_tatooine/heroOfTatooine.lua  Line: 1057
Wed Feb 19 16:04:24 2025 [1740002664030 msec] (1557 s) Thread 5 - [LuaEventLogger] INFO - Hero of Tatooine: doHonorChange - Spawned Pirate Leader at 6377.9350585938, -5121.7377929688 Tatooine using base Spawn Point - X: 6390 Y: -5220 -  Source: @scripts/screenplays/tasks/hero_of_tatooine/heroOfTatooine.lua  Line: 913
Wed Feb 19 16:04:24 2025 [1740002664188 msec] (1557 s) Thread 5 - [LuaEventLogger] INFO - Hero of Tatooine: Scheduling NEW Event for Honor spawn in 1080000 Event Type: life - Function: createHonorEvent  Source: @scripts/screenplays/tasks/hero_of_tatooine/heroOfTatooine.lua  Line: 182
Wed Feb 19 16:05:23 2025 [1740002723985 msec] (1617 s) Thread 9 - [LuaEventLogger] INFO - Hero of Tatooine: doAltruismChange - Spawned Moisture Farmer at 3360.779296875, 1112.0550537109 Tatooine using base Spawn Point - X: 3303 Y: 1107 -  Source: @scripts/screenplays/tasks/hero_of_tatooine/heroOfTatooine.lua  Line: 376
Wed Feb 19 16:05:23 2025 [1740002723985 msec] (1617 s) Thread 9 - [LuaEventLogger] INFO - Hero of Tatooine: Scheduling NEW Event for Altruism spawn in 1500000 Event Type: life - Function: createAltruismEvent  Source: @scripts/screenplays/tasks/hero_of_tatooine/heroOfTatooine.lua  Line: 154
Wed Feb 19 16:06:23 2025 [1740002783972 msec] (1677 s) Thread 5 - [LuaEventLogger] INFO - Hero of Tatooine: doCourageChange complete. Boar Spawned at: -146.44506835938, 5051.2905273438 -  Source: @scripts/screenplays/tasks/hero_of_tatooine/heroOfTatooine.lua  Line: 249
Wed Feb 19 16:06:23 2025 [1740002783972 msec] (1677 s) Thread 5 - [LuaEventLogger] INFO - Hero of Tatooine: Scheduling NEW Event for Courage spawn in 1560000 Event Type: life - Function: createCourageEvent  Source: @scripts/screenplays/tasks/hero_of_tatooine/heroOfTatooine.lua  Line: 140
Wed Feb 19 16:22:24 2025 [1740003744199 msec] (2637 s) Thread 9 - [LuaEventLogger] INFO - Hero of Tatooine: Scheduling NEW Event for Honor spawn in 5700000 Event Type: respawn - Function: createHonorEvent  Source: @scripts/screenplays/tasks/hero_of_tatooine/heroOfTatooine.lua  Line: 182
Wed Feb 19 16:30:24 2025 [1740004224001 msec] (3117 s) Thread 9 - [LuaEventLogger] INFO - Hero of Tatooine: doAltruismChange - Moisture Farmer already spawned, despawning and rescheduling. -  Source: @scripts/screenplays/tasks/hero_of_tatooine/heroOfTatooine.lua  Line: 343
Wed Feb 19 16:30:24 2025 [1740004224001 msec] (3117 s) Thread 9 - [LuaEventLogger] INFO - Hero of Tatooine: Scheduling NEW Event for Altruism spawn in 7500000 Event Type: respawn - Function: createAltruismEvent  Source: @scripts/screenplays/tasks/hero_of_tatooine/heroOfTatooine.lua  Line: 154
Wed Feb 19 16:32:23 2025 [1740004343975 msec] (3237 s) Thread 3 - [LuaEventLogger] INFO - Hero of Tatooine: doCourageChange - Boar is spawned, despawning and rescheduling respawn. -  Source: @scripts/screenplays/tasks/hero_of_tatooine/heroOfTatooine.lua  Line: 214
Wed Feb 19 16:32:23 2025 [1740004343975 msec] (3237 s) Thread 3 - [LuaEventLogger] INFO - Hero of Tatooine: Scheduling NEW Event for Courage spawn in 3840000 Event Type: respawn - Function: createCourageEvent  Source: @scripts/screenplays/tasks/hero_of_tatooine/heroOfTatooine.lua  Line: 140
Wed Feb 19 17:36:24 2025 [1740008184028 msec] (7077 s) Thread 3 - [LuaEventLogger] INFO - Hero of Tatooine: doCourageChange complete. Boar Spawned at: -365.78244018555, 4574.96875 -  Source: @scripts/screenplays/tasks/hero_of_tatooine/heroOfTatooine.lua  Line: 249
Wed Feb 19 17:36:24 2025 [1740008184029 msec] (7077 s) Thread 3 - [LuaEventLogger] INFO - Hero of Tatooine: Scheduling NEW Event for Courage spawn in 1260000 Event Type: life - Function: createCourageEvent  Source: @scripts/screenplays/tasks/hero_of_tatooine/heroOfTatooine.lua  Line: 140
Wed Feb 19 17:57:24 2025 [1740009444037 msec] (8337 s) Thread 8 - [LuaEventLogger] INFO - Hero of Tatooine: doCourageChange - Boar is spawned, despawning and rescheduling respawn. -  Source: @scripts/screenplays/tasks/hero_of_tatooine/heroOfTatooine.lua  Line: 214
Wed Feb 19 17:57:24 2025 [1740009444037 msec] (8337 s) Thread 8 - [LuaEventLogger] INFO - Hero of Tatooine: Scheduling NEW Event for Courage spawn in 9480000 Event Type: respawn - Function: createCourageEvent  Source: @scripts/screenplays/tasks/hero_of_tatooine/heroOfTatooine.lua  Line: 140
Wed Feb 19 17:57:24 2025 [1740009444264 msec] (8337 s) Thread 10 - [LuaEventLogger] INFO - Hero of Tatooine: doHonorChange - Spawned Pirate Leader at 4637.224609375, -4884.8515625 Tatooine using base Spawn Point - X: 4614 Y: -4978 -  Source: @scripts/screenplays/tasks/hero_of_tatooine/heroOfTatooine.lua  Line: 913
Wed Feb 19 17:57:24 2025 [1740009444294 msec] (8337 s) Thread 10 - [LuaEventLogger] INFO - Hero of Tatooine: Scheduling NEW Event for Honor spawn in 2640000 Event Type: life - Function: createHonorEvent  Source: @scripts/screenplays/tasks/hero_of_tatooine/heroOfTatooine.lua  Line: 182
Wed Feb 19 18:35:24 2025 [1740011724035 msec] (10617 s) Thread 7 - [LuaEventLogger] INFO - Hero of Tatooine: doAltruismChange - Spawned Moisture Farmer at 2102.4035644531, 1329.3607177734 Tatooine using base Spawn Point - X: 2168 Y: 1293 -  Source: @scripts/screenplays/tasks/hero_of_tatooine/heroOfTatooine.lua  Line: 376
Wed Feb 19 18:35:24 2025 [1740011724036 msec] (10617 s) Thread 7 - [LuaEventLogger] INFO - Hero of Tatooine: Scheduling NEW Event for Altruism spawn in 900000 Event Type: life - Function: createAltruismEvent  Source: @scripts/screenplays/tasks/hero_of_tatooine/heroOfTatooine.lua  Line: 154
Wed Feb 19 18:41:24 2025 [1740012084307 msec] (10977 s) Thread 7 - [LuaEventLogger] INFO - Hero of Tatooine: Scheduling NEW Event for Honor spawn in 10020000 Event Type: respawn - Function: createHonorEvent  Source: @scripts/screenplays/tasks/hero_of_tatooine/heroOfTatooine.lua  Line: 182
Wed Feb 19 18:50:24 2025 [1740012624037 msec] (11517 s) Thread 7 - [LuaEventLogger] INFO - Hero of Tatooine: doAltruismChange - Moisture Farmer already spawned, despawning and rescheduling. -  Source: @scripts/screenplays/tasks/hero_of_tatooine/heroOfTatooine.lua  Line: 343
Wed Feb 19 18:50:24 2025 [1740012624037 msec] (11517 s) Thread 7 - [LuaEventLogger] INFO - Hero of Tatooine: Scheduling NEW Event for Altruism spawn in 6240000 Event Type: respawn - Function: createAltruismEvent  Source: @scripts/screenplays/tasks/hero_of_tatooine/heroOfTatooine.lua  Line: 154
Wed Feb 19 20:34:24 2025 [1740018864137 msec] (17757 s) Thread 7 - [LuaEventLogger] INFO - Hero of Tatooine: doAltruismChange - Spawned Moisture Farmer at 1810.6951904297, 1079.5246582031 Tatooine using base Spawn Point - X: 1839 Y: 966 -  Source: @scripts/screenplays/tasks/hero_of_tatooine/heroOfTatooine.lua  Line: 376
Wed Feb 19 20:34:24 2025 [1740018864142 msec] (17757 s) Thread 7 - [LuaEventLogger] INFO - Hero of Tatooine: Scheduling NEW Event for Altruism spawn in 2160000 Event Type: life - Function: createAltruismEvent  Source: @scripts/screenplays/tasks/hero_of_tatooine/heroOfTatooine.lua  Line: 154
Wed Feb 19 20:35:24 2025 [1740018924722 msec] (17818 s) Thread 9 - [LuaEventLogger] INFO - Hero of Tatooine: doCourageChange complete. Boar Spawned at: -530.11090087891, 4633.44140625 -  Source: @scripts/screenplays/tasks/hero_of_tatooine/heroOfTatooine.lua  Line: 249
Wed Feb 19 20:35:24 2025 [1740018924722 msec] (17818 s) Thread 9 - [LuaEventLogger] INFO - Hero of Tatooine: Scheduling NEW Event for Courage spawn in 2100000 Event Type: life - Function: createCourageEvent  Source: @scripts/screenplays/tasks/hero_of_tatooine/heroOfTatooine.lua  Line: 140
Thu Feb 20 00:35:30 2025 [1740033330797 msec] (48 s) Thread 2 - [LuaEventLogger] INFO - CriesofAlderaan: determine Winning Faction -- Set Winning Faction: Rebel 370444368 scheduling to re-check in 604800 seconds. - Function: determineWinningFaction  Source: @scripts/screenplays/events/coa/coa.lua  Line: 104
Thu Feb 20 00:35:34 2025 [1740033334461 msec] (51 s) Thread 2 - [LuaEventLogger] INFO - Hero of Tatooine: Rescheduling EXISTING Event for Courage to spawn in 1500000 Event Type: initial - Function: createCourageEvent  Source: @scripts/screenplays/tasks/hero_of_tatooine/heroOfTatooine.lua  Line: 136
Thu Feb 20 00:35:34 2025 [1740033334461 msec] (51 s) Thread 2 - [LuaEventLogger] INFO - Hero of Tatooine: Rescheduling EXISTING Event for Altruism spawn in 1380000 Event Type: initial - Function: createAltruismEvent  Source: @scripts/screenplays/tasks/hero_of_tatooine/heroOfTatooine.lua  Line: 150
Thu Feb 20 00:35:34 2025 [1740033334461 msec] (51 s) Thread 2 - [LuaEventLogger] INFO - Hero of Tatooine: Scheduling NEW Event for Intellect spawn in 1560000 Event Type: initial - Function: createIntellectEvent  Source: @scripts/screenplays/tasks/hero_of_tatooine/heroOfTatooine.lua  Line: 168
Thu Feb 20 00:35:34 2025 [1740033334461 msec] (51 s) Thread 2 - [LuaEventLogger] INFO - Hero of Tatooine: Rescheduling EXISTING Event for Honor spawn in 1740000 Event Type: initial - Function: createHonorEvent  Source: @scripts/screenplays/tasks/hero_of_tatooine/heroOfTatooine.lua  Line: 178
Thu Feb 20 00:35:34 2025 [1740033334461 msec] (51 s) Thread 2 - [LuaEventLogger] INFO - Hero of Tatooine: initRanchHouse - Rancher house initialized. - Function: initRanchHouse  Source: @scripts/screenplays/tasks/hero_of_tatooine/heroOfTatooine.lua  Line: 1057
Thu Feb 20 00:47:51 2025 [1740034071127 msec] (25 s) Thread 2 - [LuaEventLogger] INFO - CriesofAlderaan: determine Winning Faction -- Set Winning Faction: Rebel 370444368 scheduling to re-check in 604800 seconds. - Function: determineWinningFaction  Source: @scripts/screenplays/events/coa/coa.lua  Line: 104
Thu Feb 20 00:47:55 2025 [1740034075282 msec] (29 s) Thread 2 - [LuaEventLogger] INFO - Hero of Tatooine: Rescheduling EXISTING Event for Courage to spawn in 1380000 Event Type: initial - Function: createCourageEvent  Source: @scripts/screenplays/tasks/hero_of_tatooine/heroOfTatooine.lua  Line: 136
Thu Feb 20 00:47:55 2025 [1740034075282 msec] (29 s) Thread 2 - [LuaEventLogger] INFO - Hero of Tatooine: Rescheduling EXISTING Event for Altruism spawn in 1800000 Event Type: initial - Function: createAltruismEvent  Source: @scripts/screenplays/tasks/hero_of_tatooine/heroOfTatooine.lua  Line: 150
Thu Feb 20 00:47:55 2025 [1740034075282 msec] (29 s) Thread 2 - [LuaEventLogger] INFO - Hero of Tatooine: Rescheduling EXISTING Event for Intellect spawn in 1200000 Event Type: initial - Function: createIntellectEvent  Source: @scripts/screenplays/tasks/hero_of_tatooine/heroOfTatooine.lua  Line: 164
Thu Feb 20 00:47:55 2025 [1740034075282 msec] (29 s) Thread 2 - [LuaEventLogger] INFO - Hero of Tatooine: Rescheduling EXISTING Event for Honor spawn in 1440000 Event Type: initial - Function: createHonorEvent  Source: @scripts/screenplays/tasks/hero_of_tatooine/heroOfTatooine.lua  Line: 178
Thu Feb 20 00:47:55 2025 [1740034075290 msec] (29 s) Thread 2 - [LuaEventLogger] INFO - Hero of Tatooine: initRanchHouse - Rancher house initialized. - Function: initRanchHouse  Source: @scripts/screenplays/tasks/hero_of_tatooine/heroOfTatooine.lua  Line: 1057
Thu Feb 20 01:10:55 2025 [1740035455288 msec] (1409 s) Thread 8 - [LuaEventLogger] INFO - Hero of Tatooine: doCourageChange complete. Boar Spawned at: -109.86435699463, 5067.0776367188 -  Source: @scripts/screenplays/tasks/hero_of_tatooine/heroOfTatooine.lua  Line: 249
Thu Feb 20 01:10:55 2025 [1740035455288 msec] (1409 s) Thread 8 - [LuaEventLogger] INFO - Hero of Tatooine: Scheduling NEW Event for Courage spawn in 3360000 Event Type: life - Function: createCourageEvent  Source: @scripts/screenplays/tasks/hero_of_tatooine/heroOfTatooine.lua  Line: 140
Thu Feb 20 01:11:55 2025 [1740035515287 msec] (1469 s) Thread 7 - [LuaEventLogger] INFO - Hero of Tatooine: doHonorChange - Spawned Pirate Leader at 4608.0913085938, -4080.9318847656 Tatooine using base Spawn Point - X: 4612 Y: -3969 -  Source: @scripts/screenplays/tasks/hero_of_tatooine/heroOfTatooine.lua  Line: 913
Thu Feb 20 01:11:55 2025 [1740035515291 msec] (1469 s) Thread 7 - [LuaEventLogger] INFO - Hero of Tatooine: Scheduling NEW Event for Honor spawn in 2520000 Event Type: life - Function: createHonorEvent  Source: @scripts/screenplays/tasks/hero_of_tatooine/heroOfTatooine.lua  Line: 182
Thu Feb 20 01:17:55 2025 [1740035875318 msec] (1829 s) Thread 9 - [LuaEventLogger] INFO - Hero of Tatooine: doAltruismChange - Spawned Moisture Farmer at 2227.36328125, 1255.9056396484 Tatooine using base Spawn Point - X: 2168 Y: 1293 -  Source: @scripts/screenplays/tasks/hero_of_tatooine/heroOfTatooine.lua  Line: 376
Thu Feb 20 01:17:55 2025 [1740035875318 msec] (1829 s) Thread 9 - [LuaEventLogger] INFO - Hero of Tatooine: Scheduling NEW Event for Altruism spawn in 960000 Event Type: life - Function: createAltruismEvent  Source: @scripts/screenplays/tasks/hero_of_tatooine/heroOfTatooine.lua  Line: 154
Thu Feb 20 01:33:55 2025 [1740036835318 msec] (2789 s) Thread 3 - [LuaEventLogger] INFO - Hero of Tatooine: doAltruismChange - Moisture Farmer already spawned, despawning and rescheduling. -  Source: @scripts/screenplays/tasks/hero_of_tatooine/heroOfTatooine.lua  Line: 343
Thu Feb 20 01:33:55 2025 [1740036835320 msec] (2789 s) Thread 3 - [LuaEventLogger] INFO - Hero of Tatooine: Scheduling NEW Event for Altruism spawn in 6060000 Event Type: respawn - Function: createAltruismEvent  Source: @scripts/screenplays/tasks/hero_of_tatooine/heroOfTatooine.lua  Line: 154
Thu Feb 20 01:53:55 2025 [1740038035292 msec] (3989 s) Thread 7 - [LuaEventLogger] INFO - Hero of Tatooine: Scheduling NEW Event for Honor spawn in 5400000 Event Type: respawn - Function: createHonorEvent  Source: @scripts/screenplays/tasks/hero_of_tatooine/heroOfTatooine.lua  Line: 182
Thu Feb 20 02:06:55 2025 [1740038815289 msec] (4769 s) Thread 7 - [LuaEventLogger] INFO - Hero of Tatooine: doCourageChange - Boar is spawned, despawning and rescheduling respawn. -  Source: @scripts/screenplays/tasks/hero_of_tatooine/heroOfTatooine.lua  Line: 214
Thu Feb 20 02:06:55 2025 [1740038815289 msec] (4769 s) Thread 7 - [LuaEventLogger] INFO - Hero of Tatooine: Scheduling NEW Event for Courage spawn in 10680000 Event Type: respawn - Function: createCourageEvent  Source: @scripts/screenplays/tasks/hero_of_tatooine/heroOfTatooine.lua  Line: 140
Thu Feb 20 03:14:55 2025 [1740042895323 msec] (8849 s) Thread 7 - [LuaEventLogger] INFO - Hero of Tatooine: doAltruismChange - Spawned Moisture Farmer at 2353.3332519531, 662.76727294922 Tatooine using base Spawn Point - X: 2478 Y: 687 -  Source: @scripts/screenplays/tasks/hero_of_tatooine/heroOfTatooine.lua  Line: 376
Thu Feb 20 03:14:55 2025 [1740042895324 msec] (8849 s) Thread 7 - [LuaEventLogger] INFO - Hero of Tatooine: Scheduling NEW Event for Altruism spawn in 2580000 Event Type: life - Function: createAltruismEvent  Source: @scripts/screenplays/tasks/hero_of_tatooine/heroOfTatooine.lua  Line: 154
Thu Feb 20 03:23:55 2025 [1740043435305 msec] (9389 s) Thread 9 - [LuaEventLogger] INFO - Hero of Tatooine: doHonorChange - Spawned Pirate Leader at 4118.7045898438, -4345.4604492188 Tatooine using base Spawn Point - X: 4091 Y: -4310 -  Source: @scripts/screenplays/tasks/hero_of_tatooine/heroOfTatooine.lua  Line: 913
Thu Feb 20 03:23:55 2025 [1740043435324 msec] (9389 s) Thread 9 - [LuaEventLogger] INFO - Hero of Tatooine: Scheduling NEW Event for Honor spawn in 3000000 Event Type: life - Function: createHonorEvent  Source: @scripts/screenplays/tasks/hero_of_tatooine/heroOfTatooine.lua  Line: 182
Thu Feb 20 03:57:55 2025 [1740045475325 msec] (11429 s) Thread 5 - [LuaEventLogger] INFO - Hero of Tatooine: doAltruismChange - Moisture Farmer already spawned, despawning and rescheduling. -  Source: @scripts/screenplays/tasks/hero_of_tatooine/heroOfTatooine.lua  Line: 343
Thu Feb 20 03:57:55 2025 [1740045475325 msec] (11429 s) Thread 5 - [LuaEventLogger] INFO - Hero of Tatooine: Scheduling NEW Event for Altruism spawn in 3780000 Event Type: respawn - Function: createAltruismEvent  Source: @scripts/screenplays/tasks/hero_of_tatooine/heroOfTatooine.lua  Line: 154
Thu Feb 20 04:13:55 2025 [1740046435325 msec] (12389 s) Thread 10 - [LuaEventLogger] INFO - Hero of Tatooine: Scheduling NEW Event for Honor spawn in 5040000 Event Type: respawn - Function: createHonorEvent  Source: @scripts/screenplays/tasks/hero_of_tatooine/heroOfTatooine.lua  Line: 182
Thu Feb 20 05:00:55 2025 [1740049255328 msec] (15209 s) Thread 7 - [LuaEventLogger] INFO - Hero of Tatooine: doAltruismChange - Spawned Moisture Farmer at 2152.5734863281, 1344.3518066406 Tatooine using base Spawn Point - X: 2123 Y: 1291 -  Source: @scripts/screenplays/tasks/hero_of_tatooine/heroOfTatooine.lua  Line: 376
Thu Feb 20 05:00:55 2025 [1740049255334 msec] (15209 s) Thread 7 - [LuaEventLogger] INFO - Hero of Tatooine: Scheduling NEW Event for Altruism spawn in 2220000 Event Type: life - Function: createAltruismEvent  Source: @scripts/screenplays/tasks/hero_of_tatooine/heroOfTatooine.lua  Line: 154
Thu Feb 20 05:04:55 2025 [1740049495299 msec] (15449 s) Thread 6 - [LuaEventLogger] INFO - Hero of Tatooine: doCourageChange complete. Boar Spawned at: -437.77066040039, 5029.771484375 -  Source: @scripts/screenplays/tasks/hero_of_tatooine/heroOfTatooine.lua  Line: 249
Thu Feb 20 05:04:55 2025 [1740049495299 msec] (15449 s) Thread 6 - [LuaEventLogger] INFO - Hero of Tatooine: Scheduling NEW Event for Courage spawn in 2400000 Event Type: life - Function: createCourageEvent  Source: @scripts/screenplays/tasks/hero_of_tatooine/heroOfTatooine.lua  Line: 140
Thu Feb 20 05:37:55 2025 [1740051475335 msec] (17429 s) Thread 8 - [LuaEventLogger] INFO - Hero of Tatooine: doAltruismChange - Moisture Farmer already spawned, despawning and rescheduling. -  Source: @scripts/screenplays/tasks/hero_of_tatooine/heroOfTatooine.lua  Line: 343
Thu Feb 20 05:37:55 2025 [1740051475335 msec] (17429 s) Thread 6 - [LuaEventLogger] INFO - Hero of Tatooine: doHonorChange - Spawned Pirate Leader at 5889.9848632812, -5223.296875 Tatooine using base Spawn Point - X: 5912 Y: -5135 -  Source: @scripts/screenplays/tasks/hero_of_tatooine/heroOfTatooine.lua  Line: 913
Thu Feb 20 05:37:55 2025 [1740051475348 msec] (17429 s) Thread 8 - [LuaEventLogger] INFO - Hero of Tatooine: Scheduling NEW Event for Altruism spawn in 10500000 Event Type: respawn - Function: createAltruismEvent  Source: @scripts/screenplays/tasks/hero_of_tatooine/heroOfTatooine.lua  Line: 154
Thu Feb 20 05:37:55 2025 [1740051475352 msec] (17429 s) Thread 6 - [LuaEventLogger] INFO - Hero of Tatooine: Scheduling NEW Event for Honor spawn in 1740000 Event Type: life - Function: createHonorEvent  Source: @scripts/screenplays/tasks/hero_of_tatooine/heroOfTatooine.lua  Line: 182
Thu Feb 20 05:44:55 2025 [1740051895302 msec] (17849 s) Thread 3 - [LuaEventLogger] INFO - Hero of Tatooine: doCourageChange - Boar is spawned, despawning and rescheduling respawn. -  Source: @scripts/screenplays/tasks/hero_of_tatooine/heroOfTatooine.lua  Line: 214
Thu Feb 20 05:44:55 2025 [1740051895303 msec] (17849 s) Thread 3 - [LuaEventLogger] INFO - Hero of Tatooine: Scheduling NEW Event for Courage spawn in 4620000 Event Type: respawn - Function: createCourageEvent  Source: @scripts/screenplays/tasks/hero_of_tatooine/heroOfTatooine.lua  Line: 140
Thu Feb 20 06:06:55 2025 [1740053215356 msec] (19169 s) Thread 4 - [LuaEventLogger] INFO - Hero of Tatooine: Scheduling NEW Event for Honor spawn in 8460000 Event Type: respawn - Function: createHonorEvent  Source: @scripts/screenplays/tasks/hero_of_tatooine/heroOfTatooine.lua  Line: 182
Thu Feb 20 07:01:55 2025 [1740056515325 msec] (22469 s) Thread 7 - [LuaEventLogger] INFO - Hero of Tatooine: doCourageChange complete. Boar Spawned at: -1150.3887939453, 4768.7065429688 -  Source: @scripts/screenplays/tasks/hero_of_tatooine/heroOfTatooine.lua  Line: 249
Thu Feb 20 07:01:55 2025 [1740056515328 msec] (22469 s) Thread 7 - [LuaEventLogger] INFO - Hero of Tatooine: Scheduling NEW Event for Courage spawn in 2400000 Event Type: life - Function: createCourageEvent  Source: @scripts/screenplays/tasks/hero_of_tatooine/heroOfTatooine.lua  Line: 140
Thu Feb 20 07:41:55 2025 [1740058915329 msec] (24869 s) Thread 7 - [LuaEventLogger] INFO - Hero of Tatooine: doCourageChange - Boar is spawned, despawning and rescheduling respawn. -  Source: @scripts/screenplays/tasks/hero_of_tatooine/heroOfTatooine.lua  Line: 214
Thu Feb 20 07:41:55 2025 [1740058915331 msec] (24869 s) Thread 7 - [LuaEventLogger] INFO - Hero of Tatooine: Scheduling NEW Event for Courage spawn in 5100000 Event Type: respawn - Function: createCourageEvent  Source: @scripts/screenplays/tasks/hero_of_tatooine/heroOfTatooine.lua  Line: 140
Thu Feb 20 08:27:55 2025 [1740061675439 msec] (27629 s) Thread 8 - [LuaEventLogger] INFO - Hero of Tatooine: doHonorChange - Spawned Pirate Leader at 4628.8286132812, -3851.0131835938 Tatooine using base Spawn Point - X: 4650 Y: -3860 -  Source: @scripts/screenplays/tasks/hero_of_tatooine/heroOfTatooine.lua  Line: 913
Thu Feb 20 08:27:55 2025 [1740061675462 msec] (27629 s) Thread 8 - [LuaEventLogger] INFO - Hero of Tatooine: Scheduling NEW Event for Honor spawn in 900000 Event Type: life - Function: createHonorEvent  Source: @scripts/screenplays/tasks/hero_of_tatooine/heroOfTatooine.lua  Line: 182
Thu Feb 20 08:32:55 2025 [1740061975361 msec] (27929 s) Thread 9 - [LuaEventLogger] INFO - Hero of Tatooine: doAltruismChange - Spawned Moisture Farmer at 2582.6381835938, 1180.7713623047 Tatooine using base Spawn Point - X: 2570 Y: 1164 -  Source: @scripts/screenplays/tasks/hero_of_tatooine/heroOfTatooine.lua  Line: 376
Thu Feb 20 08:32:55 2025 [1740061975361 msec] (27929 s) Thread 9 - [LuaEventLogger] INFO - Hero of Tatooine: Scheduling NEW Event for Altruism spawn in 900000 Event Type: life - Function: createAltruismEvent  Source: @scripts/screenplays/tasks/hero_of_tatooine/heroOfTatooine.lua  Line: 154
Thu Feb 20 08:42:55 2025 [1740062575451 msec] (28529 s) Thread 7 - [LuaEventLogger] INFO - Hero of Tatooine: Scheduling NEW Event for Honor spawn in 6480000 Event Type: respawn - Function: createHonorEvent  Source: @scripts/screenplays/tasks/hero_of_tatooine/heroOfTatooine.lua  Line: 182
Thu Feb 20 08:47:55 2025 [1740062875366 msec] (28829 s) Thread 8 - [LuaEventLogger] INFO - Hero of Tatooine: doAltruismChange - Moisture Farmer already spawned, despawning and rescheduling. -  Source: @scripts/screenplays/tasks/hero_of_tatooine/heroOfTatooine.lua  Line: 343
Thu Feb 20 08:47:55 2025 [1740062875366 msec] (28829 s) Thread 8 - [LuaEventLogger] INFO - Hero of Tatooine: Scheduling NEW Event for Altruism spawn in 8400000 Event Type: respawn - Function: createAltruismEvent  Source: @scripts/screenplays/tasks/hero_of_tatooine/heroOfTatooine.lua  Line: 154
Thu Feb 20 09:06:55 2025 [1740064015538 msec] (29970 s) Thread 10 - [LuaEventLogger] INFO - Hero of Tatooine: doCourageChange complete. Boar Spawned at: -900.36315917969, 5799.4731445312 -  Source: @scripts/screenplays/tasks/hero_of_tatooine/heroOfTatooine.lua  Line: 249
Thu Feb 20 09:06:55 2025 [1740064015538 msec] (29970 s) Thread 10 - [LuaEventLogger] INFO - Hero of Tatooine: Scheduling NEW Event for Courage spawn in 1440000 Event Type: life - Function: createCourageEvent  Source: @scripts/screenplays/tasks/hero_of_tatooine/heroOfTatooine.lua  Line: 140
Thu Feb 20 09:30:55 2025 [1740065455540 msec] (31410 s) Thread 4 - [LuaEventLogger] INFO - Hero of Tatooine: doCourageChange - Boar is spawned, despawning and rescheduling respawn. -  Source: @scripts/screenplays/tasks/hero_of_tatooine/heroOfTatooine.lua  Line: 214
Thu Feb 20 09:30:55 2025 [1740065455544 msec] (31410 s) Thread 4 - [LuaEventLogger] INFO - Hero of Tatooine: Scheduling NEW Event for Courage spawn in 7140000 Event Type: respawn - Function: createCourageEvent  Source: @scripts/screenplays/tasks/hero_of_tatooine/heroOfTatooine.lua  Line: 140
Thu Feb 20 10:30:55 2025 [1740069055571 msec] (35010 s) Thread 6 - [LuaEventLogger] INFO - Hero of Tatooine: doHonorChange - Spawned Pirate Leader at 5848.7124023438, -5314.6337890625 Tatooine using base Spawn Point - X: 5946 Y: -5233 -  Source: @scripts/screenplays/tasks/hero_of_tatooine/heroOfTatooine.lua  Line: 913
Thu Feb 20 10:30:55 2025 [1740069055581 msec] (35010 s) Thread 6 - [LuaEventLogger] INFO - Hero of Tatooine: Scheduling NEW Event for Honor spawn in 1860000 Event Type: life - Function: createHonorEvent  Source: @scripts/screenplays/tasks/hero_of_tatooine/heroOfTatooine.lua  Line: 182
Thu Feb 20 11:01:55 2025 [1740070915581 msec] (36870 s) Thread 7 - [LuaEventLogger] INFO - Hero of Tatooine: Scheduling NEW Event for Honor spawn in 8400000 Event Type: respawn - Function: createHonorEvent  Source: @scripts/screenplays/tasks/hero_of_tatooine/heroOfTatooine.lua  Line: 182
Thu Feb 20 11:07:55 2025 [1740071275373 msec] (37229 s) Thread 8 - [LuaEventLogger] INFO - Hero of Tatooine: doAltruismChange - Spawned Moisture Farmer at 2186.9279785156, 1265.9680175781 Tatooine using base Spawn Point - X: 2168 Y: 1293 -  Source: @scripts/screenplays/tasks/hero_of_tatooine/heroOfTatooine.lua  Line: 376
Thu Feb 20 11:07:55 2025 [1740071275373 msec] (37229 s) Thread 8 - [LuaEventLogger] INFO - Hero of Tatooine: Scheduling NEW Event for Altruism spawn in 3240000 Event Type: life - Function: createAltruismEvent  Source: @scripts/screenplays/tasks/hero_of_tatooine/heroOfTatooine.lua  Line: 154
Thu Feb 20 11:29:55 2025 [1740072595552 msec] (38550 s) Thread 5 - [LuaEventLogger] INFO - Hero of Tatooine: doCourageChange complete. Boar Spawned at: -1118.1225585938, 5299.6489257812 -  Source: @scripts/screenplays/tasks/hero_of_tatooine/heroOfTatooine.lua  Line: 249
Thu Feb 20 11:29:55 2025 [1740072595575 msec] (38550 s) Thread 5 - [LuaEventLogger] INFO - Hero of Tatooine: Scheduling NEW Event for Courage spawn in 2520000 Event Type: life - Function: createCourageEvent  Source: @scripts/screenplays/tasks/hero_of_tatooine/heroOfTatooine.lua  Line: 140
Thu Feb 20 12:01:55 2025 [1740074515404 msec] (40469 s) Thread 6 - [LuaEventLogger] INFO - Hero of Tatooine: doAltruismChange - Moisture Farmer already spawned, despawning and rescheduling. -  Source: @scripts/screenplays/tasks/hero_of_tatooine/heroOfTatooine.lua  Line: 343
Thu Feb 20 12:01:55 2025 [1740074515404 msec] (40469 s) Thread 6 - [LuaEventLogger] INFO - Hero of Tatooine: Scheduling NEW Event for Altruism spawn in 8400000 Event Type: respawn - Function: createAltruismEvent  Source: @scripts/screenplays/tasks/hero_of_tatooine/heroOfTatooine.lua  Line: 154
Thu Feb 20 12:11:55 2025 [1740075115603 msec] (41070 s) Thread 3 - [LuaEventLogger] INFO - Hero of Tatooine: doCourageChange - Boar is spawned, despawning and rescheduling respawn. -  Source: @scripts/screenplays/tasks/hero_of_tatooine/heroOfTatooine.lua  Line: 214
Thu Feb 20 12:11:55 2025 [1740075115603 msec] (41070 s) Thread 3 - [LuaEventLogger] INFO - Hero of Tatooine: Scheduling NEW Event for Courage spawn in 8940000 Event Type: respawn - Function: createCourageEvent  Source: @scripts/screenplays/tasks/hero_of_tatooine/heroOfTatooine.lua  Line: 140
Thu Feb 20 13:21:55 2025 [1740079315596 msec] (45270 s) Thread 5 - [LuaEventLogger] INFO - Hero of Tatooine: doHonorChange - Spawned Pirate Leader at 6455.2880859375, -4536.0522460938 Tatooine using base Spawn Point - X: 6377 Y: -4623 -  Source: @scripts/screenplays/tasks/hero_of_tatooine/heroOfTatooine.lua  Line: 913
Thu Feb 20 13:21:55 2025 [1740079315651 msec] (45270 s) Thread 5 - [LuaEventLogger] INFO - Hero of Tatooine: Scheduling NEW Event for Honor spawn in 1560000 Event Type: life - Function: createHonorEvent  Source: @scripts/screenplays/tasks/hero_of_tatooine/heroOfTatooine.lua  Line: 182
Thu Feb 20 13:47:55 2025 [1740080875652 msec] (46830 s) Thread 8 - [LuaEventLogger] INFO - Hero of Tatooine: Scheduling NEW Event for Honor spawn in 6720000 Event Type: respawn - Function: createHonorEvent  Source: @scripts/screenplays/tasks/hero_of_tatooine/heroOfTatooine.lua  Line: 182
Thu Feb 20 14:21:55 2025 [1740082915525 msec] (48869 s) Thread 4 - [LuaEventLogger] INFO - Hero of Tatooine: doAltruismChange - Spawned Moisture Farmer at 2827.2043457031, 1563.6032714844 Tatooine using base Spawn Point - X: 2778 Y: 1507 -  Source: @scripts/screenplays/tasks/hero_of_tatooine/heroOfTatooine.lua  Line: 376
Thu Feb 20 14:21:55 2025 [1740082915526 msec] (48869 s) Thread 4 - [LuaEventLogger] INFO - Hero of Tatooine: Scheduling NEW Event for Altruism spawn in 3120000 Event Type: life - Function: createAltruismEvent  Source: @scripts/screenplays/tasks/hero_of_tatooine/heroOfTatooine.lua  Line: 154
Thu Feb 20 14:40:55 2025 [1740084055607 msec] (50010 s) Thread 6 - [LuaEventLogger] INFO - Hero of Tatooine: doCourageChange complete. Boar Spawned at: -568.46435546875, 4995.0639648438 -  Source: @scripts/screenplays/tasks/hero_of_tatooine/heroOfTatooine.lua  Line: 249
Thu Feb 20 14:40:55 2025 [1740084055607 msec] (50010 s) Thread 6 - [LuaEventLogger] INFO - Hero of Tatooine: Scheduling NEW Event for Courage spawn in 3300000 Event Type: life - Function: createCourageEvent  Source: @scripts/screenplays/tasks/hero_of_tatooine/heroOfTatooine.lua  Line: 140
Thu Feb 20 15:00:57 2025 [1740085257221 msec] (120 s) Thread 2 - [LuaEventLogger] INFO - CriesofAlderaan: determine Winning Faction -- Set Winning Faction: Imperial 3679112276 scheduling to re-check in 604800 seconds. - Function: determineWinningFaction  Source: @scripts/screenplays/events/coa/coa.lua  Line: 104
Thu Feb 20 15:01:07 2025 [1740085267027 msec] (130 s) Thread 2 - [LuaEventLogger] INFO - Hero of Tatooine: Rescheduling EXISTING Event for Courage to spawn in 1320000 Event Type: initial - Function: createCourageEvent  Source: @scripts/screenplays/tasks/hero_of_tatooine/heroOfTatooine.lua  Line: 136
Thu Feb 20 15:01:07 2025 [1740085267027 msec] (130 s) Thread 2 - [LuaEventLogger] INFO - Hero of Tatooine: Rescheduling EXISTING Event for Altruism spawn in 1800000 Event Type: initial - Function: createAltruismEvent  Source: @scripts/screenplays/tasks/hero_of_tatooine/heroOfTatooine.lua  Line: 150
Thu Feb 20 15:01:07 2025 [1740085267027 msec] (130 s) Thread 2 - [LuaEventLogger] INFO - Hero of Tatooine: Scheduling NEW Event for Intellect spawn in 1200000 Event Type: initial - Function: createIntellectEvent  Source: @scripts/screenplays/tasks/hero_of_tatooine/heroOfTatooine.lua  Line: 168
Thu Feb 20 15:01:07 2025 [1740085267027 msec] (130 s) Thread 2 - [LuaEventLogger] INFO - Hero of Tatooine: Rescheduling EXISTING Event for Honor spawn in 1200000 Event Type: initial - Function: createHonorEvent  Source: @scripts/screenplays/tasks/hero_of_tatooine/heroOfTatooine.lua  Line: 178
Thu Feb 20 15:01:07 2025 [1740085267028 msec] (130 s) Thread 2 - [LuaEventLogger] INFO - Hero of Tatooine: initRanchHouse - Rancher house initialized. - Function: initRanchHouse  Source: @scripts/screenplays/tasks/hero_of_tatooine/heroOfTatooine.lua  Line: 1057
Thu Feb 20 15:17:08 2025 [1740086228035 msec] (46 s) Thread 2 - [LuaEventLogger] INFO - CriesofAlderaan: determine Winning Faction -- Set Winning Faction: Rebel 370444368 scheduling to re-check in 604800 seconds. - Function: determineWinningFaction  Source: @scripts/screenplays/events/coa/coa.lua  Line: 104
Thu Feb 20 15:17:12 2025 [1740086232638 msec] (51 s) Thread 2 - [LuaEventLogger] INFO - Hero of Tatooine: Rescheduling EXISTING Event for Courage to spawn in 1200000 Event Type: initial - Function: createCourageEvent  Source: @scripts/screenplays/tasks/hero_of_tatooine/heroOfTatooine.lua  Line: 136
Thu Feb 20 15:17:12 2025 [1740086232638 msec] (51 s) Thread 2 - [LuaEventLogger] INFO - Hero of Tatooine: Rescheduling EXISTING Event for Altruism spawn in 1620000 Event Type: initial - Function: createAltruismEvent  Source: @scripts/screenplays/tasks/hero_of_tatooine/heroOfTatooine.lua  Line: 150
Thu Feb 20 15:17:12 2025 [1740086232638 msec] (51 s) Thread 2 - [LuaEventLogger] INFO - Hero of Tatooine: Rescheduling EXISTING Event for Intellect spawn in 1260000 Event Type: initial - Function: createIntellectEvent  Source: @scripts/screenplays/tasks/hero_of_tatooine/heroOfTatooine.lua  Line: 164
Thu Feb 20 15:17:12 2025 [1740086232638 msec] (51 s) Thread 2 - [LuaEventLogger] INFO - Hero of Tatooine: Rescheduling EXISTING Event for Honor spawn in 1620000 Event Type: initial - Function: createHonorEvent  Source: @scripts/screenplays/tasks/hero_of_tatooine/heroOfTatooine.lua  Line: 178
Thu Feb 20 15:17:12 2025 [1740086232639 msec] (51 s) Thread 2 - [LuaEventLogger] INFO - Hero of Tatooine: initRanchHouse - Rancher house initialized. - Function: initRanchHouse  Source: @scripts/screenplays/tasks/hero_of_tatooine/heroOfTatooine.lua  Line: 1057
Thu Feb 20 15:37:12 2025 [1740087432769 msec] (1251 s) Thread 9 - [LuaEventLogger] INFO - Hero of Tatooine: doCourageChange complete. Boar Spawned at: -869.91674804688, 4500.7016601562 -  Source: @scripts/screenplays/tasks/hero_of_tatooine/heroOfTatooine.lua  Line: 249
Thu Feb 20 15:37:12 2025 [1740087432770 msec] (1251 s) Thread 9 - [LuaEventLogger] INFO - Hero of Tatooine: Scheduling NEW Event for Courage spawn in 1920000 Event Type: life - Function: createCourageEvent  Source: @scripts/screenplays/tasks/hero_of_tatooine/heroOfTatooine.lua  Line: 140
Thu Feb 20 15:44:12 2025 [1740087852682 msec] (1671 s) Thread 5 - [LuaEventLogger] INFO - Hero of Tatooine: doAltruismChange - Spawned Moisture Farmer at 2222.0, 1293.0 Tatooine using base Spawn Point - X: 2168 Y: 1293 -  Source: @scripts/screenplays/tasks/hero_of_tatooine/heroOfTatooine.lua  Line: 376
Thu Feb 20 15:44:12 2025 [1740087852682 msec] (1671 s) Thread 5 - [LuaEventLogger] INFO - Hero of Tatooine: Scheduling NEW Event for Altruism spawn in 960000 Event Type: life - Function: createAltruismEvent  Source: @scripts/screenplays/tasks/hero_of_tatooine/heroOfTatooine.lua  Line: 154
Thu Feb 20 15:44:12 2025 [1740087852683 msec] (1671 s) Thread 7 - [LuaEventLogger] INFO - Hero of Tatooine: doHonorChange - Spawned Pirate Leader at 6309.384765625, -5336.7221679688 Tatooine using base Spawn Point - X: 6337 Y: -5325 -  Source: @scripts/screenplays/tasks/hero_of_tatooine/heroOfTatooine.lua  Line: 913
Thu Feb 20 15:44:12 2025 [1740087852686 msec] (1671 s) Thread 7 - [LuaEventLogger] INFO - Hero of Tatooine: Scheduling NEW Event for Honor spawn in 3360000 Event Type: life - Function: createHonorEvent  Source: @scripts/screenplays/tasks/hero_of_tatooine/heroOfTatooine.lua  Line: 182
Thu Feb 20 16:00:12 2025 [1740088812805 msec] (2631 s) Thread 6 - [LuaEventLogger] INFO - Hero of Tatooine: doAltruismChange - Moisture Farmer already spawned, despawning and rescheduling. -  Source: @scripts/screenplays/tasks/hero_of_tatooine/heroOfTatooine.lua  Line: 343
Thu Feb 20 16:00:12 2025 [1740088812805 msec] (2631 s) Thread 6 - [LuaEventLogger] INFO - Hero of Tatooine: Scheduling NEW Event for Altruism spawn in 10320000 Event Type: respawn - Function: createAltruismEvent  Source: @scripts/screenplays/tasks/hero_of_tatooine/heroOfTatooine.lua  Line: 154
Thu Feb 20 16:09:12 2025 [1740089352778 msec] (3171 s) Thread 4 - [LuaEventLogger] INFO - Hero of Tatooine: doCourageChange - Boar is spawned, despawning and rescheduling respawn. -  Source: @scripts/screenplays/tasks/hero_of_tatooine/heroOfTatooine.lua  Line: 214
Thu Feb 20 16:09:12 2025 [1740089352778 msec] (3171 s) Thread 4 - [LuaEventLogger] INFO - Hero of Tatooine: Scheduling NEW Event for Courage spawn in 5220000 Event Type: respawn - Function: createCourageEvent  Source: @scripts/screenplays/tasks/hero_of_tatooine/heroOfTatooine.lua  Line: 140
Thu Feb 20 16:40:13 2025 [1740091213524 msec] (5031 s) Thread 6 - [LuaEventLogger] INFO - Hero of Tatooine: Scheduling NEW Event for Honor spawn in 7200000 Event Type: respawn - Function: createHonorEvent  Source: @scripts/screenplays/tasks/hero_of_tatooine/heroOfTatooine.lua  Line: 182
Thu Feb 20 17:36:12 2025 [1740094572824 msec] (8391 s) Thread 10 - [LuaEventLogger] INFO - Hero of Tatooine: doCourageChange complete. Boar Spawned at: -576.18585205078, 4968.0415039062 -  Source: @scripts/screenplays/tasks/hero_of_tatooine/heroOfTatooine.lua  Line: 249
Thu Feb 20 17:36:12 2025 [1740094572824 msec] (8391 s) Thread 10 - [LuaEventLogger] INFO - Hero of Tatooine: Scheduling NEW Event for Courage spawn in 1800000 Event Type: life - Function: createCourageEvent  Source: @scripts/screenplays/tasks/hero_of_tatooine/heroOfTatooine.lua  Line: 140
Thu Feb 20 17:48:36 2025 [1740095316277 msec] (74 s) Thread 2 - [LuaEventLogger] INFO - CriesofAlderaan: determine Winning Faction -- Set Winning Faction: Rebel 370444368 scheduling to re-check in 604800 seconds. - Function: determineWinningFaction  Source: @scripts/screenplays/events/coa/coa.lua  Line: 104
Thu Feb 20 17:48:41 2025 [1740095321110 msec] (79 s) Thread 2 - [LuaEventLogger] INFO - Hero of Tatooine: Rescheduling EXISTING Event for Courage to spawn in 1380000 Event Type: initial - Function: createCourageEvent  Source: @scripts/screenplays/tasks/hero_of_tatooine/heroOfTatooine.lua  Line: 136
Thu Feb 20 17:48:41 2025 [1740095321110 msec] (79 s) Thread 2 - [LuaEventLogger] INFO - Hero of Tatooine: Rescheduling EXISTING Event for Altruism spawn in 1200000 Event Type: initial - Function: createAltruismEvent  Source: @scripts/screenplays/tasks/hero_of_tatooine/heroOfTatooine.lua  Line: 150
Thu Feb 20 17:48:41 2025 [1740095321110 msec] (79 s) Thread 2 - [LuaEventLogger] INFO - Hero of Tatooine: Scheduling NEW Event for Intellect spawn in 1800000 Event Type: initial - Function: createIntellectEvent  Source: @scripts/screenplays/tasks/hero_of_tatooine/heroOfTatooine.lua  Line: 168
Thu Feb 20 17:48:41 2025 [1740095321110 msec] (79 s) Thread 2 - [LuaEventLogger] INFO - Hero of Tatooine: Rescheduling EXISTING Event for Honor spawn in 1380000 Event Type: initial - Function: createHonorEvent  Source: @scripts/screenplays/tasks/hero_of_tatooine/heroOfTatooine.lua  Line: 178
Thu Feb 20 17:48:41 2025 [1740095321110 msec] (79 s) Thread 2 - [LuaEventLogger] INFO - Hero of Tatooine: initRanchHouse - Rancher house initialized. - Function: initRanchHouse  Source: @scripts/screenplays/tasks/hero_of_tatooine/heroOfTatooine.lua  Line: 1057
Thu Feb 20 17:51:37 2025 [1740095497126 msec] (42 s) Thread 2 - [LuaEventLogger] INFO - CriesofAlderaan: determine Winning Faction -- Set Winning Faction: Rebel 370444368 scheduling to re-check in 604800 seconds. - Function: determineWinningFaction  Source: @scripts/screenplays/events/coa/coa.lua  Line: 104
Thu Feb 20 17:51:41 2025 [1740095501570 msec] (46 s) Thread 2 - [LuaEventLogger] INFO - Hero of Tatooine: Rescheduling EXISTING Event for Courage to spawn in 1740000 Event Type: initial - Function: createCourageEvent  Source: @scripts/screenplays/tasks/hero_of_tatooine/heroOfTatooine.lua  Line: 136
Thu Feb 20 17:51:41 2025 [1740095501570 msec] (46 s) Thread 2 - [LuaEventLogger] INFO - Hero of Tatooine: Rescheduling EXISTING Event for Altruism spawn in 1380000 Event Type: initial - Function: createAltruismEvent  Source: @scripts/screenplays/tasks/hero_of_tatooine/heroOfTatooine.lua  Line: 150
Thu Feb 20 17:51:41 2025 [1740095501570 msec] (46 s) Thread 2 - [LuaEventLogger] INFO - Hero of Tatooine: Scheduling NEW Event for Intellect spawn in 1560000 Event Type: initial - Function: createIntellectEvent  Source: @scripts/screenplays/tasks/hero_of_tatooine/heroOfTatooine.lua  Line: 168
Thu Feb 20 17:51:41 2025 [1740095501570 msec] (46 s) Thread 2 - [LuaEventLogger] INFO - Hero of Tatooine: Rescheduling EXISTING Event for Honor spawn in 1800000 Event Type: initial - Function: createHonorEvent  Source: @scripts/screenplays/tasks/hero_of_tatooine/heroOfTatooine.lua  Line: 178
Thu Feb 20 17:51:41 2025 [1740095501574 msec] (46 s) Thread 2 - [LuaEventLogger] INFO - Hero of Tatooine: initRanchHouse - Rancher house initialized. - Function: initRanchHouse  Source: @scripts/screenplays/tasks/hero_of_tatooine/heroOfTatooine.lua  Line: 1057
Thu Feb 20 18:14:41 2025 [1740096881578 msec] (1426 s) Thread 7 - [LuaEventLogger] INFO - Hero of Tatooine: doAltruismChange - Spawned Moisture Farmer at 3296.8615722656, 1277.2858886719 Tatooine using base Spawn Point - X: 3196 Y: 1272 -  Source: @scripts/screenplays/tasks/hero_of_tatooine/heroOfTatooine.lua  Line: 376
Thu Feb 20 18:14:41 2025 [1740096881578 msec] (1426 s) Thread 7 - [LuaEventLogger] INFO - Hero of Tatooine: Scheduling NEW Event for Altruism spawn in 3000000 Event Type: life - Function: createAltruismEvent  Source: @scripts/screenplays/tasks/hero_of_tatooine/heroOfTatooine.lua  Line: 154
Thu Feb 20 18:20:41 2025 [1740097241584 msec] (1786 s) Thread 9 - [LuaEventLogger] INFO - Hero of Tatooine: doCourageChange complete. Boar Spawned at: -1208.8387451172, 5361.0771484375 -  Source: @scripts/screenplays/tasks/hero_of_tatooine/heroOfTatooine.lua  Line: 249
Thu Feb 20 18:20:41 2025 [1740097241589 msec] (1786 s) Thread 9 - [LuaEventLogger] INFO - Hero of Tatooine: Scheduling NEW Event for Courage spawn in 1920000 Event Type: life - Function: createCourageEvent  Source: @scripts/screenplays/tasks/hero_of_tatooine/heroOfTatooine.lua  Line: 140
Thu Feb 20 18:21:41 2025 [1740097301599 msec] (1846 s) Thread 9 - [LuaEventLogger] INFO - Hero of Tatooine: doHonorChange - Spawned Pirate Leader at 5417.3696289062, -5332.7626953125 Tatooine using base Spawn Point - X: 5513 Y: -5362 -  Source: @scripts/screenplays/tasks/hero_of_tatooine/heroOfTatooine.lua  Line: 913
Thu Feb 20 18:21:41 2025 [1740097301631 msec] (1846 s) Thread 9 - [LuaEventLogger] INFO - Hero of Tatooine: Scheduling NEW Event for Honor spawn in 1920000 Event Type: life - Function: createHonorEvent  Source: @scripts/screenplays/tasks/hero_of_tatooine/heroOfTatooine.lua  Line: 182
Thu Feb 20 18:53:24 2025 [1740099204482 msec] (71 s) Thread 2 - [LuaEventLogger] INFO - CriesofAlderaan: determine Winning Faction -- Set Winning Faction: Rebel 370444368 scheduling to re-check in 604800 seconds. - Function: determineWinningFaction  Source: @scripts/screenplays/events/coa/coa.lua  Line: 104
Thu Feb 20 18:53:28 2025 [1740099208763 msec] (75 s) Thread 2 - [LuaEventLogger] INFO - Hero of Tatooine: Rescheduling EXISTING Event for Courage to spawn in 1500000 Event Type: initial - Function: createCourageEvent  Source: @scripts/screenplays/tasks/hero_of_tatooine/heroOfTatooine.lua  Line: 136
Thu Feb 20 18:53:28 2025 [1740099208763 msec] (75 s) Thread 2 - [LuaEventLogger] INFO - Hero of Tatooine: Rescheduling EXISTING Event for Altruism spawn in 1500000 Event Type: initial - Function: createAltruismEvent  Source: @scripts/screenplays/tasks/hero_of_tatooine/heroOfTatooine.lua  Line: 150
Thu Feb 20 18:53:28 2025 [1740099208763 msec] (75 s) Thread 2 - [LuaEventLogger] INFO - Hero of Tatooine: Scheduling NEW Event for Intellect spawn in 1740000 Event Type: initial - Function: createIntellectEvent  Source: @scripts/screenplays/tasks/hero_of_tatooine/heroOfTatooine.lua  Line: 168
Thu Feb 20 18:53:28 2025 [1740099208763 msec] (75 s) Thread 2 - [LuaEventLogger] INFO - Hero of Tatooine: Rescheduling EXISTING Event for Honor spawn in 1200000 Event Type: initial - Function: createHonorEvent  Source: @scripts/screenplays/tasks/hero_of_tatooine/heroOfTatooine.lua  Line: 178
Thu Feb 20 18:53:28 2025 [1740099208763 msec] (75 s) Thread 2 - [LuaEventLogger] INFO - Hero of Tatooine: initRanchHouse - Rancher house initialized. - Function: initRanchHouse  Source: @scripts/screenplays/tasks/hero_of_tatooine/heroOfTatooine.lua  Line: 1057
Thu Feb 20 19:06:02 2025 [1740099962974 msec] (38 s) Thread 2 - [LuaEventLogger] INFO - CriesofAlderaan: determine Winning Faction -- Set Winning Faction: Rebel 370444368 scheduling to re-check in 604800 seconds. - Function: determineWinningFaction  Source: @scripts/screenplays/events/coa/coa.lua  Line: 104
Thu Feb 20 19:06:07 2025 [1740099967609 msec] (42 s) Thread 2 - [LuaEventLogger] INFO - Hero of Tatooine: Rescheduling EXISTING Event for Courage to spawn in 1680000 Event Type: initial - Function: createCourageEvent  Source: @scripts/screenplays/tasks/hero_of_tatooine/heroOfTatooine.lua  Line: 136
Thu Feb 20 19:06:07 2025 [1740099967609 msec] (42 s) Thread 2 - [LuaEventLogger] INFO - Hero of Tatooine: Rescheduling EXISTING Event for Altruism spawn in 1260000 Event Type: initial - Function: createAltruismEvent  Source: @scripts/screenplays/tasks/hero_of_tatooine/heroOfTatooine.lua  Line: 150
Thu Feb 20 19:06:07 2025 [1740099967609 msec] (42 s) Thread 2 - [LuaEventLogger] INFO - Hero of Tatooine: Rescheduling EXISTING Event for Intellect spawn in 1380000 Event Type: initial - Function: createIntellectEvent  Source: @scripts/screenplays/tasks/hero_of_tatooine/heroOfTatooine.lua  Line: 164
Thu Feb 20 19:06:07 2025 [1740099967609 msec] (42 s) Thread 2 - [LuaEventLogger] INFO - Hero of Tatooine: Rescheduling EXISTING Event for Honor spawn in 1260000 Event Type: initial - Function: createHonorEvent  Source: @scripts/screenplays/tasks/hero_of_tatooine/heroOfTatooine.lua  Line: 178
Thu Feb 20 19:06:07 2025 [1740099967609 msec] (42 s) Thread 2 - [LuaEventLogger] INFO - Hero of Tatooine: initRanchHouse - Rancher house initialized. - Function: initRanchHouse  Source: @scripts/screenplays/tasks/hero_of_tatooine/heroOfTatooine.lua  Line: 1057
Thu Feb 20 19:27:07 2025 [1740101227622 msec] (1302 s) Thread 9 - [LuaEventLogger] INFO - Hero of Tatooine: doAltruismChange - Spawned Moisture Farmer at 5030.8310546875, 906.51116943359 Tatooine using base Spawn Point - X: 5100 Y: 800 -  Source: @scripts/screenplays/tasks/hero_of_tatooine/heroOfTatooine.lua  Line: 376
Thu Feb 20 19:27:07 2025 [1740101227631 msec] (1302 s) Thread 9 - [LuaEventLogger] INFO - Hero of Tatooine: Scheduling NEW Event for Altruism spawn in 2280000 Event Type: life - Function: createAltruismEvent  Source: @scripts/screenplays/tasks/hero_of_tatooine/heroOfTatooine.lua  Line: 154
Thu Feb 20 19:27:07 2025 [1740101227626 msec] (1302 s) Thread 10 - [LuaEventLogger] INFO - Hero of Tatooine: doHonorChange - Spawned Pirate Leader at 5372.8544921875, -4343.4521484375 Tatooine using base Spawn Point - X: 5267 Y: -4349 -  Source: @scripts/screenplays/tasks/hero_of_tatooine/heroOfTatooine.lua  Line: 913
Thu Feb 20 19:27:07 2025 [1740101227651 msec] (1302 s) Thread 10 - [LuaEventLogger] INFO - Hero of Tatooine: Scheduling NEW Event for Honor spawn in 1080000 Event Type: life - Function: createHonorEvent  Source: @scripts/screenplays/tasks/hero_of_tatooine/heroOfTatooine.lua  Line: 182
Thu Feb 20 19:34:07 2025 [1740101647615 msec] (1722 s) Thread 5 - [LuaEventLogger] INFO - Hero of Tatooine: doCourageChange complete. Boar Spawned at: -776.74591064453, 4579.6044921875 -  Source: @scripts/screenplays/tasks/hero_of_tatooine/heroOfTatooine.lua  Line: 249
Thu Feb 20 19:34:07 2025 [1740101647615 msec] (1722 s) Thread 5 - [LuaEventLogger] INFO - Hero of Tatooine: Scheduling NEW Event for Courage spawn in 2280000 Event Type: life - Function: createCourageEvent  Source: @scripts/screenplays/tasks/hero_of_tatooine/heroOfTatooine.lua  Line: 140
Thu Feb 20 19:45:07 2025 [1740102307652 msec] (2382 s) Thread 6 - [LuaEventLogger] INFO - Hero of Tatooine: Scheduling NEW Event for Honor spawn in 9900000 Event Type: respawn - Function: createHonorEvent  Source: @scripts/screenplays/tasks/hero_of_tatooine/heroOfTatooine.lua  Line: 182
Thu Feb 20 20:05:07 2025 [1740103507637 msec] (3582 s) Thread 4 - [LuaEventLogger] INFO - Hero of Tatooine: doAltruismChange - Moisture Farmer already spawned, despawning and rescheduling. -  Source: @scripts/screenplays/tasks/hero_of_tatooine/heroOfTatooine.lua  Line: 343
Thu Feb 20 20:05:07 2025 [1740103507638 msec] (3582 s) Thread 4 - [LuaEventLogger] INFO - Hero of Tatooine: Scheduling NEW Event for Altruism spawn in 9660000 Event Type: respawn - Function: createAltruismEvent  Source: @scripts/screenplays/tasks/hero_of_tatooine/heroOfTatooine.lua  Line: 154
Thu Feb 20 20:12:07 2025 [1740103927616 msec] (4002 s) Thread 6 - [LuaEventLogger] INFO - Hero of Tatooine: doCourageChange - Boar is spawned, despawning and rescheduling respawn. -  Source: @scripts/screenplays/tasks/hero_of_tatooine/heroOfTatooine.lua  Line: 214
Thu Feb 20 20:12:07 2025 [1740103927616 msec] (4002 s) Thread 6 - [LuaEventLogger] INFO - Hero of Tatooine: Scheduling NEW Event for Courage spawn in 7500000 Event Type: respawn - Function: createCourageEvent  Source: @scripts/screenplays/tasks/hero_of_tatooine/heroOfTatooine.lua  Line: 140
Fri Feb 21 09:23:21 2025 [1740151401914 msec] (86 s) Thread 2 - [LuaEventLogger] INFO - CriesofAlderaan: determine Winning Faction -- Set Winning Faction: Rebel 370444368 scheduling to re-check in 604800 seconds. - Function: determineWinningFaction  Source: @scripts/screenplays/events/coa/coa.lua  Line: 104
Fri Feb 21 09:23:34 2025 [1740151414315 msec] (99 s) Thread 2 - [LuaEventLogger] INFO - Hero of Tatooine: Rescheduling EXISTING Event for Courage to spawn in 1680000 Event Type: initial - Function: createCourageEvent  Source: @scripts/screenplays/tasks/hero_of_tatooine/heroOfTatooine.lua  Line: 136
Fri Feb 21 09:23:34 2025 [1740151414315 msec] (99 s) Thread 2 - [LuaEventLogger] INFO - Hero of Tatooine: Rescheduling EXISTING Event for Altruism spawn in 1740000 Event Type: initial - Function: createAltruismEvent  Source: @scripts/screenplays/tasks/hero_of_tatooine/heroOfTatooine.lua  Line: 150
Fri Feb 21 09:23:34 2025 [1740151414315 msec] (99 s) Thread 2 - [LuaEventLogger] INFO - Hero of Tatooine: Scheduling NEW Event for Intellect spawn in 1560000 Event Type: initial - Function: createIntellectEvent  Source: @scripts/screenplays/tasks/hero_of_tatooine/heroOfTatooine.lua  Line: 168
Fri Feb 21 09:23:34 2025 [1740151414315 msec] (99 s) Thread 2 - [LuaEventLogger] INFO - Hero of Tatooine: Rescheduling EXISTING Event for Honor spawn in 1260000 Event Type: initial - Function: createHonorEvent  Source: @scripts/screenplays/tasks/hero_of_tatooine/heroOfTatooine.lua  Line: 178
Fri Feb 21 09:23:34 2025 [1740151414317 msec] (99 s) Thread 2 - [LuaEventLogger] INFO - Hero of Tatooine: initRanchHouse - Rancher house initialized. - Function: initRanchHouse  Source: @scripts/screenplays/tasks/hero_of_tatooine/heroOfTatooine.lua  Line: 1057
Fri Feb 21 10:21:07 2025 [1740154867845 msec] (92 s) Thread 2 - [LuaEventLogger] INFO - CriesofAlderaan: determine Winning Faction -- Set Winning Faction: Imperial 3679112276 scheduling to re-check in 604800 seconds. - Function: determineWinningFaction  Source: @scripts/screenplays/events/coa/coa.lua  Line: 104
Fri Feb 21 10:21:22 2025 [1740154882304 msec] (107 s) Thread 2 - [LuaEventLogger] INFO - Hero of Tatooine: Rescheduling EXISTING Event for Courage to spawn in 1260000 Event Type: initial - Function: createCourageEvent  Source: @scripts/screenplays/tasks/hero_of_tatooine/heroOfTatooine.lua  Line: 136
Fri Feb 21 10:21:22 2025 [1740154882304 msec] (107 s) Thread 2 - [LuaEventLogger] INFO - Hero of Tatooine: Rescheduling EXISTING Event for Altruism spawn in 1500000 Event Type: initial - Function: createAltruismEvent  Source: @scripts/screenplays/tasks/hero_of_tatooine/heroOfTatooine.lua  Line: 150
Fri Feb 21 10:21:22 2025 [1740154882304 msec] (107 s) Thread 2 - [LuaEventLogger] INFO - Hero of Tatooine: Rescheduling EXISTING Event for Intellect spawn in 1200000 Event Type: initial - Function: createIntellectEvent  Source: @scripts/screenplays/tasks/hero_of_tatooine/heroOfTatooine.lua  Line: 164
Fri Feb 21 10:21:22 2025 [1740154882304 msec] (107 s) Thread 2 - [LuaEventLogger] INFO - Hero of Tatooine: Rescheduling EXISTING Event for Honor spawn in 1740000 Event Type: initial - Function: createHonorEvent  Source: @scripts/screenplays/tasks/hero_of_tatooine/heroOfTatooine.lua  Line: 178
Fri Feb 21 10:21:22 2025 [1740154882322 msec] (107 s) Thread 2 - [LuaEventLogger] INFO - Hero of Tatooine: initRanchHouse - Rancher house initialized. - Function: initRanchHouse  Source: @scripts/screenplays/tasks/hero_of_tatooine/heroOfTatooine.lua  Line: 1057
Fri Feb 21 10:40:33 2025 [1740156033077 msec] (61 s) Thread 2 - [LuaEventLogger] INFO - CriesofAlderaan: determine Winning Faction -- Set Winning Faction: Rebel 370444368 scheduling to re-check in 604800 seconds. - Function: determineWinningFaction  Source: @scripts/screenplays/events/coa/coa.lua  Line: 104
Fri Feb 21 10:40:44 2025 [1740156044727 msec] (73 s) Thread 2 - [LuaEventLogger] INFO - Hero of Tatooine: Rescheduling EXISTING Event for Courage to spawn in 1800000 Event Type: initial - Function: createCourageEvent  Source: @scripts/screenplays/tasks/hero_of_tatooine/heroOfTatooine.lua  Line: 136
Fri Feb 21 10:40:44 2025 [1740156044727 msec] (73 s) Thread 2 - [LuaEventLogger] INFO - Hero of Tatooine: Rescheduling EXISTING Event for Altruism spawn in 1740000 Event Type: initial - Function: createAltruismEvent  Source: @scripts/screenplays/tasks/hero_of_tatooine/heroOfTatooine.lua  Line: 150
Fri Feb 21 10:40:44 2025 [1740156044729 msec] (73 s) Thread 2 - [LuaEventLogger] INFO - Hero of Tatooine: Rescheduling EXISTING Event for Intellect spawn in 1500000 Event Type: initial - Function: createIntellectEvent  Source: @scripts/screenplays/tasks/hero_of_tatooine/heroOfTatooine.lua  Line: 164
Fri Feb 21 10:40:44 2025 [1740156044729 msec] (73 s) Thread 2 - [LuaEventLogger] INFO - Hero of Tatooine: Rescheduling EXISTING Event for Honor spawn in 1440000 Event Type: initial - Function: createHonorEvent  Source: @scripts/screenplays/tasks/hero_of_tatooine/heroOfTatooine.lua  Line: 178
Fri Feb 21 10:40:44 2025 [1740156044752 msec] (73 s) Thread 2 - [LuaEventLogger] INFO - Hero of Tatooine: initRanchHouse - Rancher house initialized. - Function: initRanchHouse  Source: @scripts/screenplays/tasks/hero_of_tatooine/heroOfTatooine.lua  Line: 1057
Fri Feb 21 11:04:44 2025 [1740157484823 msec] (1513 s) Thread 6 - [LuaEventLogger] INFO - Hero of Tatooine: doHonorChange - Spawned Pirate Leader at 5921.3129882812, -5266.978515625 Tatooine using base Spawn Point - X: 5946 Y: -5233 -  Source: @scripts/screenplays/tasks/hero_of_tatooine/heroOfTatooine.lua  Line: 913
Fri Feb 21 11:04:44 2025 [1740157484831 msec] (1513 s) Thread 6 - [LuaEventLogger] INFO - Hero of Tatooine: Scheduling NEW Event for Honor spawn in 3420000 Event Type: life - Function: createHonorEvent  Source: @scripts/screenplays/tasks/hero_of_tatooine/heroOfTatooine.lua  Line: 182
Fri Feb 21 11:09:44 2025 [1740157784835 msec] (1813 s) Thread 7 - [LuaEventLogger] INFO - Hero of Tatooine: doAltruismChange - Spawned Moisture Farmer at 2809.8415527344, 1585.8106689453 Tatooine using base Spawn Point - X: 2778 Y: 1507 -  Source: @scripts/screenplays/tasks/hero_of_tatooine/heroOfTatooine.lua  Line: 376
Fri Feb 21 11:09:44 2025 [1740157784835 msec] (1813 s) Thread 7 - [LuaEventLogger] INFO - Hero of Tatooine: Scheduling NEW Event for Altruism spawn in 3240000 Event Type: life - Function: createAltruismEvent  Source: @scripts/screenplays/tasks/hero_of_tatooine/heroOfTatooine.lua  Line: 154
Fri Feb 21 11:10:44 2025 [1740157844806 msec] (1873 s) Thread 10 - [LuaEventLogger] INFO - Hero of Tatooine: doCourageChange complete. Boar Spawned at: -1664.8258056641, 5156.1020507812 -  Source: @scripts/screenplays/tasks/hero_of_tatooine/heroOfTatooine.lua  Line: 249
Fri Feb 21 11:10:44 2025 [1740157844807 msec] (1873 s) Thread 10 - [LuaEventLogger] INFO - Hero of Tatooine: Scheduling NEW Event for Courage spawn in 2040000 Event Type: life - Function: createCourageEvent  Source: @scripts/screenplays/tasks/hero_of_tatooine/heroOfTatooine.lua  Line: 140
Fri Feb 21 11:44:44 2025 [1740159884807 msec] (3913 s) Thread 4 - [LuaEventLogger] INFO - Hero of Tatooine: doCourageChange - Boar is spawned, despawning and rescheduling respawn. -  Source: @scripts/screenplays/tasks/hero_of_tatooine/heroOfTatooine.lua  Line: 214
Fri Feb 21 11:44:44 2025 [1740159884820 msec] (3913 s) Thread 4 - [LuaEventLogger] INFO - Hero of Tatooine: Scheduling NEW Event for Courage spawn in 10140000 Event Type: respawn - Function: createCourageEvent  Source: @scripts/screenplays/tasks/hero_of_tatooine/heroOfTatooine.lua  Line: 140
Fri Feb 21 12:01:44 2025 [1740160904839 msec] (4933 s) Thread 6 - [LuaEventLogger] INFO - Hero of Tatooine: Scheduling NEW Event for Honor spawn in 5520000 Event Type: respawn - Function: createHonorEvent  Source: @scripts/screenplays/tasks/hero_of_tatooine/heroOfTatooine.lua  Line: 182
Fri Feb 21 12:03:44 2025 [1740161024841 msec] (5053 s) Thread 3 - [LuaEventLogger] INFO - Hero of Tatooine: doAltruismChange - Moisture Farmer already spawned, despawning and rescheduling. -  Source: @scripts/screenplays/tasks/hero_of_tatooine/heroOfTatooine.lua  Line: 343
Fri Feb 21 12:03:44 2025 [1740161024841 msec] (5053 s) Thread 3 - [LuaEventLogger] INFO - Hero of Tatooine: Scheduling NEW Event for Altruism spawn in 9120000 Event Type: respawn - Function: createAltruismEvent  Source: @scripts/screenplays/tasks/hero_of_tatooine/heroOfTatooine.lua  Line: 154
Fri Feb 21 13:33:44 2025 [1740166424870 msec] (10453 s) Thread 10 - [LuaEventLogger] INFO - Hero of Tatooine: doHonorChange - Spawned Pirate Leader at 4359.0239257812, -3903.8400878906 Tatooine using base Spawn Point - X: 4373 Y: -3956 -  Source: @scripts/screenplays/tasks/hero_of_tatooine/heroOfTatooine.lua  Line: 913
Fri Feb 21 13:33:44 2025 [1740166424886 msec] (10453 s) Thread 10 - [LuaEventLogger] INFO - Hero of Tatooine: Scheduling NEW Event for Honor spawn in 1620000 Event Type: life - Function: createHonorEvent  Source: @scripts/screenplays/tasks/hero_of_tatooine/heroOfTatooine.lua  Line: 182
Fri Feb 21 14:00:44 2025 [1740168044921 msec] (12073 s) Thread 7 - [LuaEventLogger] INFO - Hero of Tatooine: Scheduling NEW Event for Honor spawn in 4200000 Event Type: respawn - Function: createHonorEvent  Source: @scripts/screenplays/tasks/hero_of_tatooine/heroOfTatooine.lua  Line: 182
Fri Feb 21 14:33:44 2025 [1740170024849 msec] (14053 s) Thread 10 - [LuaEventLogger] INFO - Hero of Tatooine: doCourageChange complete. Boar Spawned at: -858.33087158203, 4607.9301757812 -  Source: @scripts/screenplays/tasks/hero_of_tatooine/heroOfTatooine.lua  Line: 249
Fri Feb 21 14:33:44 2025 [1740170024851 msec] (14053 s) Thread 10 - [LuaEventLogger] INFO - Hero of Tatooine: Scheduling NEW Event for Courage spawn in 3360000 Event Type: life - Function: createCourageEvent  Source: @scripts/screenplays/tasks/hero_of_tatooine/heroOfTatooine.lua  Line: 140
Fri Feb 21 14:35:44 2025 [1740170144868 msec] (14173 s) Thread 10 - [LuaEventLogger] INFO - Hero of Tatooine: doAltruismChange - Spawned Moisture Farmer at 3681.2124023438, 63.361747741699 Tatooine using base Spawn Point - X: 3640 Y: -44 -  Source: @scripts/screenplays/tasks/hero_of_tatooine/heroOfTatooine.lua  Line: 376
Fri Feb 21 14:35:44 2025 [1740170144868 msec] (14173 s) Thread 10 - [LuaEventLogger] INFO - Hero of Tatooine: Scheduling NEW Event for Altruism spawn in 2700000 Event Type: life - Function: createAltruismEvent  Source: @scripts/screenplays/tasks/hero_of_tatooine/heroOfTatooine.lua  Line: 154
Fri Feb 21 15:10:44 2025 [1740172244997 msec] (16273 s) Thread 7 - [LuaEventLogger] INFO - Hero of Tatooine: doHonorChange - Spawned Pirate Leader at 5843.1450195312, -5262.4931640625 Tatooine using base Spawn Point - X: 5946 Y: -5233 -  Source: @scripts/screenplays/tasks/hero_of_tatooine/heroOfTatooine.lua  Line: 913
Fri Feb 21 15:10:45 2025 [1740172245011 msec] (16273 s) Thread 7 - [LuaEventLogger] INFO - Hero of Tatooine: Scheduling NEW Event for Honor spawn in 2340000 Event Type: life - Function: createHonorEvent  Source: @scripts/screenplays/tasks/hero_of_tatooine/heroOfTatooine.lua  Line: 182
Fri Feb 21 15:20:44 2025 [1740172844874 msec] (16873 s) Thread 10 - [LuaEventLogger] INFO - Hero of Tatooine: doAltruismChange - Moisture Farmer already spawned, despawning and rescheduling. -  Source: @scripts/screenplays/tasks/hero_of_tatooine/heroOfTatooine.lua  Line: 343
Fri Feb 21 15:20:44 2025 [1740172844878 msec] (16873 s) Thread 10 - [LuaEventLogger] INFO - Hero of Tatooine: Scheduling NEW Event for Altruism spawn in 4200000 Event Type: respawn - Function: createAltruismEvent  Source: @scripts/screenplays/tasks/hero_of_tatooine/heroOfTatooine.lua  Line: 154
Fri Feb 21 21:16:22 2025 [1740194182856 msec] (36 s) Thread 2 - [LuaEventLogger] INFO - CriesofAlderaan: determine Winning Faction -- Set Winning Faction: Rebel 370444368 scheduling to re-check in 604800 seconds. - Function: determineWinningFaction  Source: @scripts/screenplays/events/coa/coa.lua  Line: 104
Fri Feb 21 21:16:24 2025 [1740194184420 msec] (37 s) Thread 2 - [LuaEventLogger] INFO - Hero of Tatooine: Scheduling NEW Event for Courage spawn in 1380000 Event Type: initial - Function: createCourageEvent  Source: @scripts/screenplays/tasks/hero_of_tatooine/heroOfTatooine.lua  Line: 140
Fri Feb 21 21:16:24 2025 [1740194184420 msec] (37 s) Thread 2 - [LuaEventLogger] INFO - Hero of Tatooine: Scheduling NEW Event for Altruism spawn in 1620000 Event Type: initial - Function: createAltruismEvent  Source: @scripts/screenplays/tasks/hero_of_tatooine/heroOfTatooine.lua  Line: 154
Fri Feb 21 21:16:24 2025 [1740194184420 msec] (37 s) Thread 2 - [LuaEventLogger] INFO - Hero of Tatooine: Scheduling NEW Event for Intellect spawn in 1680000 Event Type: initial - Function: createIntellectEvent  Source: @scripts/screenplays/tasks/hero_of_tatooine/heroOfTatooine.lua  Line: 168
Fri Feb 21 21:16:24 2025 [1740194184421 msec] (37 s) Thread 2 - [LuaEventLogger] INFO - Hero of Tatooine: Scheduling NEW Event for Honor spawn in 1800000 Event Type: initial - Function: createHonorEvent  Source: @scripts/screenplays/tasks/hero_of_tatooine/heroOfTatooine.lua  Line: 182
Fri Feb 21 21:16:24 2025 [1740194184421 msec] (37 s) Thread 2 - [LuaEventLogger] INFO - Hero of Tatooine: initRanchHouse - Rancher house initialized. - Function: initRanchHouse  Source: @scripts/screenplays/tasks/hero_of_tatooine/heroOfTatooine.lua  Line: 1057
Fri Feb 21 21:22:28 2025 [1740194548557 msec] (33 s) Thread 2 - [LuaEventLogger] INFO - CriesofAlderaan: determine Winning Faction -- Set Winning Faction: Rebel 370444368 scheduling to re-check in 604800 seconds. - Function: determineWinningFaction  Source: @scripts/screenplays/events/coa/coa.lua  Line: 104
Fri Feb 21 21:22:31 2025 [1740194551248 msec] (35 s) Thread 2 - [LuaEventLogger] INFO - Hero of Tatooine: Rescheduling EXISTING Event for Courage to spawn in 1380000 Event Type: initial - Function: createCourageEvent  Source: @scripts/screenplays/tasks/hero_of_tatooine/heroOfTatooine.lua  Line: 136
Fri Feb 21 21:22:31 2025 [1740194551248 msec] (35 s) Thread 2 - [LuaEventLogger] INFO - Hero of Tatooine: Rescheduling EXISTING Event for Altruism spawn in 1680000 Event Type: initial - Function: createAltruismEvent  Source: @scripts/screenplays/tasks/hero_of_tatooine/heroOfTatooine.lua  Line: 150
Fri Feb 21 21:22:31 2025 [1740194551248 msec] (35 s) Thread 2 - [LuaEventLogger] INFO - Hero of Tatooine: Scheduling NEW Event for Intellect spawn in 1680000 Event Type: initial - Function: createIntellectEvent  Source: @scripts/screenplays/tasks/hero_of_tatooine/heroOfTatooine.lua  Line: 168
Fri Feb 21 21:22:31 2025 [1740194551248 msec] (35 s) Thread 2 - [LuaEventLogger] INFO - Hero of Tatooine: Rescheduling EXISTING Event for Honor spawn in 1560000 Event Type: initial - Function: createHonorEvent  Source: @scripts/screenplays/tasks/hero_of_tatooine/heroOfTatooine.lua  Line: 178
Fri Feb 21 21:22:31 2025 [1740194551254 msec] (35 s) Thread 2 - [LuaEventLogger] INFO - Hero of Tatooine: initRanchHouse - Rancher house initialized. - Function: initRanchHouse  Source: @scripts/screenplays/tasks/hero_of_tatooine/heroOfTatooine.lua  Line: 1057
Fri Feb 21 21:45:31 2025 [1740195931255 msec] (1415 s) Thread 3 - [LuaEventLogger] INFO - Hero of Tatooine: doCourageChange complete. Boar Spawned at: -1667.9924316406, 5272.8725585938 -  Source: @scripts/screenplays/tasks/hero_of_tatooine/heroOfTatooine.lua  Line: 249
Fri Feb 21 21:45:31 2025 [1740195931256 msec] (1415 s) Thread 3 - [LuaEventLogger] INFO - Hero of Tatooine: Scheduling NEW Event for Courage spawn in 1080000 Event Type: life - Function: createCourageEvent  Source: @scripts/screenplays/tasks/hero_of_tatooine/heroOfTatooine.lua  Line: 140
Fri Feb 21 21:48:31 2025 [1740196111280 msec] (1595 s) Thread 3 - [LuaEventLogger] INFO - Hero of Tatooine: doHonorChange - Spawned Pirate Leader at 4704.9926757812, -3909.515625 Tatooine using base Spawn Point - X: 4650 Y: -3860 -  Source: @scripts/screenplays/tasks/hero_of_tatooine/heroOfTatooine.lua  Line: 913
Fri Feb 21 21:48:31 2025 [1740196111283 msec] (1595 s) Thread 3 - [LuaEventLogger] INFO - Hero of Tatooine: Scheduling NEW Event for Honor spawn in 2820000 Event Type: life - Function: createHonorEvent  Source: @scripts/screenplays/tasks/hero_of_tatooine/heroOfTatooine.lua  Line: 182
Fri Feb 21 21:50:31 2025 [1740196231288 msec] (1715 s) Thread 7 - [LuaEventLogger] INFO - Hero of Tatooine: doAltruismChange - Spawned Moisture Farmer at 3555.1164550781, -48.448558807373 Tatooine using base Spawn Point - X: 3640 Y: -44 -  Source: @scripts/screenplays/tasks/hero_of_tatooine/heroOfTatooine.lua  Line: 376
Fri Feb 21 21:50:31 2025 [1740196231288 msec] (1715 s) Thread 7 - [LuaEventLogger] INFO - Hero of Tatooine: Scheduling NEW Event for Altruism spawn in 2100000 Event Type: life - Function: createAltruismEvent  Source: @scripts/screenplays/tasks/hero_of_tatooine/heroOfTatooine.lua  Line: 154
Fri Feb 21 22:03:31 2025 [1740197011256 msec] (2495 s) Thread 7 - [LuaEventLogger] INFO - Hero of Tatooine: doCourageChange - Boar is spawned, despawning and rescheduling respawn. -  Source: @scripts/screenplays/tasks/hero_of_tatooine/heroOfTatooine.lua  Line: 214
Fri Feb 21 22:03:31 2025 [1740197011256 msec] (2495 s) Thread 7 - [LuaEventLogger] INFO - Hero of Tatooine: Scheduling NEW Event for Courage spawn in 5880000 Event Type: respawn - Function: createCourageEvent  Source: @scripts/screenplays/tasks/hero_of_tatooine/heroOfTatooine.lua  Line: 140
Fri Feb 21 22:25:31 2025 [1740198331289 msec] (3815 s) Thread 4 - [LuaEventLogger] INFO - Hero of Tatooine: doAltruismChange - Moisture Farmer already spawned, despawning and rescheduling. -  Source: @scripts/screenplays/tasks/hero_of_tatooine/heroOfTatooine.lua  Line: 343
Fri Feb 21 22:25:31 2025 [1740198331295 msec] (3815 s) Thread 4 - [LuaEventLogger] INFO - Hero of Tatooine: Scheduling NEW Event for Altruism spawn in 10080000 Event Type: respawn - Function: createAltruismEvent  Source: @scripts/screenplays/tasks/hero_of_tatooine/heroOfTatooine.lua  Line: 154
Fri Feb 21 22:35:31 2025 [1740198931284 msec] (4415 s) Thread 8 - [LuaEventLogger] INFO - Hero of Tatooine: Scheduling NEW Event for Honor spawn in 9000000 Event Type: respawn - Function: createHonorEvent  Source: @scripts/screenplays/tasks/hero_of_tatooine/heroOfTatooine.lua  Line: 182
Fri Feb 21 22:44:03 2025 [1740199443678 msec] (30 s) Thread 2 - [LuaEventLogger] INFO - CriesofAlderaan: determine Winning Faction -- Set Winning Faction: Imperial 3679112276 scheduling to re-check in 604800 seconds. - Function: determineWinningFaction  Source: @scripts/screenplays/events/coa/coa.lua  Line: 104
Fri Feb 21 22:44:06 2025 [1740199446758 msec] (33 s) Thread 2 - [LuaEventLogger] INFO - Hero of Tatooine: Rescheduling EXISTING Event for Courage to spawn in 1200000 Event Type: initial - Function: createCourageEvent  Source: @scripts/screenplays/tasks/hero_of_tatooine/heroOfTatooine.lua  Line: 136
Fri Feb 21 22:44:06 2025 [1740199446758 msec] (33 s) Thread 2 - [LuaEventLogger] INFO - Hero of Tatooine: Rescheduling EXISTING Event for Altruism spawn in 1260000 Event Type: initial - Function: createAltruismEvent  Source: @scripts/screenplays/tasks/hero_of_tatooine/heroOfTatooine.lua  Line: 150
Fri Feb 21 22:44:06 2025 [1740199446759 msec] (33 s) Thread 2 - [LuaEventLogger] INFO - Hero of Tatooine: Scheduling NEW Event for Intellect spawn in 1620000 Event Type: initial - Function: createIntellectEvent  Source: @scripts/screenplays/tasks/hero_of_tatooine/heroOfTatooine.lua  Line: 168
Fri Feb 21 22:44:06 2025 [1740199446759 msec] (33 s) Thread 2 - [LuaEventLogger] INFO - Hero of Tatooine: Rescheduling EXISTING Event for Honor spawn in 1740000 Event Type: initial - Function: createHonorEvent  Source: @scripts/screenplays/tasks/hero_of_tatooine/heroOfTatooine.lua  Line: 178
Fri Feb 21 22:44:06 2025 [1740199446763 msec] (33 s) Thread 2 - [LuaEventLogger] INFO - Hero of Tatooine: initRanchHouse - Rancher house initialized. - Function: initRanchHouse  Source: @scripts/screenplays/tasks/hero_of_tatooine/heroOfTatooine.lua  Line: 1057
Fri Feb 21 23:04:06 2025 [1740200646765 msec] (1233 s) Thread 10 - [LuaEventLogger] INFO - Hero of Tatooine: doCourageChange complete. Boar Spawned at: -977.67663574219, 5289.4306640625 -  Source: @scripts/screenplays/tasks/hero_of_tatooine/heroOfTatooine.lua  Line: 249
Fri Feb 21 23:04:06 2025 [1740200646765 msec] (1233 s) Thread 10 - [LuaEventLogger] INFO - Hero of Tatooine: Scheduling NEW Event for Courage spawn in 1200000 Event Type: life - Function: createCourageEvent  Source: @scripts/screenplays/tasks/hero_of_tatooine/heroOfTatooine.lua  Line: 140
Fri Feb 21 23:05:06 2025 [1740200706766 msec] (1293 s) Thread 5 - [LuaEventLogger] INFO - Hero of Tatooine: doAltruismChange - Spawned Moisture Farmer at 2130.9487304688, 1303.720703125 Tatooine using base Spawn Point - X: 2123 Y: 1291 -  Source: @scripts/screenplays/tasks/hero_of_tatooine/heroOfTatooine.lua  Line: 376
Fri Feb 21 23:05:06 2025 [1740200706766 msec] (1293 s) Thread 5 - [LuaEventLogger] INFO - Hero of Tatooine: Scheduling NEW Event for Altruism spawn in 1800000 Event Type: life - Function: createAltruismEvent  Source: @scripts/screenplays/tasks/hero_of_tatooine/heroOfTatooine.lua  Line: 154
Fri Feb 21 23:13:06 2025 [1740201186779 msec] (1773 s) Thread 7 - [LuaEventLogger] INFO - Hero of Tatooine: doHonorChange - Spawned Pirate Leader at 6361.7895507812, -5252.4526367188 Tatooine using base Spawn Point - X: 6390 Y: -5220 -  Source: @scripts/screenplays/tasks/hero_of_tatooine/heroOfTatooine.lua  Line: 913
Fri Feb 21 23:13:06 2025 [1740201186782 msec] (1773 s) Thread 7 - [LuaEventLogger] INFO - Hero of Tatooine: Scheduling NEW Event for Honor spawn in 2280000 Event Type: life - Function: createHonorEvent  Source: @scripts/screenplays/tasks/hero_of_tatooine/heroOfTatooine.lua  Line: 182
Fri Feb 21 23:25:17 2025 [1740201917389 msec] (32 s) Thread 2 - [LuaEventLogger] INFO - CriesofAlderaan: determine Winning Faction -- Set Winning Faction: Rebel 370444368 scheduling to re-check in 604800 seconds. - Function: determineWinningFaction  Source: @scripts/screenplays/events/coa/coa.lua  Line: 104
Fri Feb 21 23:25:19 2025 [1740201919450 msec] (35 s) Thread 2 - [LuaEventLogger] INFO - Hero of Tatooine: Rescheduling EXISTING Event for Courage to spawn in 1200000 Event Type: initial - Function: createCourageEvent  Source: @scripts/screenplays/tasks/hero_of_tatooine/heroOfTatooine.lua  Line: 136
Fri Feb 21 23:25:19 2025 [1740201919450 msec] (35 s) Thread 2 - [LuaEventLogger] INFO - Hero of Tatooine: Rescheduling EXISTING Event for Altruism spawn in 1680000 Event Type: initial - Function: createAltruismEvent  Source: @scripts/screenplays/tasks/hero_of_tatooine/heroOfTatooine.lua  Line: 150
Fri Feb 21 23:25:19 2025 [1740201919450 msec] (35 s) Thread 2 - [LuaEventLogger] INFO - Hero of Tatooine: Scheduling NEW Event for Intellect spawn in 1260000 Event Type: initial - Function: createIntellectEvent  Source: @scripts/screenplays/tasks/hero_of_tatooine/heroOfTatooine.lua  Line: 168
Fri Feb 21 23:25:19 2025 [1740201919450 msec] (35 s) Thread 2 - [LuaEventLogger] INFO - Hero of Tatooine: Rescheduling EXISTING Event for Honor spawn in 1680000 Event Type: initial - Function: createHonorEvent  Source: @scripts/screenplays/tasks/hero_of_tatooine/heroOfTatooine.lua  Line: 178
Fri Feb 21 23:25:19 2025 [1740201919471 msec] (35 s) Thread 2 - [LuaEventLogger] INFO - Hero of Tatooine: initRanchHouse - Rancher house initialized. - Function: initRanchHouse  Source: @scripts/screenplays/tasks/hero_of_tatooine/heroOfTatooine.lua  Line: 1057
Fri Feb 21 23:45:19 2025 [1740203119458 msec] (1235 s) Thread 3 - [LuaEventLogger] INFO - Hero of Tatooine: doCourageChange complete. Boar Spawned at: -579.28704833984, 4341.8120117188 -  Source: @scripts/screenplays/tasks/hero_of_tatooine/heroOfTatooine.lua  Line: 249
Fri Feb 21 23:45:19 2025 [1740203119458 msec] (1235 s) Thread 3 - [LuaEventLogger] INFO - Hero of Tatooine: Scheduling NEW Event for Courage spawn in 1620000 Event Type: life - Function: createCourageEvent  Source: @scripts/screenplays/tasks/hero_of_tatooine/heroOfTatooine.lua  Line: 140
Fri Feb 21 23:48:54 2025 [1740203334706 msec] (26 s) Thread 2 - [LuaEventLogger] INFO - CriesofAlderaan: determine Winning Faction -- Set Winning Faction: Imperial 3679112276 scheduling to re-check in 604800 seconds. - Function: determineWinningFaction  Source: @scripts/screenplays/events/coa/coa.lua  Line: 104
Fri Feb 21 23:48:56 2025 [1740203336687 msec] (28 s) Thread 2 - [LuaEventLogger] INFO - Hero of Tatooine: Rescheduling EXISTING Event for Courage to spawn in 1620000 Event Type: initial - Function: createCourageEvent  Source: @scripts/screenplays/tasks/hero_of_tatooine/heroOfTatooine.lua  Line: 136
Fri Feb 21 23:48:56 2025 [1740203336687 msec] (28 s) Thread 2 - [LuaEventLogger] INFO - Hero of Tatooine: Rescheduling EXISTING Event for Altruism spawn in 1500000 Event Type: initial - Function: createAltruismEvent  Source: @scripts/screenplays/tasks/hero_of_tatooine/heroOfTatooine.lua  Line: 150
Fri Feb 21 23:48:56 2025 [1740203336687 msec] (28 s) Thread 2 - [LuaEventLogger] INFO - Hero of Tatooine: Scheduling NEW Event for Intellect spawn in 1260000 Event Type: initial - Function: createIntellectEvent  Source: @scripts/screenplays/tasks/hero_of_tatooine/heroOfTatooine.lua  Line: 168
Fri Feb 21 23:48:56 2025 [1740203336687 msec] (28 s) Thread 2 - [LuaEventLogger] INFO - Hero of Tatooine: Rescheduling EXISTING Event for Honor spawn in 1500000 Event Type: initial - Function: createHonorEvent  Source: @scripts/screenplays/tasks/hero_of_tatooine/heroOfTatooine.lua  Line: 178
Fri Feb 21 23:48:56 2025 [1740203336711 msec] (28 s) Thread 2 - [LuaEventLogger] INFO - Hero of Tatooine: initRanchHouse - Rancher house initialized. - Function: initRanchHouse  Source: @scripts/screenplays/tasks/hero_of_tatooine/heroOfTatooine.lua  Line: 1057
Sat Feb 22 00:13:56 2025 [1740204836701 msec] (1528 s) Thread 3 - [LuaEventLogger] INFO - Hero of Tatooine: doAltruismChange - Spawned Moisture Farmer at 2143.9890136719, 1183.0209960938 Tatooine using base Spawn Point - X: 2123 Y: 1291 -  Source: @scripts/screenplays/tasks/hero_of_tatooine/heroOfTatooine.lua  Line: 376
Sat Feb 22 00:13:56 2025 [1740204836701 msec] (1528 s) Thread 3 - [LuaEventLogger] INFO - Hero of Tatooine: Scheduling NEW Event for Altruism spawn in 2400000 Event Type: life - Function: createAltruismEvent  Source: @scripts/screenplays/tasks/hero_of_tatooine/heroOfTatooine.lua  Line: 154
Sat Feb 22 00:13:56 2025 [1740204836715 msec] (1528 s) Thread 4 - [LuaEventLogger] INFO - Hero of Tatooine: doHonorChange - Spawned Pirate Leader at 4676.5, -3814.1005859375 Tatooine using base Spawn Point - X: 4650 Y: -3860 -  Source: @scripts/screenplays/tasks/hero_of_tatooine/heroOfTatooine.lua  Line: 913
Sat Feb 22 00:13:56 2025 [1740204836718 msec] (1528 s) Thread 4 - [LuaEventLogger] INFO - Hero of Tatooine: Scheduling NEW Event for Honor spawn in 3180000 Event Type: life - Function: createHonorEvent  Source: @scripts/screenplays/tasks/hero_of_tatooine/heroOfTatooine.lua  Line: 182
Sat Feb 22 00:15:56 2025 [1740204956693 msec] (1648 s) Thread 4 - [LuaEventLogger] INFO - Hero of Tatooine: doCourageChange complete. Boar Spawned at: -501.31143188477, 4318.4536132812 -  Source: @scripts/screenplays/tasks/hero_of_tatooine/heroOfTatooine.lua  Line: 249
Sat Feb 22 00:15:56 2025 [1740204956693 msec] (1648 s) Thread 4 - [LuaEventLogger] INFO - Hero of Tatooine: Scheduling NEW Event for Courage spawn in 3180000 Event Type: life - Function: createCourageEvent  Source: @scripts/screenplays/tasks/hero_of_tatooine/heroOfTatooine.lua  Line: 140
Sat Feb 22 00:34:54 2025 [1740206094379 msec] (33 s) Thread 2 - [LuaEventLogger] INFO - CriesofAlderaan: determine Winning Faction -- Set Winning Faction: Rebel 370444368 scheduling to re-check in 604800 seconds. - Function: determineWinningFaction  Source: @scripts/screenplays/events/coa/coa.lua  Line: 104
Sat Feb 22 00:34:57 2025 [1740206097043 msec] (35 s) Thread 2 - [LuaEventLogger] INFO - Hero of Tatooine: Rescheduling EXISTING Event for Courage to spawn in 1680000 Event Type: initial - Function: createCourageEvent  Source: @scripts/screenplays/tasks/hero_of_tatooine/heroOfTatooine.lua  Line: 136
Sat Feb 22 00:34:57 2025 [1740206097043 msec] (35 s) Thread 2 - [LuaEventLogger] INFO - Hero of Tatooine: Rescheduling EXISTING Event for Altruism spawn in 1800000 Event Type: initial - Function: createAltruismEvent  Source: @scripts/screenplays/tasks/hero_of_tatooine/heroOfTatooine.lua  Line: 150
Sat Feb 22 00:34:57 2025 [1740206097043 msec] (35 s) Thread 2 - [LuaEventLogger] INFO - Hero of Tatooine: Scheduling NEW Event for Intellect spawn in 1260000 Event Type: initial - Function: createIntellectEvent  Source: @scripts/screenplays/tasks/hero_of_tatooine/heroOfTatooine.lua  Line: 168
Sat Feb 22 00:34:57 2025 [1740206097043 msec] (35 s) Thread 2 - [LuaEventLogger] INFO - Hero of Tatooine: Rescheduling EXISTING Event for Honor spawn in 1260000 Event Type: initial - Function: createHonorEvent  Source: @scripts/screenplays/tasks/hero_of_tatooine/heroOfTatooine.lua  Line: 178
Sat Feb 22 00:34:57 2025 [1740206097044 msec] (35 s) Thread 2 - [LuaEventLogger] INFO - Hero of Tatooine: initRanchHouse - Rancher house initialized. - Function: initRanchHouse  Source: @scripts/screenplays/tasks/hero_of_tatooine/heroOfTatooine.lua  Line: 1057
Sat Feb 22 00:45:11 2025 [1740206711823 msec] (26 s) Thread 2 - [LuaEventLogger] INFO - CriesofAlderaan: determine Winning Faction -- Set Winning Faction: Imperial 3679112276 scheduling to re-check in 604800 seconds. - Function: determineWinningFaction  Source: @scripts/screenplays/events/coa/coa.lua  Line: 104
Sat Feb 22 00:45:14 2025 [1740206714325 msec] (28 s) Thread 2 - [LuaEventLogger] INFO - Hero of Tatooine: Rescheduling EXISTING Event for Courage to spawn in 1260000 Event Type: initial - Function: createCourageEvent  Source: @scripts/screenplays/tasks/hero_of_tatooine/heroOfTatooine.lua  Line: 136
Sat Feb 22 00:45:14 2025 [1740206714325 msec] (28 s) Thread 2 - [LuaEventLogger] INFO - Hero of Tatooine: Rescheduling EXISTING Event for Altruism spawn in 1380000 Event Type: initial - Function: createAltruismEvent  Source: @scripts/screenplays/tasks/hero_of_tatooine/heroOfTatooine.lua  Line: 150
Sat Feb 22 00:45:14 2025 [1740206714325 msec] (28 s) Thread 2 - [LuaEventLogger] INFO - Hero of Tatooine: Rescheduling EXISTING Event for Intellect spawn in 1200000 Event Type: initial - Function: createIntellectEvent  Source: @scripts/screenplays/tasks/hero_of_tatooine/heroOfTatooine.lua  Line: 164
Sat Feb 22 00:45:14 2025 [1740206714325 msec] (28 s) Thread 2 - [LuaEventLogger] INFO - Hero of Tatooine: Rescheduling EXISTING Event for Honor spawn in 1800000 Event Type: initial - Function: createHonorEvent  Source: @scripts/screenplays/tasks/hero_of_tatooine/heroOfTatooine.lua  Line: 178
Sat Feb 22 00:45:14 2025 [1740206714337 msec] (28 s) Thread 2 - [LuaEventLogger] INFO - Hero of Tatooine: initRanchHouse - Rancher house initialized. - Function: initRanchHouse  Source: @scripts/screenplays/tasks/hero_of_tatooine/heroOfTatooine.lua  Line: 1057
Sat Feb 22 00:48:35 2025 [1740206915911 msec] (26 s) Thread 2 - [LuaEventLogger] INFO - CriesofAlderaan: determine Winning Faction -- Set Winning Faction: Imperial 3679112276 scheduling to re-check in 604800 seconds. - Function: determineWinningFaction  Source: @scripts/screenplays/events/coa/coa.lua  Line: 104
Sat Feb 22 00:48:37 2025 [1740206917826 msec] (28 s) Thread 2 - [LuaEventLogger] INFO - Hero of Tatooine: Rescheduling EXISTING Event for Courage to spawn in 1620000 Event Type: initial - Function: createCourageEvent  Source: @scripts/screenplays/tasks/hero_of_tatooine/heroOfTatooine.lua  Line: 136
Sat Feb 22 00:48:37 2025 [1740206917826 msec] (28 s) Thread 2 - [LuaEventLogger] INFO - Hero of Tatooine: Rescheduling EXISTING Event for Altruism spawn in 1740000 Event Type: initial - Function: createAltruismEvent  Source: @scripts/screenplays/tasks/hero_of_tatooine/heroOfTatooine.lua  Line: 150
Sat Feb 22 00:48:37 2025 [1740206917826 msec] (28 s) Thread 2 - [LuaEventLogger] INFO - Hero of Tatooine: Rescheduling EXISTING Event for Intellect spawn in 1680000 Event Type: initial - Function: createIntellectEvent  Source: @scripts/screenplays/tasks/hero_of_tatooine/heroOfTatooine.lua  Line: 164
Sat Feb 22 00:48:37 2025 [1740206917827 msec] (28 s) Thread 2 - [LuaEventLogger] INFO - Hero of Tatooine: Rescheduling EXISTING Event for Honor spawn in 1620000 Event Type: initial - Function: createHonorEvent  Source: @scripts/screenplays/tasks/hero_of_tatooine/heroOfTatooine.lua  Line: 178
Sat Feb 22 00:48:37 2025 [1740206917969 msec] (28 s) Thread 2 - [LuaEventLogger] INFO - Hero of Tatooine: initRanchHouse - Rancher house initialized. - Function: initRanchHouse  Source: @scripts/screenplays/tasks/hero_of_tatooine/heroOfTatooine.lua  Line: 1057
Sat Feb 22 01:15:37 2025 [1740208537841 msec] (1648 s) Thread 3 - [LuaEventLogger] INFO - Hero of Tatooine: doCourageChange complete. Boar Spawned at: -742.0, 4424.59375 -  Source: @scripts/screenplays/tasks/hero_of_tatooine/heroOfTatooine.lua  Line: 249
Sat Feb 22 01:15:37 2025 [1740208537841 msec] (1648 s) Thread 3 - [LuaEventLogger] INFO - Hero of Tatooine: Scheduling NEW Event for Courage spawn in 2820000 Event Type: life - Function: createCourageEvent  Source: @scripts/screenplays/tasks/hero_of_tatooine/heroOfTatooine.lua  Line: 140
Sat Feb 22 01:15:37 2025 [1740208537847 msec] (1648 s) Thread 4 - [LuaEventLogger] INFO - Hero of Tatooine: doHonorChange - Spawned Pirate Leader at 4113.1635742188, -4338.3681640625 Tatooine using base Spawn Point - X: 4091 Y: -4310 -  Source: @scripts/screenplays/tasks/hero_of_tatooine/heroOfTatooine.lua  Line: 913
Sat Feb 22 01:15:37 2025 [1740208537850 msec] (1648 s) Thread 4 - [LuaEventLogger] INFO - Hero of Tatooine: Scheduling NEW Event for Honor spawn in 2100000 Event Type: life - Function: createHonorEvent  Source: @scripts/screenplays/tasks/hero_of_tatooine/heroOfTatooine.lua  Line: 182
Sat Feb 22 01:17:37 2025 [1740208657834 msec] (1768 s) Thread 7 - [LuaEventLogger] INFO - Hero of Tatooine: doAltruismChange - Spawned Moisture Farmer at 2522.6572265625, 1347.5601806641 Tatooine using base Spawn Point - X: 2511 Y: 1357 -  Source: @scripts/screenplays/tasks/hero_of_tatooine/heroOfTatooine.lua  Line: 376
Sat Feb 22 01:17:37 2025 [1740208657834 msec] (1768 s) Thread 7 - [LuaEventLogger] INFO - Hero of Tatooine: Scheduling NEW Event for Altruism spawn in 1740000 Event Type: life - Function: createAltruismEvent  Source: @scripts/screenplays/tasks/hero_of_tatooine/heroOfTatooine.lua  Line: 154
Sat Feb 22 01:46:37 2025 [1740210397836 msec] (3508 s) Thread 5 - [LuaEventLogger] INFO - Hero of Tatooine: doAltruismChange - Moisture Farmer already spawned, despawning and rescheduling. -  Source: @scripts/screenplays/tasks/hero_of_tatooine/heroOfTatooine.lua  Line: 343
Sat Feb 22 01:46:37 2025 [1740210397836 msec] (3508 s) Thread 5 - [LuaEventLogger] INFO - Hero of Tatooine: Scheduling NEW Event for Altruism spawn in 4860000 Event Type: respawn - Function: createAltruismEvent  Source: @scripts/screenplays/tasks/hero_of_tatooine/heroOfTatooine.lua  Line: 154
Sat Feb 22 01:50:37 2025 [1740210637852 msec] (3748 s) Thread 9 - [LuaEventLogger] INFO - Hero of Tatooine: Scheduling NEW Event for Honor spawn in 9900000 Event Type: respawn - Function: createHonorEvent  Source: @scripts/screenplays/tasks/hero_of_tatooine/heroOfTatooine.lua  Line: 182
Sat Feb 22 02:02:37 2025 [1740211357842 msec] (4468 s) Thread 10 - [LuaEventLogger] INFO - Hero of Tatooine: doCourageChange - Boar is spawned, despawning and rescheduling respawn. -  Source: @scripts/screenplays/tasks/hero_of_tatooine/heroOfTatooine.lua  Line: 214
Sat Feb 22 02:02:37 2025 [1740211357842 msec] (4468 s) Thread 10 - [LuaEventLogger] INFO - Hero of Tatooine: Scheduling NEW Event for Courage spawn in 6540000 Event Type: respawn - Function: createCourageEvent  Source: @scripts/screenplays/tasks/hero_of_tatooine/heroOfTatooine.lua  Line: 140
