Wed Feb 19 15:41:30 2025 [1740001290362 msec] (183 s) Thread 36 - [NavMeshManager] INFO - Starting building navmesh for area: corellia_city_Silver Villa_player on planet: corellia at: (x:-123.92, y:-5796.08, z:0)
Wed Feb 19 15:41:30 2025 [1740001290568 msec] (184 s) Thread 37 - [NavMeshManager] INFO - Starting building navmesh for area: screenplay_tatooine_brigand_camp1 on planet: tatooine at: (x:1144, y:-3920, z:0)
Wed Feb 19 15:41:33 2025 [1740001293537 msec] (187 s) Thread 35 - [NavMeshManager] INFO - Starting building navmesh for area: screenplay_tatooine_brigand_camp2 on planet: tatooine at: (x:1002, y:-3019, z:0)
Wed Feb 19 15:41:35 2025 [1740001295583 msec] (189 s) Thread 9 - [NavMeshManager] INFO - Done building and setting navmesh for area: screenplay_tatooine_brigand_camp1 on planet: tatooine at: (x:1144, y:-3920, z:0)
Wed Feb 19 15:41:35 2025 [1740001295583 msec] (189 s) Thread 37 - [NavMeshManager] INFO - Starting building navmesh for area: screenplay_tatooine_brigand_leader_camp on planet: tatooine at: (x:1500, y:-2000, z:0)
Wed Feb 19 15:41:35 2025 [1740001295663 msec] (189 s) Thread 10 - [NavMeshManager] INFO - Done building and setting navmesh for area: screenplay_tatooine_brigand_camp2 on planet: tatooine at: (x:1002, y:-3019, z:0)
Wed Feb 19 15:41:37 2025 [1740001297535 msec] (191 s) Thread 6 - [NavMeshManager] INFO - Done building and setting navmesh for area: screenplay_tatooine_brigand_leader_camp on planet: tatooine at: (x:1500, y:-2000, z:0)
Wed Feb 19 15:41:38 2025 [1740001298853 msec] (192 s) Thread 6 - [NavMeshManager] INFO - Done building and setting navmesh for area: corellia_city_Silver Villa_player on planet: corellia at: (x:-123.92, y:-5796.08, z:0)
Wed Feb 19 17:44:06 2025 [1740008646108 msec] (7539 s) Thread 35 - [NavMeshManager] INFO - Starting building navmesh for area: corellia_city_Silver Villa_player on planet: corellia at: (x:-123.92, y:-5796.08, z:0)
Wed Feb 19 17:44:15 2025 [1740008655966 msec] (7549 s) Thread 3 - [NavMeshManager] INFO - Done building and setting navmesh for area: corellia_city_Silver Villa_player on planet: corellia at: (x:-123.92, y:-5796.08, z:0)
Wed Feb 19 17:53:50 2025 [1740009230990 msec] (8124 s) Thread 36 - [NavMeshManager] INFO - Starting building navmesh for area: corellia_city_Silver Villa_player on planet: corellia at: (x:-123.92, y:-5796.08, z:0)
Wed Feb 19 17:54:01 2025 [1740009241426 msec] (8134 s) Thread 9 - [NavMeshManager] INFO - Done building and setting navmesh for area: corellia_city_Silver Villa_player on planet: corellia at: (x:-123.92, y:-5796.08, z:0)
Thu Feb 20 00:35:52 2025 [1740033352481 msec] (69 s) Thread 35 - [NavMeshManager] INFO - Starting building navmesh for area: screenplay_tatooine_brigand_camp1 on planet: tatooine at: (x:1144, y:-3920, z:0)
Thu Feb 20 00:35:52 2025 [1740033352485 msec] (69 s) Thread 37 - [NavMeshManager] INFO - Starting building navmesh for area: screenplay_tatooine_brigand_camp2 on planet: tatooine at: (x:1002, y:-3019, z:0)
Thu Feb 20 00:35:52 2025 [1740033352485 msec] (69 s) Thread 36 - [NavMeshManager] INFO - Starting building navmesh for area: screenplay_tatooine_brigand_leader_camp on planet: tatooine at: (x:1500, y:-2000, z:0)
Thu Feb 20 00:35:53 2025 [1740033353481 msec] (70 s) Thread 3 - [NavMeshManager] INFO - Done building and setting navmesh for area: screenplay_tatooine_brigand_leader_camp on planet: tatooine at: (x:1500, y:-2000, z:0)
Thu Feb 20 00:35:53 2025 [1740033353903 msec] (71 s) Thread 10 - [NavMeshManager] INFO - Done building and setting navmesh for area: screenplay_tatooine_brigand_camp2 on planet: tatooine at: (x:1002, y:-3019, z:0)
Thu Feb 20 00:35:56 2025 [1740033356348 msec] (73 s) Thread 7 - [NavMeshManager] INFO - Done building and setting navmesh for area: screenplay_tatooine_brigand_camp1 on planet: tatooine at: (x:1144, y:-3920, z:0)
Thu Feb 20 00:48:13 2025 [1740034093776 msec] (48 s) Thread 35 - [NavMeshManager] INFO - Starting building navmesh for area: screenplay_tatooine_brigand_camp1 on planet: tatooine at: (x:1144, y:-3920, z:0)
Thu Feb 20 00:48:13 2025 [1740034093780 msec] (48 s) Thread 37 - [NavMeshManager] INFO - Starting building navmesh for area: screenplay_tatooine_brigand_camp2 on planet: tatooine at: (x:1002, y:-3019, z:0)
Thu Feb 20 00:48:13 2025 [1740034093782 msec] (48 s) Thread 36 - [NavMeshManager] INFO - Starting building navmesh for area: screenplay_tatooine_brigand_leader_camp on planet: tatooine at: (x:1500, y:-2000, z:0)
Thu Feb 20 00:48:14 2025 [1740034094644 msec] (49 s) Thread 6 - [NavMeshManager] INFO - Done building and setting navmesh for area: screenplay_tatooine_brigand_leader_camp on planet: tatooine at: (x:1500, y:-2000, z:0)
Thu Feb 20 00:48:14 2025 [1740034094789 msec] (49 s) Thread 8 - [NavMeshManager] INFO - Done building and setting navmesh for area: screenplay_tatooine_brigand_camp2 on planet: tatooine at: (x:1002, y:-3019, z:0)
Thu Feb 20 00:48:16 2025 [1740034096801 msec] (51 s) Thread 3 - [NavMeshManager] INFO - Done building and setting navmesh for area: screenplay_tatooine_brigand_camp1 on planet: tatooine at: (x:1144, y:-3920, z:0)
Thu Feb 20 00:48:24 2025 [1740034104754 msec] (59 s) Thread 37 - [NavMeshManager] INFO - Starting building navmesh for area: corellia_city_Silver Villa_player on planet: corellia at: (x:-123.92, y:-5796.08, z:0)
Thu Feb 20 00:48:26 2025 [1740034106994 msec] (61 s) Thread 8 - [NavMeshManager] INFO - Done building and setting navmesh for area: corellia_city_Silver Villa_player on planet: corellia at: (x:-123.92, y:-5796.08, z:0)
Thu Feb 20 01:03:42 2025 [1740035022505 msec] (976 s) Thread 35 - [NavMeshManager] INFO - Starting building navmesh for area: corellia_city_Silver Villa_player on planet: corellia at: (x:-123.92, y:-5796.08, z:0)
Thu Feb 20 01:03:44 2025 [1740035024440 msec] (978 s) Thread 6 - [NavMeshManager] INFO - Done building and setting navmesh for area: corellia_city_Silver Villa_player on planet: corellia at: (x:-123.92, y:-5796.08, z:0)
Thu Feb 20 03:11:34 2025 [1740042694979 msec] (8649 s) Thread 37 - [NavMeshManager] INFO - Starting building navmesh for area: corellia_city_Silver Villa_player on planet: corellia at: (x:-123.92, y:-5796.08, z:0)
Thu Feb 20 03:11:36 2025 [1740042696832 msec] (8651 s) Thread 6 - [NavMeshManager] INFO - Done building and setting navmesh for area: corellia_city_Silver Villa_player on planet: corellia at: (x:-123.92, y:-5796.08, z:0)
Thu Feb 20 03:16:46 2025 [1740043006743 msec] (8961 s) Thread 35 - [NavMeshManager] INFO - Starting building navmesh for area: corellia_city_Silver Villa_player on planet: corellia at: (x:-123.92, y:-5796.08, z:0)
Thu Feb 20 03:16:48 2025 [1740043008764 msec] (8963 s) Thread 7 - [NavMeshManager] INFO - Done building and setting navmesh for area: corellia_city_Silver Villa_player on planet: corellia at: (x:-123.92, y:-5796.08, z:0)
Thu Feb 20 09:29:06 2025 [1740065346943 msec] (31301 s) Thread 37 - [NavMeshManager] INFO - Starting building navmesh for area: corellia_city_Silver Villa_player on planet: corellia at: (x:-123.92, y:-5796.08, z:0)
Thu Feb 20 09:29:10 2025 [1740065350288 msec] (31304 s) Thread 10 - [NavMeshManager] INFO - Done building and setting navmesh for area: corellia_city_Silver Villa_player on planet: corellia at: (x:-123.92, y:-5796.08, z:0)
Thu Feb 20 11:27:16 2025 [1740072436653 msec] (38391 s) Thread 35 - [NavMeshManager] INFO - Starting building navmesh for area: corellia_city_Silver Villa_player on planet: corellia at: (x:-123.92, y:-5796.08, z:0)
Thu Feb 20 11:27:18 2025 [1740072438884 msec] (38393 s) Thread 9 - [NavMeshManager] INFO - Done building and setting navmesh for area: corellia_city_Silver Villa_player on planet: corellia at: (x:-123.92, y:-5796.08, z:0)
Thu Feb 20 15:01:41 2025 [1740085301716 msec] (164 s) Thread 36 - [NavMeshManager] INFO - Starting building navmesh for area: screenplay_tatooine_brigand_camp1 on planet: tatooine at: (x:1144, y:-3920, z:0)
Thu Feb 20 15:01:41 2025 [1740085301723 msec] (164 s) Thread 37 - [NavMeshManager] INFO - Starting building navmesh for area: screenplay_tatooine_brigand_camp2 on planet: tatooine at: (x:1002, y:-3019, z:0)
Thu Feb 20 15:01:41 2025 [1740085301726 msec] (164 s) Thread 35 - [NavMeshManager] INFO - Starting building navmesh for area: screenplay_tatooine_brigand_leader_camp on planet: tatooine at: (x:1500, y:-2000, z:0)
Thu Feb 20 15:01:43 2025 [1740085303273 msec] (166 s) Thread 6 - [NavMeshManager] INFO - Done building and setting navmesh for area: screenplay_tatooine_brigand_leader_camp on planet: tatooine at: (x:1500, y:-2000, z:0)
Thu Feb 20 15:01:43 2025 [1740085303558 msec] (166 s) Thread 5 - [NavMeshManager] INFO - Done building and setting navmesh for area: screenplay_tatooine_brigand_camp2 on planet: tatooine at: (x:1002, y:-3019, z:0)
Thu Feb 20 15:01:46 2025 [1740085306758 msec] (169 s) Thread 7 - [NavMeshManager] INFO - Done building and setting navmesh for area: screenplay_tatooine_brigand_camp1 on planet: tatooine at: (x:1144, y:-3920, z:0)
Thu Feb 20 15:17:34 2025 [1740086254348 msec] (72 s) Thread 35 - [NavMeshManager] INFO - Starting building navmesh for area: screenplay_tatooine_brigand_camp1 on planet: tatooine at: (x:1144, y:-3920, z:0)
Thu Feb 20 15:17:34 2025 [1740086254353 msec] (72 s) Thread 36 - [NavMeshManager] INFO - Starting building navmesh for area: screenplay_tatooine_brigand_camp2 on planet: tatooine at: (x:1002, y:-3019, z:0)
Thu Feb 20 15:17:34 2025 [1740086254426 msec] (72 s) Thread 37 - [NavMeshManager] INFO - Starting building navmesh for area: screenplay_tatooine_brigand_leader_camp on planet: tatooine at: (x:1500, y:-2000, z:0)
Thu Feb 20 15:17:36 2025 [1740086256114 msec] (74 s) Thread 4 - [NavMeshManager] INFO - Done building and setting navmesh for area: screenplay_tatooine_brigand_leader_camp on planet: tatooine at: (x:1500, y:-2000, z:0)
Thu Feb 20 15:17:36 2025 [1740086256981 msec] (75 s) Thread 8 - [NavMeshManager] INFO - Done building and setting navmesh for area: screenplay_tatooine_brigand_camp2 on planet: tatooine at: (x:1002, y:-3019, z:0)
Thu Feb 20 15:17:39 2025 [1740086259156 msec] (77 s) Thread 5 - [NavMeshManager] INFO - Done building and setting navmesh for area: screenplay_tatooine_brigand_camp1 on planet: tatooine at: (x:1144, y:-3920, z:0)
Thu Feb 20 17:49:07 2025 [1740095347704 msec] (106 s) Thread 36 - [NavMeshManager] INFO - Starting building navmesh for area: screenplay_tatooine_brigand_camp1 on planet: tatooine at: (x:1144, y:-3920, z:0)
Thu Feb 20 17:49:07 2025 [1740095347705 msec] (106 s) Thread 37 - [NavMeshManager] INFO - Starting building navmesh for area: screenplay_tatooine_brigand_camp2 on planet: tatooine at: (x:1002, y:-3019, z:0)
Thu Feb 20 17:49:07 2025 [1740095347738 msec] (106 s) Thread 35 - [NavMeshManager] INFO - Starting building navmesh for area: screenplay_tatooine_brigand_leader_camp on planet: tatooine at: (x:1500, y:-2000, z:0)
Thu Feb 20 17:49:08 2025 [1740095348962 msec] (107 s) Thread 3 - [NavMeshManager] INFO - Done building and setting navmesh for area: screenplay_tatooine_brigand_leader_camp on planet: tatooine at: (x:1500, y:-2000, z:0)
Thu Feb 20 17:49:09 2025 [1740095349236 msec] (107 s) Thread 8 - [NavMeshManager] INFO - Done building and setting navmesh for area: screenplay_tatooine_brigand_camp2 on planet: tatooine at: (x:1002, y:-3019, z:0)
Thu Feb 20 17:49:12 2025 [1740095352606 msec] (111 s) Thread 7 - [NavMeshManager] INFO - Done building and setting navmesh for area: screenplay_tatooine_brigand_camp1 on planet: tatooine at: (x:1144, y:-3920, z:0)
Thu Feb 20 17:52:00 2025 [1740095520578 msec] (65 s) Thread 35 - [NavMeshManager] INFO - Starting building navmesh for area: screenplay_tatooine_brigand_camp1 on planet: tatooine at: (x:1144, y:-3920, z:0)
Thu Feb 20 17:52:00 2025 [1740095520582 msec] (65 s) Thread 37 - [NavMeshManager] INFO - Starting building navmesh for area: screenplay_tatooine_brigand_camp2 on planet: tatooine at: (x:1002, y:-3019, z:0)
Thu Feb 20 17:52:00 2025 [1740095520588 msec] (65 s) Thread 36 - [NavMeshManager] INFO - Starting building navmesh for area: screenplay_tatooine_brigand_leader_camp on planet: tatooine at: (x:1500, y:-2000, z:0)
Thu Feb 20 17:52:01 2025 [1740095521713 msec] (66 s) Thread 10 - [NavMeshManager] INFO - Done building and setting navmesh for area: screenplay_tatooine_brigand_leader_camp on planet: tatooine at: (x:1500, y:-2000, z:0)
Thu Feb 20 17:52:01 2025 [1740095521943 msec] (66 s) Thread 8 - [NavMeshManager] INFO - Done building and setting navmesh for area: screenplay_tatooine_brigand_camp2 on planet: tatooine at: (x:1002, y:-3019, z:0)
Thu Feb 20 17:52:04 2025 [1740095524771 msec] (69 s) Thread 4 - [NavMeshManager] INFO - Done building and setting navmesh for area: screenplay_tatooine_brigand_camp1 on planet: tatooine at: (x:1144, y:-3920, z:0)
Thu Feb 20 18:53:48 2025 [1740099228691 msec] (95 s) Thread 36 - [NavMeshManager] INFO - Starting building navmesh for area: screenplay_tatooine_brigand_camp1 on planet: tatooine at: (x:1144, y:-3920, z:0)
Thu Feb 20 18:53:48 2025 [1740099228696 msec] (95 s) Thread 35 - [NavMeshManager] INFO - Starting building navmesh for area: screenplay_tatooine_brigand_camp2 on planet: tatooine at: (x:1002, y:-3019, z:0)
Thu Feb 20 18:53:48 2025 [1740099228700 msec] (95 s) Thread 37 - [NavMeshManager] INFO - Starting building navmesh for area: screenplay_tatooine_brigand_leader_camp on planet: tatooine at: (x:1500, y:-2000, z:0)
Thu Feb 20 18:53:50 2025 [1740099230046 msec] (97 s) Thread 7 - [NavMeshManager] INFO - Done building and setting navmesh for area: screenplay_tatooine_brigand_leader_camp on planet: tatooine at: (x:1500, y:-2000, z:0)
Thu Feb 20 18:53:50 2025 [1740099230609 msec] (97 s) Thread 9 - [NavMeshManager] INFO - Done building and setting navmesh for area: screenplay_tatooine_brigand_camp2 on planet: tatooine at: (x:1002, y:-3019, z:0)
Thu Feb 20 18:53:53 2025 [1740099233044 msec] (100 s) Thread 10 - [NavMeshManager] INFO - Done building and setting navmesh for area: screenplay_tatooine_brigand_camp1 on planet: tatooine at: (x:1144, y:-3920, z:0)
Thu Feb 20 19:06:26 2025 [1740099986081 msec] (61 s) Thread 35 - [NavMeshManager] INFO - Starting building navmesh for area: screenplay_tatooine_brigand_camp1 on planet: tatooine at: (x:1144, y:-3920, z:0)
Thu Feb 20 19:06:26 2025 [1740099986094 msec] (61 s) Thread 37 - [NavMeshManager] INFO - Starting building navmesh for area: screenplay_tatooine_brigand_camp2 on planet: tatooine at: (x:1002, y:-3019, z:0)
Thu Feb 20 19:06:26 2025 [1740099986105 msec] (61 s) Thread 36 - [NavMeshManager] INFO - Starting building navmesh for area: screenplay_tatooine_brigand_leader_camp on planet: tatooine at: (x:1500, y:-2000, z:0)
Thu Feb 20 19:06:27 2025 [1740099987331 msec] (62 s) Thread 6 - [NavMeshManager] INFO - Done building and setting navmesh for area: screenplay_tatooine_brigand_leader_camp on planet: tatooine at: (x:1500, y:-2000, z:0)
Thu Feb 20 19:06:27 2025 [1740099987679 msec] (62 s) Thread 5 - [NavMeshManager] INFO - Done building and setting navmesh for area: screenplay_tatooine_brigand_camp2 on planet: tatooine at: (x:1002, y:-3019, z:0)
Thu Feb 20 19:06:31 2025 [1740099991112 msec] (66 s) Thread 6 - [NavMeshManager] INFO - Done building and setting navmesh for area: screenplay_tatooine_brigand_camp1 on planet: tatooine at: (x:1144, y:-3920, z:0)
Fri Feb 21 09:24:33 2025 [1740151473566 msec] (158 s) Thread 37 - [NavMeshManager] INFO - Starting building navmesh for area: screenplay_tatooine_brigand_camp1 on planet: tatooine at: (x:1144, y:-3920, z:0)
Fri Feb 21 09:24:33 2025 [1740151473570 msec] (158 s) Thread 36 - [NavMeshManager] INFO - Starting building navmesh for area: screenplay_tatooine_brigand_camp2 on planet: tatooine at: (x:1002, y:-3019, z:0)
Fri Feb 21 09:24:33 2025 [1740151473570 msec] (158 s) Thread 35 - [NavMeshManager] INFO - Starting building navmesh for area: screenplay_tatooine_brigand_leader_camp on planet: tatooine at: (x:1500, y:-2000, z:0)
Fri Feb 21 09:24:34 2025 [1740151474916 msec] (159 s) Thread 3 - [NavMeshManager] INFO - Done building and setting navmesh for area: screenplay_tatooine_brigand_leader_camp on planet: tatooine at: (x:1500, y:-2000, z:0)
Fri Feb 21 09:24:35 2025 [1740151475073 msec] (160 s) Thread 9 - [NavMeshManager] INFO - Done building and setting navmesh for area: screenplay_tatooine_brigand_camp2 on planet: tatooine at: (x:1002, y:-3019, z:0)
Fri Feb 21 09:24:37 2025 [1740151477834 msec] (162 s) Thread 8 - [NavMeshManager] INFO - Done building and setting navmesh for area: screenplay_tatooine_brigand_camp1 on planet: tatooine at: (x:1144, y:-3920, z:0)
Fri Feb 21 10:22:21 2025 [1740154941624 msec] (166 s) Thread 37 - [NavMeshManager] INFO - Starting building navmesh for area: screenplay_tatooine_brigand_camp1 on planet: tatooine at: (x:1144, y:-3920, z:0)
Fri Feb 21 10:22:21 2025 [1740154941766 msec] (166 s) Thread 36 - [NavMeshManager] INFO - Starting building navmesh for area: screenplay_tatooine_brigand_camp2 on planet: tatooine at: (x:1002, y:-3019, z:0)
Fri Feb 21 10:22:21 2025 [1740154941774 msec] (166 s) Thread 35 - [NavMeshManager] INFO - Starting building navmesh for area: screenplay_tatooine_brigand_leader_camp on planet: tatooine at: (x:1500, y:-2000, z:0)
Fri Feb 21 10:22:23 2025 [1740154943483 msec] (168 s) Thread 5 - [NavMeshManager] INFO - Done building and setting navmesh for area: screenplay_tatooine_brigand_leader_camp on planet: tatooine at: (x:1500, y:-2000, z:0)
Fri Feb 21 10:22:23 2025 [1740154943949 msec] (168 s) Thread 7 - [NavMeshManager] INFO - Done building and setting navmesh for area: screenplay_tatooine_brigand_camp2 on planet: tatooine at: (x:1002, y:-3019, z:0)
Fri Feb 21 10:22:26 2025 [1740154946013 msec] (170 s) Thread 9 - [NavMeshManager] INFO - Done building and setting navmesh for area: screenplay_tatooine_brigand_camp1 on planet: tatooine at: (x:1144, y:-3920, z:0)
Fri Feb 21 10:41:45 2025 [1740156105266 msec] (134 s) Thread 37 - [NavMeshManager] INFO - Starting building navmesh for area: screenplay_tatooine_brigand_camp1 on planet: tatooine at: (x:1144, y:-3920, z:0)
Fri Feb 21 10:41:45 2025 [1740156105293 msec] (134 s) Thread 35 - [NavMeshManager] INFO - Starting building navmesh for area: screenplay_tatooine_brigand_camp2 on planet: tatooine at: (x:1002, y:-3019, z:0)
Fri Feb 21 10:41:45 2025 [1740156105297 msec] (134 s) Thread 36 - [NavMeshManager] INFO - Starting building navmesh for area: screenplay_tatooine_brigand_leader_camp on planet: tatooine at: (x:1500, y:-2000, z:0)
Fri Feb 21 10:41:46 2025 [1740156106894 msec] (135 s) Thread 4 - [NavMeshManager] INFO - Done building and setting navmesh for area: screenplay_tatooine_brigand_leader_camp on planet: tatooine at: (x:1500, y:-2000, z:0)
Fri Feb 21 10:41:47 2025 [1740156107180 msec] (135 s) Thread 6 - [NavMeshManager] INFO - Done building and setting navmesh for area: screenplay_tatooine_brigand_camp2 on planet: tatooine at: (x:1002, y:-3019, z:0)
Fri Feb 21 10:41:49 2025 [1740156109959 msec] (138 s) Thread 6 - [NavMeshManager] INFO - Done building and setting navmesh for area: screenplay_tatooine_brigand_camp1 on planet: tatooine at: (x:1144, y:-3920, z:0)
Fri Feb 21 21:16:34 2025 [1740194194908 msec] (48 s) Thread 36 - [NavMeshManager] INFO - Starting building navmesh for area: corellia_city_coronet on planet: corellia at: (x:-178, y:-4504, z:0)
Fri Feb 21 21:16:34 2025 [1740194194908 msec] (48 s) Thread 37 - [NavMeshManager] INFO - Starting building navmesh for area: corellia_city_doaba_guerfel on planet: corellia at: (x:3272, y:5456, z:0)
Fri Feb 21 21:16:34 2025 [1740194194908 msec] (48 s) Thread 35 - [NavMeshManager] INFO - Starting building navmesh for area: corellia_city_bela_vistal on planet: corellia at: (x:6788, y:-5654, z:0)
Fri Feb 21 21:18:01 2025 [1740194281889 msec] (135 s) Thread 5 - [NavMeshManager] INFO - Done building and setting navmesh for area: corellia_city_coronet on planet: corellia at: (x:-178, y:-4504, z:0)
Fri Feb 21 21:18:01 2025 [1740194281897 msec] (135 s) Thread 36 - [NavMeshManager] INFO - Starting building navmesh for area: corellia_city_kor_vella on planet: corellia at: (x:-3512, y:3184, z:0)
Fri Feb 21 21:20:32 2025 [1740194432107 msec] (285 s) Thread 8 - [NavMeshManager] INFO - Done building and setting navmesh for area: corellia_city_bela_vistal on planet: corellia at: (x:6788, y:-5654, z:0)
Fri Feb 21 21:20:32 2025 [1740194432109 msec] (285 s) Thread 35 - [NavMeshManager] INFO - Starting building navmesh for area: corellia_city_tyrena on planet: corellia at: (x:-5282, y:-2526, z:0)
Fri Feb 21 21:22:43 2025 [1740194563304 msec] (47 s) Thread 37 - [NavMeshManager] INFO - Starting building navmesh for area: screenplay_tatooine_brigand_camp1 on planet: tatooine at: (x:1144, y:-3920, z:0)
Fri Feb 21 21:22:43 2025 [1740194563305 msec] (47 s) Thread 36 - [NavMeshManager] INFO - Starting building navmesh for area: screenplay_tatooine_brigand_camp2 on planet: tatooine at: (x:1002, y:-3019, z:0)
Fri Feb 21 21:22:43 2025 [1740194563305 msec] (47 s) Thread 35 - [NavMeshManager] INFO - Starting building navmesh for area: screenplay_tatooine_brigand_leader_camp on planet: tatooine at: (x:1500, y:-2000, z:0)
Fri Feb 21 21:22:44 2025 [1740194564502 msec] (48 s) Thread 8 - [NavMeshManager] INFO - Done building and setting navmesh for area: screenplay_tatooine_brigand_leader_camp on planet: tatooine at: (x:1500, y:-2000, z:0)
Fri Feb 21 21:22:44 2025 [1740194564620 msec] (49 s) Thread 9 - [NavMeshManager] INFO - Done building and setting navmesh for area: screenplay_tatooine_brigand_camp2 on planet: tatooine at: (x:1002, y:-3019, z:0)
Fri Feb 21 21:22:47 2025 [1740194567492 msec] (51 s) Thread 10 - [NavMeshManager] INFO - Done building and setting navmesh for area: screenplay_tatooine_brigand_camp1 on planet: tatooine at: (x:1144, y:-3920, z:0)
Fri Feb 21 22:44:17 2025 [1740199457869 msec] (44 s) Thread 35 - [NavMeshManager] INFO - Starting building navmesh for area: screenplay_tatooine_brigand_camp1 on planet: tatooine at: (x:1144, y:-3920, z:0)
Fri Feb 21 22:44:17 2025 [1740199457869 msec] (44 s) Thread 37 - [NavMeshManager] INFO - Starting building navmesh for area: screenplay_tatooine_brigand_camp2 on planet: tatooine at: (x:1002, y:-3019, z:0)
Fri Feb 21 22:44:17 2025 [1740199457870 msec] (44 s) Thread 36 - [NavMeshManager] INFO - Starting building navmesh for area: screenplay_tatooine_brigand_leader_camp on planet: tatooine at: (x:1500, y:-2000, z:0)
Fri Feb 21 22:44:19 2025 [1740199459054 msec] (46 s) Thread 10 - [NavMeshManager] INFO - Done building and setting navmesh for area: screenplay_tatooine_brigand_leader_camp on planet: tatooine at: (x:1500, y:-2000, z:0)
Fri Feb 21 22:44:19 2025 [1740199459187 msec] (46 s) Thread 5 - [NavMeshManager] INFO - Done building and setting navmesh for area: screenplay_tatooine_brigand_camp2 on planet: tatooine at: (x:1002, y:-3019, z:0)
Fri Feb 21 22:44:22 2025 [1740199462051 msec] (49 s) Thread 10 - [NavMeshManager] INFO - Done building and setting navmesh for area: screenplay_tatooine_brigand_camp1 on planet: tatooine at: (x:1144, y:-3920, z:0)
Fri Feb 21 23:25:31 2025 [1740201931314 msec] (46 s) Thread 35 - [NavMeshManager] INFO - Starting building navmesh for area: screenplay_tatooine_brigand_camp1 on planet: tatooine at: (x:1144, y:-3920, z:0)
Fri Feb 21 23:25:31 2025 [1740201931315 msec] (46 s) Thread 37 - [NavMeshManager] INFO - Starting building navmesh for area: screenplay_tatooine_brigand_camp2 on planet: tatooine at: (x:1002, y:-3019, z:0)
Fri Feb 21 23:25:31 2025 [1740201931315 msec] (46 s) Thread 36 - [NavMeshManager] INFO - Starting building navmesh for area: screenplay_tatooine_brigand_leader_camp on planet: tatooine at: (x:1500, y:-2000, z:0)
Fri Feb 21 23:25:32 2025 [1740201932533 msec] (48 s) Thread 7 - [NavMeshManager] INFO - Done building and setting navmesh for area: screenplay_tatooine_brigand_leader_camp on planet: tatooine at: (x:1500, y:-2000, z:0)
Fri Feb 21 23:25:32 2025 [1740201932674 msec] (48 s) Thread 9 - [NavMeshManager] INFO - Done building and setting navmesh for area: screenplay_tatooine_brigand_camp2 on planet: tatooine at: (x:1002, y:-3019, z:0)
Fri Feb 21 23:25:35 2025 [1740201935730 msec] (51 s) Thread 5 - [NavMeshManager] INFO - Done building and setting navmesh for area: screenplay_tatooine_brigand_camp1 on planet: tatooine at: (x:1144, y:-3920, z:0)
Fri Feb 21 23:49:07 2025 [1740203347588 msec] (39 s) Thread 37 - [NavMeshManager] INFO - Starting building navmesh for area: screenplay_tatooine_brigand_camp1 on planet: tatooine at: (x:1144, y:-3920, z:0)
Fri Feb 21 23:49:07 2025 [1740203347589 msec] (39 s) Thread 35 - [NavMeshManager] INFO - Starting building navmesh for area: screenplay_tatooine_brigand_camp2 on planet: tatooine at: (x:1002, y:-3019, z:0)
Fri Feb 21 23:49:07 2025 [1740203347589 msec] (39 s) Thread 36 - [NavMeshManager] INFO - Starting building navmesh for area: screenplay_tatooine_brigand_leader_camp on planet: tatooine at: (x:1500, y:-2000, z:0)
Fri Feb 21 23:49:08 2025 [1740203348772 msec] (41 s) Thread 6 - [NavMeshManager] INFO - Done building and setting navmesh for area: screenplay_tatooine_brigand_leader_camp on planet: tatooine at: (x:1500, y:-2000, z:0)
Fri Feb 21 23:49:08 2025 [1740203348900 msec] (41 s) Thread 7 - [NavMeshManager] INFO - Done building and setting navmesh for area: screenplay_tatooine_brigand_camp2 on planet: tatooine at: (x:1002, y:-3019, z:0)
Fri Feb 21 23:49:11 2025 [1740203351822 msec] (44 s) Thread 6 - [NavMeshManager] INFO - Done building and setting navmesh for area: screenplay_tatooine_brigand_camp1 on planet: tatooine at: (x:1144, y:-3920, z:0)
Sat Feb 22 00:35:08 2025 [1740206108326 msec] (47 s) Thread 35 - [NavMeshManager] INFO - Starting building navmesh for area: screenplay_tatooine_brigand_camp1 on planet: tatooine at: (x:1144, y:-3920, z:0)
Sat Feb 22 00:35:08 2025 [1740206108327 msec] (47 s) Thread 36 - [NavMeshManager] INFO - Starting building navmesh for area: screenplay_tatooine_brigand_camp2 on planet: tatooine at: (x:1002, y:-3019, z:0)
Sat Feb 22 00:35:08 2025 [1740206108327 msec] (47 s) Thread 37 - [NavMeshManager] INFO - Starting building navmesh for area: screenplay_tatooine_brigand_leader_camp on planet: tatooine at: (x:1500, y:-2000, z:0)
Sat Feb 22 00:35:09 2025 [1740206109570 msec] (48 s) Thread 3 - [NavMeshManager] INFO - Done building and setting navmesh for area: screenplay_tatooine_brigand_leader_camp on planet: tatooine at: (x:1500, y:-2000, z:0)
Sat Feb 22 00:35:09 2025 [1740206109703 msec] (48 s) Thread 4 - [NavMeshManager] INFO - Done building and setting navmesh for area: screenplay_tatooine_brigand_camp2 on planet: tatooine at: (x:1002, y:-3019, z:0)
Sat Feb 22 00:35:12 2025 [1740206112635 msec] (51 s) Thread 9 - [NavMeshManager] INFO - Done building and setting navmesh for area: screenplay_tatooine_brigand_camp1 on planet: tatooine at: (x:1144, y:-3920, z:0)
Sat Feb 22 00:45:25 2025 [1740206725231 msec] (39 s) Thread 35 - [NavMeshManager] INFO - Starting building navmesh for area: screenplay_tatooine_brigand_camp1 on planet: tatooine at: (x:1144, y:-3920, z:0)
Sat Feb 22 00:45:25 2025 [1740206725231 msec] (39 s) Thread 36 - [NavMeshManager] INFO - Starting building navmesh for area: screenplay_tatooine_brigand_camp2 on planet: tatooine at: (x:1002, y:-3019, z:0)
Sat Feb 22 00:45:25 2025 [1740206725232 msec] (39 s) Thread 37 - [NavMeshManager] INFO - Starting building navmesh for area: screenplay_tatooine_brigand_leader_camp on planet: tatooine at: (x:1500, y:-2000, z:0)
Sat Feb 22 00:45:26 2025 [1740206726432 msec] (40 s) Thread 5 - [NavMeshManager] INFO - Done building and setting navmesh for area: screenplay_tatooine_brigand_leader_camp on planet: tatooine at: (x:1500, y:-2000, z:0)
Sat Feb 22 00:45:26 2025 [1740206726551 msec] (41 s) Thread 6 - [NavMeshManager] INFO - Done building and setting navmesh for area: screenplay_tatooine_brigand_camp2 on planet: tatooine at: (x:1002, y:-3019, z:0)
Sat Feb 22 00:45:29 2025 [1740206729424 msec] (43 s) Thread 3 - [NavMeshManager] INFO - Done building and setting navmesh for area: screenplay_tatooine_brigand_camp1 on planet: tatooine at: (x:1144, y:-3920, z:0)
Sat Feb 22 00:48:49 2025 [1740206929508 msec] (39 s) Thread 37 - [NavMeshManager] INFO - Starting building navmesh for area: screenplay_tatooine_brigand_camp1 on planet: tatooine at: (x:1144, y:-3920, z:0)
Sat Feb 22 00:48:49 2025 [1740206929508 msec] (39 s) Thread 35 - [NavMeshManager] INFO - Starting building navmesh for area: screenplay_tatooine_brigand_camp2 on planet: tatooine at: (x:1002, y:-3019, z:0)
Sat Feb 22 00:48:49 2025 [1740206929508 msec] (39 s) Thread 36 - [NavMeshManager] INFO - Starting building navmesh for area: screenplay_tatooine_brigand_leader_camp on planet: tatooine at: (x:1500, y:-2000, z:0)
Sat Feb 22 00:48:50 2025 [1740206930711 msec] (40 s) Thread 7 - [NavMeshManager] INFO - Done building and setting navmesh for area: screenplay_tatooine_brigand_leader_camp on planet: tatooine at: (x:1500, y:-2000, z:0)
Sat Feb 22 00:48:50 2025 [1740206930824 msec] (41 s) Thread 8 - [NavMeshManager] INFO - Done building and setting navmesh for area: screenplay_tatooine_brigand_camp2 on planet: tatooine at: (x:1002, y:-3019, z:0)
Sat Feb 22 00:48:53 2025 [1740206933689 msec] (43 s) Thread 9 - [NavMeshManager] INFO - Done building and setting navmesh for area: screenplay_tatooine_brigand_camp1 on planet: tatooine at: (x:1144, y:-3920, z:0)
Sat Feb 22 02:46:51 2025 [1740214011336 msec] (48 s) Thread 36 - [NavMeshManager] INFO - Starting building navmesh for area: screenplay_tatooine_brigand_camp1 on planet: tatooine at: (x:1144, y:-3920, z:0)
Sat Feb 22 02:46:51 2025 [1740214011336 msec] (48 s) Thread 35 - [NavMeshManager] INFO - Starting building navmesh for area: screenplay_tatooine_brigand_camp2 on planet: tatooine at: (x:1002, y:-3019, z:0)
Sat Feb 22 02:46:51 2025 [1740214011337 msec] (48 s) Thread 37 - [NavMeshManager] INFO - Starting building navmesh for area: screenplay_tatooine_brigand_leader_camp on planet: tatooine at: (x:1500, y:-2000, z:0)
Sat Feb 22 02:46:52 2025 [1740214012532 msec] (49 s) Thread 10 - [NavMeshManager] INFO - Done building and setting navmesh for area: screenplay_tatooine_brigand_leader_camp on planet: tatooine at: (x:1500, y:-2000, z:0)
Sat Feb 22 02:46:52 2025 [1740214012660 msec] (50 s) Thread 10 - [NavMeshManager] INFO - Done building and setting navmesh for area: screenplay_tatooine_brigand_camp2 on planet: tatooine at: (x:1002, y:-3019, z:0)
Sat Feb 22 02:46:55 2025 [1740214015596 msec] (52 s) Thread 3 - [NavMeshManager] INFO - Done building and setting navmesh for area: screenplay_tatooine_brigand_camp1 on planet: tatooine at: (x:1144, y:-3920, z:0)
Sat Feb 22 03:08:28 2025 [1740215308618 msec] (42 s) Thread 35 - [NavMeshManager] INFO - Starting building navmesh for area: screenplay_tatooine_brigand_camp1 on planet: tatooine at: (x:1144, y:-3920, z:0)
Sat Feb 22 03:08:28 2025 [1740215308619 msec] (42 s) Thread 36 - [NavMeshManager] INFO - Starting building navmesh for area: screenplay_tatooine_brigand_camp2 on planet: tatooine at: (x:1002, y:-3019, z:0)
Sat Feb 22 03:08:28 2025 [1740215308619 msec] (42 s) Thread 37 - [NavMeshManager] INFO - Starting building navmesh for area: screenplay_tatooine_brigand_leader_camp on planet: tatooine at: (x:1500, y:-2000, z:0)
Sat Feb 22 03:08:29 2025 [1740215309872 msec] (43 s) Thread 4 - [NavMeshManager] INFO - Done building and setting navmesh for area: screenplay_tatooine_brigand_leader_camp on planet: tatooine at: (x:1500, y:-2000, z:0)
Sat Feb 22 03:08:30 2025 [1740215310013 msec] (43 s) Thread 5 - [NavMeshManager] INFO - Done building and setting navmesh for area: screenplay_tatooine_brigand_camp2 on planet: tatooine at: (x:1002, y:-3019, z:0)
Sat Feb 22 03:08:32 2025 [1740215312996 msec] (46 s) Thread 3 - [NavMeshManager] INFO - Done building and setting navmesh for area: screenplay_tatooine_brigand_camp1 on planet: tatooine at: (x:1144, y:-3920, z:0)
Tue Feb 25 16:53:56 2025 [1740524036013 msec] (52 s) Thread 36 - [NavMeshManager] INFO - Starting building navmesh for area: screenplay_tatooine_brigand_camp1 on planet: tatooine at: (x:1144, y:-3920, z:0)
Tue Feb 25 16:53:56 2025 [1740524036014 msec] (52 s) Thread 35 - [NavMeshManager] INFO - Starting building navmesh for area: screenplay_tatooine_brigand_camp2 on planet: tatooine at: (x:1002, y:-3019, z:0)
Tue Feb 25 16:53:56 2025 [1740524036014 msec] (52 s) Thread 37 - [NavMeshManager] INFO - Starting building navmesh for area: screenplay_tatooine_brigand_leader_camp on planet: tatooine at: (x:1500, y:-2000, z:0)
Tue Feb 25 16:53:57 2025 [1740524037293 msec] (53 s) Thread 10 - [NavMeshManager] INFO - Done building and setting navmesh for area: screenplay_tatooine_brigand_leader_camp on planet: tatooine at: (x:1500, y:-2000, z:0)
Tue Feb 25 16:53:57 2025 [1740524037422 msec] (53 s) Thread 4 - [NavMeshManager] INFO - Done building and setting navmesh for area: screenplay_tatooine_brigand_camp2 on planet: tatooine at: (x:1002, y:-3019, z:0)
Tue Feb 25 16:54:00 2025 [1740524040451 msec] (56 s) Thread 4 - [NavMeshManager] INFO - Done building and setting navmesh for area: screenplay_tatooine_brigand_camp1 on planet: tatooine at: (x:1144, y:-3920, z:0)
Tue Feb 25 17:17:34 2025 [1740525454250 msec] (43 s) Thread 36 - [NavMeshManager] INFO - Starting building navmesh for area: screenplay_tatooine_brigand_camp2 on planet: tatooine at: (x:1002, y:-3019, z:0)
Tue Feb 25 17:17:34 2025 [1740525454250 msec] (43 s) Thread 37 - [NavMeshManager] INFO - Starting building navmesh for area: screenplay_tatooine_brigand_camp1 on planet: tatooine at: (x:1144, y:-3920, z:0)
Tue Feb 25 17:17:34 2025 [1740525454251 msec] (43 s) Thread 35 - [NavMeshManager] INFO - Starting building navmesh for area: screenplay_tatooine_brigand_leader_camp on planet: tatooine at: (x:1500, y:-2000, z:0)
Tue Feb 25 17:17:35 2025 [1740525455785 msec] (45 s) Thread 9 - [NavMeshManager] INFO - Done building and setting navmesh for area: screenplay_tatooine_brigand_leader_camp on planet: tatooine at: (x:1500, y:-2000, z:0)
Tue Feb 25 17:17:36 2025 [1740525456097 msec] (45 s) Thread 8 - [NavMeshManager] INFO - Done building and setting navmesh for area: screenplay_tatooine_brigand_camp2 on planet: tatooine at: (x:1002, y:-3019, z:0)
Tue Feb 25 17:17:39 2025 [1740525459268 msec] (48 s) Thread 4 - [NavMeshManager] INFO - Done building and setting navmesh for area: screenplay_tatooine_brigand_camp1 on planet: tatooine at: (x:1144, y:-3920, z:0)
Tue Feb 25 18:05:49 2025 [1740528349075 msec] (54 s) Thread 35 - [NavMeshManager] INFO - Starting building navmesh for area: screenplay_tatooine_brigand_camp1 on planet: tatooine at: (x:1144, y:-3920, z:0)
Tue Feb 25 18:05:49 2025 [1740528349075 msec] (54 s) Thread 36 - [NavMeshManager] INFO - Starting building navmesh for area: screenplay_tatooine_brigand_camp2 on planet: tatooine at: (x:1002, y:-3019, z:0)
Tue Feb 25 18:05:49 2025 [1740528349075 msec] (54 s) Thread 37 - [NavMeshManager] INFO - Starting building navmesh for area: screenplay_tatooine_brigand_leader_camp on planet: tatooine at: (x:1500, y:-2000, z:0)
Tue Feb 25 18:05:50 2025 [1740528350478 msec] (55 s) Thread 9 - [NavMeshManager] INFO - Done building and setting navmesh for area: screenplay_tatooine_brigand_leader_camp on planet: tatooine at: (x:1500, y:-2000, z:0)
Tue Feb 25 18:05:50 2025 [1740528350579 msec] (56 s) Thread 10 - [NavMeshManager] INFO - Done building and setting navmesh for area: screenplay_tatooine_brigand_camp2 on planet: tatooine at: (x:1002, y:-3019, z:0)
Tue Feb 25 18:05:53 2025 [1740528353505 msec] (58 s) Thread 3 - [NavMeshManager] INFO - Done building and setting navmesh for area: screenplay_tatooine_brigand_camp1 on planet: tatooine at: (x:1144, y:-3920, z:0)
Tue Feb 25 22:17:21 2025 [1740543441640 msec] (59 s) Thread 36 - [NavMeshManager] INFO - Starting building navmesh for area: screenplay_tatooine_brigand_camp1 on planet: tatooine at: (x:1144, y:-3920, z:0)
Tue Feb 25 22:17:21 2025 [1740543441640 msec] (59 s) Thread 37 - [NavMeshManager] INFO - Starting building navmesh for area: screenplay_tatooine_brigand_camp2 on planet: tatooine at: (x:1002, y:-3019, z:0)
Tue Feb 25 22:17:21 2025 [1740543441641 msec] (59 s) Thread 35 - [NavMeshManager] INFO - Starting building navmesh for area: screenplay_tatooine_brigand_leader_camp on planet: tatooine at: (x:1500, y:-2000, z:0)
Tue Feb 25 22:17:22 2025 [1740543442977 msec] (61 s) Thread 10 - [NavMeshManager] INFO - Done building and setting navmesh for area: screenplay_tatooine_brigand_leader_camp on planet: tatooine at: (x:1500, y:-2000, z:0)
Tue Feb 25 22:17:23 2025 [1740543443091 msec] (61 s) Thread 5 - [NavMeshManager] INFO - Done building and setting navmesh for area: screenplay_tatooine_brigand_camp2 on planet: tatooine at: (x:1002, y:-3019, z:0)
Tue Feb 25 22:17:26 2025 [1740543446323 msec] (64 s) Thread 7 - [NavMeshManager] INFO - Done building and setting navmesh for area: screenplay_tatooine_brigand_camp1 on planet: tatooine at: (x:1144, y:-3920, z:0)
Tue Feb 25 22:33:24 2025 [1740544404868 msec] (52 s) Thread 35 - [NavMeshManager] INFO - Starting building navmesh for area: screenplay_tatooine_brigand_camp1 on planet: tatooine at: (x:1144, y:-3920, z:0)
Tue Feb 25 22:33:24 2025 [1740544404868 msec] (52 s) Thread 36 - [NavMeshManager] INFO - Starting building navmesh for area: screenplay_tatooine_brigand_camp2 on planet: tatooine at: (x:1002, y:-3019, z:0)
Tue Feb 25 22:33:24 2025 [1740544404868 msec] (52 s) Thread 37 - [NavMeshManager] INFO - Starting building navmesh for area: screenplay_tatooine_brigand_leader_camp on planet: tatooine at: (x:1500, y:-2000, z:0)
Tue Feb 25 22:33:26 2025 [1740544406161 msec] (53 s) Thread 4 - [NavMeshManager] INFO - Done building and setting navmesh for area: screenplay_tatooine_brigand_leader_camp on planet: tatooine at: (x:1500, y:-2000, z:0)
Tue Feb 25 22:33:26 2025 [1740544406285 msec] (53 s) Thread 10 - [NavMeshManager] INFO - Done building and setting navmesh for area: screenplay_tatooine_brigand_camp2 on planet: tatooine at: (x:1002, y:-3019, z:0)
Tue Feb 25 22:33:29 2025 [1740544409369 msec] (56 s) Thread 9 - [NavMeshManager] INFO - Done building and setting navmesh for area: screenplay_tatooine_brigand_camp1 on planet: tatooine at: (x:1144, y:-3920, z:0)
Tue Feb 25 22:48:25 2025 [1740545305374 msec] (41 s) Thread 35 - [NavMeshManager] INFO - Starting building navmesh for area: screenplay_tatooine_brigand_camp1 on planet: tatooine at: (x:1144, y:-3920, z:0)
Tue Feb 25 22:48:25 2025 [1740545305374 msec] (41 s) Thread 36 - [NavMeshManager] INFO - Starting building navmesh for area: screenplay_tatooine_brigand_camp2 on planet: tatooine at: (x:1002, y:-3019, z:0)
Tue Feb 25 22:48:25 2025 [1740545305375 msec] (41 s) Thread 37 - [NavMeshManager] INFO - Starting building navmesh for area: screenplay_tatooine_brigand_leader_camp on planet: tatooine at: (x:1500, y:-2000, z:0)
Tue Feb 25 22:48:26 2025 [1740545306813 msec] (43 s) Thread 10 - [NavMeshManager] INFO - Done building and setting navmesh for area: screenplay_tatooine_brigand_leader_camp on planet: tatooine at: (x:1500, y:-2000, z:0)
Tue Feb 25 22:48:26 2025 [1740545306905 msec] (43 s) Thread 5 - [NavMeshManager] INFO - Done building and setting navmesh for area: screenplay_tatooine_brigand_camp2 on planet: tatooine at: (x:1002, y:-3019, z:0)
Tue Feb 25 22:48:30 2025 [1740545310072 msec] (46 s) Thread 5 - [NavMeshManager] INFO - Done building and setting navmesh for area: screenplay_tatooine_brigand_camp1 on planet: tatooine at: (x:1144, y:-3920, z:0)
Tue Feb 25 23:03:15 2025 [1740546195581 msec] (42 s) Thread 37 - [NavMeshManager] INFO - Starting building navmesh for area: screenplay_tatooine_brigand_camp1 on planet: tatooine at: (x:1144, y:-3920, z:0)
Tue Feb 25 23:03:15 2025 [1740546195584 msec] (42 s) Thread 35 - [NavMeshManager] INFO - Starting building navmesh for area: screenplay_tatooine_brigand_camp2 on planet: tatooine at: (x:1002, y:-3019, z:0)
Tue Feb 25 23:03:15 2025 [1740546195592 msec] (42 s) Thread 36 - [NavMeshManager] INFO - Starting building navmesh for area: screenplay_tatooine_brigand_leader_camp on planet: tatooine at: (x:1500, y:-2000, z:0)
Tue Feb 25 23:03:17 2025 [1740546197087 msec] (43 s) Thread 10 - [NavMeshManager] INFO - Done building and setting navmesh for area: screenplay_tatooine_brigand_camp2 on planet: tatooine at: (x:1002, y:-3019, z:0)
Tue Feb 25 23:03:17 2025 [1740546197208 msec] (44 s) Thread 9 - [NavMeshManager] INFO - Done building and setting navmesh for area: screenplay_tatooine_brigand_leader_camp on planet: tatooine at: (x:1500, y:-2000, z:0)
Tue Feb 25 23:03:20 2025 [1740546200178 msec] (46 s) Thread 4 - [NavMeshManager] INFO - Done building and setting navmesh for area: screenplay_tatooine_brigand_camp1 on planet: tatooine at: (x:1144, y:-3920, z:0)
Tue Feb 25 23:14:15 2025 [1740546855957 msec] (42 s) Thread 37 - [NavMeshManager] INFO - Starting building navmesh for area: screenplay_tatooine_brigand_camp1 on planet: tatooine at: (x:1144, y:-3920, z:0)
Tue Feb 25 23:14:15 2025 [1740546855958 msec] (42 s) Thread 35 - [NavMeshManager] INFO - Starting building navmesh for area: screenplay_tatooine_brigand_camp2 on planet: tatooine at: (x:1002, y:-3019, z:0)
Tue Feb 25 23:14:15 2025 [1740546855958 msec] (42 s) Thread 36 - [NavMeshManager] INFO - Starting building navmesh for area: screenplay_tatooine_brigand_leader_camp on planet: tatooine at: (x:1500, y:-2000, z:0)
Tue Feb 25 23:14:17 2025 [1740546857262 msec] (43 s) Thread 5 - [NavMeshManager] INFO - Done building and setting navmesh for area: screenplay_tatooine_brigand_leader_camp on planet: tatooine at: (x:1500, y:-2000, z:0)
Tue Feb 25 23:14:17 2025 [1740546857435 msec] (43 s) Thread 6 - [NavMeshManager] INFO - Done building and setting navmesh for area: screenplay_tatooine_brigand_camp2 on planet: tatooine at: (x:1002, y:-3019, z:0)
Tue Feb 25 23:14:20 2025 [1740546860608 msec] (47 s) Thread 7 - [NavMeshManager] INFO - Done building and setting navmesh for area: screenplay_tatooine_brigand_camp1 on planet: tatooine at: (x:1144, y:-3920, z:0)
Tue Feb 25 23:26:05 2025 [1740547565244 msec] (49 s) Thread 36 - [NavMeshManager] INFO - Starting building navmesh for area: screenplay_tatooine_brigand_camp1 on planet: tatooine at: (x:1144, y:-3920, z:0)
Tue Feb 25 23:26:05 2025 [1740547565244 msec] (49 s) Thread 35 - [NavMeshManager] INFO - Starting building navmesh for area: screenplay_tatooine_brigand_camp2 on planet: tatooine at: (x:1002, y:-3019, z:0)
Tue Feb 25 23:26:05 2025 [1740547565244 msec] (49 s) Thread 37 - [NavMeshManager] INFO - Starting building navmesh for area: screenplay_tatooine_brigand_leader_camp on planet: tatooine at: (x:1500, y:-2000, z:0)
Tue Feb 25 23:26:06 2025 [1740547566488 msec] (51 s) Thread 7 - [NavMeshManager] INFO - Done building and setting navmesh for area: screenplay_tatooine_brigand_leader_camp on planet: tatooine at: (x:1500, y:-2000, z:0)
Tue Feb 25 23:26:06 2025 [1740547566712 msec] (51 s) Thread 3 - [NavMeshManager] INFO - Done building and setting navmesh for area: screenplay_tatooine_brigand_camp2 on planet: tatooine at: (x:1002, y:-3019, z:0)
Tue Feb 25 23:26:09 2025 [1740547569681 msec] (54 s) Thread 3 - [NavMeshManager] INFO - Done building and setting navmesh for area: screenplay_tatooine_brigand_camp1 on planet: tatooine at: (x:1144, y:-3920, z:0)
Tue Feb 25 23:46:09 2025 [1740548769154 msec] (44 s) Thread 37 - [NavMeshManager] INFO - Starting building navmesh for area: screenplay_tatooine_brigand_camp1 on planet: tatooine at: (x:1144, y:-3920, z:0)
Tue Feb 25 23:46:09 2025 [1740548769154 msec] (44 s) Thread 35 - [NavMeshManager] INFO - Starting building navmesh for area: screenplay_tatooine_brigand_camp2 on planet: tatooine at: (x:1002, y:-3019, z:0)
Tue Feb 25 23:46:09 2025 [1740548769155 msec] (44 s) Thread 36 - [NavMeshManager] INFO - Starting building navmesh for area: screenplay_tatooine_brigand_leader_camp on planet: tatooine at: (x:1500, y:-2000, z:0)
Tue Feb 25 23:46:10 2025 [1740548770644 msec] (45 s) Thread 6 - [NavMeshManager] INFO - Done building and setting navmesh for area: screenplay_tatooine_brigand_leader_camp on planet: tatooine at: (x:1500, y:-2000, z:0)
Tue Feb 25 23:46:11 2025 [1740548771294 msec] (46 s) Thread 4 - [NavMeshManager] INFO - Done building and setting navmesh for area: screenplay_tatooine_brigand_camp2 on planet: tatooine at: (x:1002, y:-3019, z:0)
Tue Feb 25 23:46:13 2025 [1740548773943 msec] (48 s) Thread 3 - [NavMeshManager] INFO - Done building and setting navmesh for area: screenplay_tatooine_brigand_camp1 on planet: tatooine at: (x:1144, y:-3920, z:0)
Tue Feb 25 23:59:33 2025 [1740549573960 msec] (43 s) Thread 37 - [NavMeshManager] INFO - Starting building navmesh for area: screenplay_tatooine_brigand_camp1 on planet: tatooine at: (x:1144, y:-3920, z:0)
Tue Feb 25 23:59:33 2025 [1740549573961 msec] (43 s) Thread 36 - [NavMeshManager] INFO - Starting building navmesh for area: screenplay_tatooine_brigand_camp2 on planet: tatooine at: (x:1002, y:-3019, z:0)
Tue Feb 25 23:59:33 2025 [1740549573961 msec] (43 s) Thread 35 - [NavMeshManager] INFO - Starting building navmesh for area: screenplay_tatooine_brigand_leader_camp on planet: tatooine at: (x:1500, y:-2000, z:0)
Tue Feb 25 23:59:35 2025 [1740549575404 msec] (45 s) Thread 3 - [NavMeshManager] INFO - Done building and setting navmesh for area: screenplay_tatooine_brigand_camp2 on planet: tatooine at: (x:1002, y:-3019, z:0)
Tue Feb 25 23:59:35 2025 [1740549575417 msec] (45 s) Thread 4 - [NavMeshManager] INFO - Done building and setting navmesh for area: screenplay_tatooine_brigand_leader_camp on planet: tatooine at: (x:1500, y:-2000, z:0)
Tue Feb 25 23:59:38 2025 [1740549578406 msec] (48 s) Thread 7 - [NavMeshManager] INFO - Done building and setting navmesh for area: screenplay_tatooine_brigand_camp1 on planet: tatooine at: (x:1144, y:-3920, z:0)
Wed Feb 26 00:11:23 2025 [1740550283116 msec] (42 s) Thread 35 - [NavMeshManager] INFO - Starting building navmesh for area: screenplay_tatooine_brigand_camp1 on planet: tatooine at: (x:1144, y:-3920, z:0)
Wed Feb 26 00:11:23 2025 [1740550283116 msec] (42 s) Thread 36 - [NavMeshManager] INFO - Starting building navmesh for area: screenplay_tatooine_brigand_camp2 on planet: tatooine at: (x:1002, y:-3019, z:0)
Wed Feb 26 00:11:23 2025 [1740550283117 msec] (42 s) Thread 37 - [NavMeshManager] INFO - Starting building navmesh for area: screenplay_tatooine_brigand_leader_camp on planet: tatooine at: (x:1500, y:-2000, z:0)
Wed Feb 26 00:11:24 2025 [1740550284420 msec] (44 s) Thread 7 - [NavMeshManager] INFO - Done building and setting navmesh for area: screenplay_tatooine_brigand_leader_camp on planet: tatooine at: (x:1500, y:-2000, z:0)
Wed Feb 26 00:11:24 2025 [1740550284544 msec] (44 s) Thread 9 - [NavMeshManager] INFO - Done building and setting navmesh for area: screenplay_tatooine_brigand_camp2 on planet: tatooine at: (x:1002, y:-3019, z:0)
Wed Feb 26 00:11:28 2025 [1740550288058 msec] (47 s) Thread 5 - [NavMeshManager] INFO - Done building and setting navmesh for area: screenplay_tatooine_brigand_camp1 on planet: tatooine at: (x:1144, y:-3920, z:0)
Wed Feb 26 00:50:50 2025 [1740552650691 msec] (54 s) Thread 36 - [NavMeshManager] INFO - Starting building navmesh for area: screenplay_tatooine_brigand_camp1 on planet: tatooine at: (x:1144, y:-3920, z:0)
Wed Feb 26 00:50:50 2025 [1740552650691 msec] (54 s) Thread 35 - [NavMeshManager] INFO - Starting building navmesh for area: screenplay_tatooine_brigand_camp2 on planet: tatooine at: (x:1002, y:-3019, z:0)
Wed Feb 26 00:50:50 2025 [1740552650691 msec] (54 s) Thread 37 - [NavMeshManager] INFO - Starting building navmesh for area: screenplay_tatooine_brigand_leader_camp on planet: tatooine at: (x:1500, y:-2000, z:0)
Wed Feb 26 00:50:52 2025 [1740552652136 msec] (55 s) Thread 7 - [NavMeshManager] INFO - Done building and setting navmesh for area: screenplay_tatooine_brigand_leader_camp on planet: tatooine at: (x:1500, y:-2000, z:0)
Wed Feb 26 00:50:52 2025 [1740552652184 msec] (56 s) Thread 8 - [NavMeshManager] INFO - Done building and setting navmesh for area: screenplay_tatooine_brigand_camp2 on planet: tatooine at: (x:1002, y:-3019, z:0)
Wed Feb 26 00:50:55 2025 [1740552655310 msec] (59 s) Thread 7 - [NavMeshManager] INFO - Done building and setting navmesh for area: screenplay_tatooine_brigand_camp1 on planet: tatooine at: (x:1144, y:-3920, z:0)
Wed Feb 26 02:15:31 2025 [1740557731738 msec] (52 s) Thread 35 - [NavMeshManager] INFO - Starting building navmesh for area: screenplay_tatooine_brigand_camp1 on planet: tatooine at: (x:1144, y:-3920, z:0)
Wed Feb 26 02:15:31 2025 [1740557731739 msec] (52 s) Thread 37 - [NavMeshManager] INFO - Starting building navmesh for area: screenplay_tatooine_brigand_camp2 on planet: tatooine at: (x:1002, y:-3019, z:0)
Wed Feb 26 02:15:31 2025 [1740557731739 msec] (52 s) Thread 36 - [NavMeshManager] INFO - Starting building navmesh for area: screenplay_tatooine_brigand_leader_camp on planet: tatooine at: (x:1500, y:-2000, z:0)
Wed Feb 26 02:15:33 2025 [1740557733030 msec] (54 s) Thread 5 - [NavMeshManager] INFO - Done building and setting navmesh for area: screenplay_tatooine_brigand_leader_camp on planet: tatooine at: (x:1500, y:-2000, z:0)
Wed Feb 26 02:15:33 2025 [1740557733167 msec] (54 s) Thread 6 - [NavMeshManager] INFO - Done building and setting navmesh for area: screenplay_tatooine_brigand_camp2 on planet: tatooine at: (x:1002, y:-3019, z:0)
Wed Feb 26 02:15:36 2025 [1740557736421 msec] (57 s) Thread 4 - [NavMeshManager] INFO - Done building and setting navmesh for area: screenplay_tatooine_brigand_camp1 on planet: tatooine at: (x:1144, y:-3920, z:0)
Wed Feb 26 02:57:27 2025 [1740560247954 msec] (55 s) Thread 35 - [NavMeshManager] INFO - Starting building navmesh for area: screenplay_tatooine_brigand_camp1 on planet: tatooine at: (x:1144, y:-3920, z:0)
Wed Feb 26 02:57:27 2025 [1740560247954 msec] (55 s) Thread 36 - [NavMeshManager] INFO - Starting building navmesh for area: screenplay_tatooine_brigand_camp2 on planet: tatooine at: (x:1002, y:-3019, z:0)
Wed Feb 26 02:57:27 2025 [1740560247955 msec] (55 s) Thread 37 - [NavMeshManager] INFO - Starting building navmesh for area: screenplay_tatooine_brigand_leader_camp on planet: tatooine at: (x:1500, y:-2000, z:0)
Wed Feb 26 02:57:29 2025 [1740560249209 msec] (56 s) Thread 5 - [NavMeshManager] INFO - Done building and setting navmesh for area: screenplay_tatooine_brigand_leader_camp on planet: tatooine at: (x:1500, y:-2000, z:0)
Wed Feb 26 02:57:29 2025 [1740560249385 msec] (56 s) Thread 7 - [NavMeshManager] INFO - Done building and setting navmesh for area: screenplay_tatooine_brigand_camp2 on planet: tatooine at: (x:1002, y:-3019, z:0)
Wed Feb 26 02:57:32 2025 [1740560252586 msec] (59 s) Thread 9 - [NavMeshManager] INFO - Done building and setting navmesh for area: screenplay_tatooine_brigand_camp1 on planet: tatooine at: (x:1144, y:-3920, z:0)
Wed Feb 26 03:56:57 2025 [1740563817654 msec] (54 s) Thread 35 - [NavMeshManager] INFO - Starting building navmesh for area: screenplay_tatooine_brigand_camp1 on planet: tatooine at: (x:1144, y:-3920, z:0)
Wed Feb 26 03:56:57 2025 [1740563817655 msec] (54 s) Thread 37 - [NavMeshManager] INFO - Starting building navmesh for area: screenplay_tatooine_brigand_camp2 on planet: tatooine at: (x:1002, y:-3019, z:0)
Wed Feb 26 03:56:57 2025 [1740563817655 msec] (54 s) Thread 36 - [NavMeshManager] INFO - Starting building navmesh for area: screenplay_tatooine_brigand_leader_camp on planet: tatooine at: (x:1500, y:-2000, z:0)
Wed Feb 26 03:56:58 2025 [1740563818960 msec] (55 s) Thread 9 - [NavMeshManager] INFO - Done building and setting navmesh for area: screenplay_tatooine_brigand_leader_camp on planet: tatooine at: (x:1500, y:-2000, z:0)
Wed Feb 26 03:56:59 2025 [1740563819033 msec] (55 s) Thread 3 - [NavMeshManager] INFO - Done building and setting navmesh for area: screenplay_tatooine_brigand_camp2 on planet: tatooine at: (x:1002, y:-3019, z:0)
Wed Feb 26 03:57:02 2025 [1740563822089 msec] (58 s) Thread 3 - [NavMeshManager] INFO - Done building and setting navmesh for area: screenplay_tatooine_brigand_camp1 on planet: tatooine at: (x:1144, y:-3920, z:0)
Wed Feb 26 06:59:23 2025 [1740574763184 msec] (128 s) Thread 36 - [NavMeshManager] INFO - Starting building navmesh for area: screenplay_tatooine_brigand_camp1 on planet: tatooine at: (x:1144, y:-3920, z:0)
Wed Feb 26 06:59:23 2025 [1740574763184 msec] (128 s) Thread 35 - [NavMeshManager] INFO - Starting building navmesh for area: screenplay_tatooine_brigand_leader_camp on planet: tatooine at: (x:1500, y:-2000, z:0)
Wed Feb 26 06:59:23 2025 [1740574763184 msec] (128 s) Thread 37 - [NavMeshManager] INFO - Starting building navmesh for area: screenplay_tatooine_brigand_camp2 on planet: tatooine at: (x:1002, y:-3019, z:0)
Wed Feb 26 06:59:24 2025 [1740574764594 msec] (130 s) Thread 3 - [NavMeshManager] INFO - Done building and setting navmesh for area: screenplay_tatooine_brigand_leader_camp on planet: tatooine at: (x:1500, y:-2000, z:0)
Wed Feb 26 06:59:24 2025 [1740574764873 msec] (130 s) Thread 3 - [NavMeshManager] INFO - Done building and setting navmesh for area: screenplay_tatooine_brigand_camp2 on planet: tatooine at: (x:1002, y:-3019, z:0)
Wed Feb 26 06:59:27 2025 [1740574767891 msec] (133 s) Thread 8 - [NavMeshManager] INFO - Done building and setting navmesh for area: screenplay_tatooine_brigand_camp1 on planet: tatooine at: (x:1144, y:-3920, z:0)
Wed Feb 26 09:32:43 2025 [1740583963076 msec] (9328 s) Thread 37 - [NavMeshManager] INFO - Starting building navmesh for area: tatooine_city_mos mystic_player on planet: tatooine at: (x:6452.08, y:3555.92, z:0)
Wed Feb 26 09:32:48 2025 [1740583968533 msec] (9334 s) Thread 3 - [NavMeshManager] INFO - Done building and setting navmesh for area: tatooine_city_mos mystic_player on planet: tatooine at: (x:6452.08, y:3555.92, z:0)
Wed Feb 26 09:38:02 2025 [1740584282306 msec] (9647 s) Thread 36 - [NavMeshManager] INFO - Starting building navmesh for area: tatooine_city_mos mystic_player on planet: tatooine at: (x:6452.08, y:3555.92, z:0)
Wed Feb 26 09:38:08 2025 [1740584288590 msec] (9654 s) Thread 5 - [NavMeshManager] INFO - Done building and setting navmesh for area: tatooine_city_mos mystic_player on planet: tatooine at: (x:6452.08, y:3555.92, z:0)
Wed Feb 26 09:40:14 2025 [1740584414278 msec] (9779 s) Thread 37 - [NavMeshManager] INFO - Starting building navmesh for area: tatooine_city_mos mystic_player on planet: tatooine at: (x:6452.08, y:3555.92, z:0)
Wed Feb 26 09:40:19 2025 [1740584419850 msec] (9785 s) Thread 9 - [NavMeshManager] INFO - Done building and setting navmesh for area: tatooine_city_mos mystic_player on planet: tatooine at: (x:6452.08, y:3555.92, z:0)
Wed Feb 26 09:45:23 2025 [1740584723098 msec] (10088 s) Thread 36 - [NavMeshManager] INFO - Starting building navmesh for area: tatooine_city_mos mystic_player on planet: tatooine at: (x:6452.08, y:3555.92, z:0)
Wed Feb 26 09:45:28 2025 [1740584728672 msec] (10094 s) Thread 5 - [NavMeshManager] INFO - Done building and setting navmesh for area: tatooine_city_mos mystic_player on planet: tatooine at: (x:6452.08, y:3555.92, z:0)
Wed Feb 26 09:59:37 2025 [1740585577089 msec] (10942 s) Thread 37 - [NavMeshManager] INFO - Starting building navmesh for area: tatooine_city_mos mystic_player on planet: tatooine at: (x:6452.08, y:3555.92, z:0)
Wed Feb 26 09:59:42 2025 [1740585582980 msec] (10948 s) Thread 10 - [NavMeshManager] INFO - Done building and setting navmesh for area: tatooine_city_mos mystic_player on planet: tatooine at: (x:6452.08, y:3555.92, z:0)
Wed Feb 26 10:04:54 2025 [1740585894711 msec] (11260 s) Thread 36 - [NavMeshManager] INFO - Starting building navmesh for area: tatooine_city_mos mystic_player on planet: tatooine at: (x:6452.08, y:3555.92, z:0)
Wed Feb 26 10:05:00 2025 [1740585900898 msec] (11266 s) Thread 5 - [NavMeshManager] INFO - Done building and setting navmesh for area: tatooine_city_mos mystic_player on planet: tatooine at: (x:6452.08, y:3555.92, z:0)
Wed Feb 26 10:12:44 2025 [1740586364636 msec] (122 s) Thread 36 - [NavMeshManager] INFO - Starting building navmesh for area: screenplay_tatooine_brigand_camp1 on planet: tatooine at: (x:1144, y:-3920, z:0)
Wed Feb 26 10:12:44 2025 [1740586364637 msec] (122 s) Thread 35 - [NavMeshManager] INFO - Starting building navmesh for area: screenplay_tatooine_brigand_camp2 on planet: tatooine at: (x:1002, y:-3019, z:0)
Wed Feb 26 10:12:44 2025 [1740586364638 msec] (122 s) Thread 37 - [NavMeshManager] INFO - Starting building navmesh for area: screenplay_tatooine_brigand_leader_camp on planet: tatooine at: (x:1500, y:-2000, z:0)
Wed Feb 26 10:12:46 2025 [1740586366014 msec] (123 s) Thread 3 - [NavMeshManager] INFO - Done building and setting navmesh for area: screenplay_tatooine_brigand_leader_camp on planet: tatooine at: (x:1500, y:-2000, z:0)
Wed Feb 26 10:12:46 2025 [1740586366161 msec] (123 s) Thread 10 - [NavMeshManager] INFO - Done building and setting navmesh for area: screenplay_tatooine_brigand_camp2 on planet: tatooine at: (x:1002, y:-3019, z:0)
Wed Feb 26 10:12:49 2025 [1740586369269 msec] (127 s) Thread 7 - [NavMeshManager] INFO - Done building and setting navmesh for area: screenplay_tatooine_brigand_camp1 on planet: tatooine at: (x:1144, y:-3920, z:0)
Wed Feb 26 10:28:28 2025 [1740587308396 msec] (1066 s) Thread 35 - [NavMeshManager] INFO - Starting building navmesh for area: tatooine_city_mos mystic_player on planet: tatooine at: (x:6452.08, y:3555.92, z:0)
Wed Feb 26 10:28:34 2025 [1740587314163 msec] (1071 s) Thread 5 - [NavMeshManager] INFO - Done building and setting navmesh for area: tatooine_city_mos mystic_player on planet: tatooine at: (x:6452.08, y:3555.92, z:0)
Wed Feb 26 10:41:52 2025 [1740588112356 msec] (1870 s) Thread 36 - [NavMeshManager] INFO - Starting building navmesh for area: tatooine_city_mos mystic_player on planet: tatooine at: (x:6452.08, y:3555.92, z:0)
Wed Feb 26 10:41:58 2025 [1740588118111 msec] (1875 s) Thread 8 - [NavMeshManager] INFO - Done building and setting navmesh for area: tatooine_city_mos mystic_player on planet: tatooine at: (x:6452.08, y:3555.92, z:0)
